{"/home/whoami/Documents/Kuvera/kuvera-app/app.config.js": {"path":"/home/whoami/Documents/Kuvera/kuvera-app/app.config.js","statementMap":{},"fnMap":{},"branchMap":{},"s":{},"f":{},"b":{}}
,"/home/whoami/Documents/Kuvera/kuvera-app/eslint.config.js": {"path":"/home/whoami/Documents/Kuvera/kuvera-app/eslint.config.js","statementMap":{"0":{"start":{"line":2,"column":25},"end":{"line":2,"column":49}},"1":{"start":{"line":3,"column":19},"end":{"line":3,"column":53}},"2":{"start":{"line":5,"column":0},"end":{"line":10,"column":3}}},"fnMap":{},"branchMap":{},"s":{"0":0,"1":0,"2":0},"f":{},"b":{}}
,"/home/whoami/Documents/Kuvera/kuvera-app/app/_layout.tsx": {"path":"/home/whoami/Documents/Kuvera/kuvera-app/app/_layout.tsx","statementMap":{"0":{"start":{"line":13,"column":22},"end":{"line":13,"column":38}},"1":{"start":{"line":14,"column":26},"end":{"line":23,"column":4}},"2":{"start":{"line":25,"column":2},"end":{"line":29,"column":22}},"3":{"start":{"line":26,"column":4},"end":{"line":28,"column":5}},"4":{"start":{"line":27,"column":6},"end":{"line":27,"column":31}},"5":{"start":{"line":31,"column":2},"end":{"line":33,"column":3}},"6":{"start":{"line":32,"column":4},"end":{"line":32,"column":16}},"7":{"start":{"line":35,"column":2},"end":{"line":47,"column":4}}},"fnMap":{"0":{"name":"RootLayout","decl":{"start":{"line":12,"column":24},"end":{"line":12,"column":34}},"loc":{"start":{"line":12,"column":37},"end":{"line":48,"column":1}},"line":12},"1":{"name":"(anonymous_1)","decl":{"start":{"line":25,"column":12},"end":{"line":25,"column":13}},"loc":{"start":{"line":25,"column":18},"end":{"line":29,"column":3}},"line":25}},"branchMap":{"0":{"loc":{"start":{"line":26,"column":4},"end":{"line":28,"column":5}},"type":"if","locations":[{"start":{"line":26,"column":4},"end":{"line":28,"column":5}},{"start":{},"end":{}}],"line":26},"1":{"loc":{"start":{"line":26,"column":8},"end":{"line":26,"column":23}},"type":"binary-expr","locations":[{"start":{"line":26,"column":8},"end":{"line":26,"column":14}},{"start":{"line":26,"column":18},"end":{"line":26,"column":23}}],"line":26},"2":{"loc":{"start":{"line":31,"column":2},"end":{"line":33,"column":3}},"type":"if","locations":[{"start":{"line":31,"column":2},"end":{"line":33,"column":3}},{"start":{},"end":{}}],"line":31},"3":{"loc":{"start":{"line":31,"column":6},"end":{"line":31,"column":23}},"type":"binary-expr","locations":[{"start":{"line":31,"column":6},"end":{"line":31,"column":13}},{"start":{"line":31,"column":17},"end":{"line":31,"column":23}}],"line":31},"4":{"loc":{"start":{"line":36,"column":26},"end":{"line":36,"column":75}},"type":"cond-expr","locations":[{"start":{"line":36,"column":51},"end":{"line":36,"column":60}},{"start":{"line":36,"column":63},"end":{"line":36,"column":75}}],"line":36}},"s":{"0":0,"1":0,"2":0,"3":0,"4":0,"5":0,"6":0,"7":0},"f":{"0":0,"1":0},"b":{"0":[0,0],"1":[0,0],"2":[0,0],"3":[0,0],"4":[0,0]}}
,"/home/whoami/Documents/Kuvera/kuvera-app/app/modal.tsx": {"path":"/home/whoami/Documents/Kuvera/kuvera-app/app/modal.tsx","statementMap":{"0":{"start":{"line":8,"column":2},"end":{"line":15,"column":4}},"1":{"start":{"line":18,"column":15},"end":{"line":29,"column":2}}},"fnMap":{"0":{"name":"ModalScreen","decl":{"start":{"line":7,"column":24},"end":{"line":7,"column":35}},"loc":{"start":{"line":7,"column":38},"end":{"line":16,"column":1}},"line":7}},"branchMap":{},"s":{"0":0,"1":0},"f":{"0":0},"b":{}}
,"/home/whoami/Documents/Kuvera/kuvera-app/app/provider.tsx": {"path":"/home/whoami/Documents/Kuvera/kuvera-app/app/provider.tsx","statementMap":{"0":{"start":{"line":9,"column":4},"end":{"line":12,"column":11}},"1":{"start":{"line":11,"column":8},"end":{"line":11,"column":53}},"2":{"start":{"line":14,"column":4},"end":{"line":18,"column":6}}},"fnMap":{"0":{"name":"ReduxProvider","decl":{"start":{"line":6,"column":24},"end":{"line":6,"column":37}},"loc":{"start":{"line":8,"column":44},"end":{"line":19,"column":1}},"line":8},"1":{"name":"(anonymous_1)","decl":{"start":{"line":9,"column":14},"end":{"line":9,"column":15}},"loc":{"start":{"line":9,"column":20},"end":{"line":12,"column":5}},"line":9}},"branchMap":{},"s":{"0":0,"1":0,"2":0},"f":{"0":0,"1":0},"b":{}}
,"/home/whoami/Documents/Kuvera/kuvera-app/app/(non-private)/_layout.tsx": {"path":"/home/whoami/Documents/Kuvera/kuvera-app/app/(non-private)/_layout.tsx","statementMap":{"0":{"start":{"line":8,"column":22},"end":{"line":8,"column":64}},"1":{"start":{"line":8,"column":49},"end":{"line":8,"column":63}},"2":{"start":{"line":9,"column":21},"end":{"line":9,"column":64}},"3":{"start":{"line":9,"column":48},"end":{"line":9,"column":63}},"4":{"start":{"line":11,"column":4},"end":{"line":15,"column":29}},"5":{"start":{"line":12,"column":8},"end":{"line":14,"column":9}},"6":{"start":{"line":13,"column":12},"end":{"line":13,"column":47}},"7":{"start":{"line":17,"column":4},"end":{"line":31,"column":5}},"8":{"start":{"line":34,"column":15},"end":{"line":40,"column":2}}},"fnMap":{"0":{"name":"AuthLayout","decl":{"start":{"line":7,"column":24},"end":{"line":7,"column":34}},"loc":{"start":{"line":7,"column":37},"end":{"line":32,"column":1}},"line":7},"1":{"name":"(anonymous_1)","decl":{"start":{"line":8,"column":37},"end":{"line":8,"column":38}},"loc":{"start":{"line":8,"column":49},"end":{"line":8,"column":63}},"line":8},"2":{"name":"(anonymous_2)","decl":{"start":{"line":9,"column":36},"end":{"line":9,"column":37}},"loc":{"start":{"line":9,"column":48},"end":{"line":9,"column":63}},"line":9},"3":{"name":"(anonymous_3)","decl":{"start":{"line":11,"column":14},"end":{"line":11,"column":15}},"loc":{"start":{"line":11,"column":20},"end":{"line":15,"column":5}},"line":11}},"branchMap":{"0":{"loc":{"start":{"line":12,"column":8},"end":{"line":14,"column":9}},"type":"if","locations":[{"start":{"line":12,"column":8},"end":{"line":14,"column":9}},{"start":{},"end":{}}],"line":12},"1":{"loc":{"start":{"line":12,"column":12},"end":{"line":12,"column":34}},"type":"binary-expr","locations":[{"start":{"line":12,"column":12},"end":{"line":12,"column":20}},{"start":{"line":12,"column":24},"end":{"line":12,"column":34}}],"line":12},"2":{"loc":{"start":{"line":19,"column":13},"end":{"line":29,"column":13}},"type":"cond-expr","locations":[{"start":{"line":20,"column":16},"end":{"line":22,"column":23}},{"start":{"line":24,"column":16},"end":{"line":28,"column":19}}],"line":19},"3":{"loc":{"start":{"line":25,"column":21},"end":{"line":27,"column":21}},"type":"binary-expr","locations":[{"start":{"line":25,"column":21},"end":{"line":25,"column":30}},{"start":{"line":26,"column":24},"end":{"line":26,"column":72}}],"line":25}},"s":{"0":0,"1":0,"2":0,"3":0,"4":0,"5":0,"6":0,"7":0,"8":0},"f":{"0":0,"1":0,"2":0,"3":0},"b":{"0":[0,0],"1":[0,0],"2":[0,0],"3":[0,0]}}
,"/home/whoami/Documents/Kuvera/kuvera-app/app/(non-private)/login/index.tsx": {"path":"/home/whoami/Documents/Kuvera/kuvera-app/app/(non-private)/login/index.tsx","statementMap":{"0":{"start":{"line":11,"column":19},"end":{"line":11,"column":32}},"1":{"start":{"line":13,"column":29},"end":{"line":15,"column":3}},"2":{"start":{"line":14,"column":4},"end":{"line":14,"column":44}},"3":{"start":{"line":17,"column":2},"end":{"line":49,"column":4}},"4":{"start":{"line":35,"column":95},"end":{"line":35,"column":115}},"5":{"start":{"line":52,"column":15},"end":{"line":92,"column":2}}},"fnMap":{"0":{"name":"LoginScreen","decl":{"start":{"line":10,"column":24},"end":{"line":10,"column":35}},"loc":{"start":{"line":10,"column":38},"end":{"line":50,"column":1}},"line":10},"1":{"name":"(anonymous_1)","decl":{"start":{"line":13,"column":29},"end":{"line":13,"column":30}},"loc":{"start":{"line":13,"column":35},"end":{"line":15,"column":3}},"line":13},"2":{"name":"(anonymous_2)","decl":{"start":{"line":35,"column":89},"end":{"line":35,"column":90}},"loc":{"start":{"line":35,"column":95},"end":{"line":35,"column":115}},"line":35}},"branchMap":{},"s":{"0":0,"1":0,"2":0,"3":0,"4":0,"5":0},"f":{"0":0,"1":0,"2":0},"b":{}}
,"/home/whoami/Documents/Kuvera/kuvera-app/app/(private)/_layout.tsx": {"path":"/home/whoami/Documents/Kuvera/kuvera-app/app/(private)/_layout.tsx","statementMap":{"0":{"start":{"line":8,"column":22},"end":{"line":8,"column":64}},"1":{"start":{"line":8,"column":49},"end":{"line":8,"column":63}},"2":{"start":{"line":9,"column":21},"end":{"line":9,"column":64}},"3":{"start":{"line":9,"column":48},"end":{"line":9,"column":63}},"4":{"start":{"line":11,"column":4},"end":{"line":15,"column":29}},"5":{"start":{"line":12,"column":8},"end":{"line":14,"column":9}},"6":{"start":{"line":13,"column":12},"end":{"line":13,"column":50}},"7":{"start":{"line":17,"column":4},"end":{"line":128,"column":5}},"8":{"start":{"line":131,"column":15},"end":{"line":137,"column":2}}},"fnMap":{"0":{"name":"PrivateLayout","decl":{"start":{"line":7,"column":24},"end":{"line":7,"column":37}},"loc":{"start":{"line":7,"column":40},"end":{"line":129,"column":1}},"line":7},"1":{"name":"(anonymous_1)","decl":{"start":{"line":8,"column":37},"end":{"line":8,"column":38}},"loc":{"start":{"line":8,"column":49},"end":{"line":8,"column":63}},"line":8},"2":{"name":"(anonymous_2)","decl":{"start":{"line":9,"column":36},"end":{"line":9,"column":37}},"loc":{"start":{"line":9,"column":48},"end":{"line":9,"column":63}},"line":9},"3":{"name":"(anonymous_3)","decl":{"start":{"line":11,"column":14},"end":{"line":11,"column":15}},"loc":{"start":{"line":11,"column":20},"end":{"line":15,"column":5}},"line":11}},"branchMap":{"0":{"loc":{"start":{"line":12,"column":8},"end":{"line":14,"column":9}},"type":"if","locations":[{"start":{"line":12,"column":8},"end":{"line":14,"column":9}},{"start":{},"end":{}}],"line":12},"1":{"loc":{"start":{"line":12,"column":12},"end":{"line":12,"column":35}},"type":"binary-expr","locations":[{"start":{"line":12,"column":12},"end":{"line":12,"column":21}},{"start":{"line":12,"column":25},"end":{"line":12,"column":35}}],"line":12},"2":{"loc":{"start":{"line":19,"column":13},"end":{"line":126,"column":13}},"type":"binary-expr","locations":[{"start":{"line":19,"column":13},"end":{"line":19,"column":21}},{"start":{"line":20,"column":16},"end":{"line":125,"column":24}}],"line":19}},"s":{"0":0,"1":0,"2":0,"3":0,"4":0,"5":0,"6":0,"7":0,"8":0},"f":{"0":0,"1":0,"2":0,"3":0},"b":{"0":[0,0],"1":[0,0],"2":[0,0]}}
,"/home/whoami/Documents/Kuvera/kuvera-app/app/(private)/(tabs)/_layout.tsx": {"path":"/home/whoami/Documents/Kuvera/kuvera-app/app/(private)/(tabs)/_layout.tsx","statementMap":{"0":{"start":{"line":8,"column":22},"end":{"line":8,"column":38}},"1":{"start":{"line":10,"column":2},"end":{"line":35,"column":3}},"2":{"start":{"line":12,"column":25},"end":{"line":12,"column":49}}},"fnMap":{"0":{"name":"TabLayout","decl":{"start":{"line":7,"column":24},"end":{"line":7,"column":33}},"loc":{"start":{"line":7,"column":36},"end":{"line":36,"column":1}},"line":7},"1":{"name":"(anonymous_1)","decl":{"start":{"line":12,"column":14},"end":{"line":12,"column":15}},"loc":{"start":{"line":12,"column":25},"end":{"line":12,"column":49}},"line":12}},"branchMap":{},"s":{"0":0,"1":0,"2":0},"f":{"0":0,"1":0},"b":{}}
,"/home/whoami/Documents/Kuvera/kuvera-app/app/(private)/(tabs)/index.tsx": {"path":"/home/whoami/Documents/Kuvera/kuvera-app/app/(private)/(tabs)/index.tsx","statementMap":{"0":{"start":{"line":16,"column":22},"end":{"line":16,"column":68}},"1":{"start":{"line":16,"column":49},"end":{"line":16,"column":67}},"2":{"start":{"line":17,"column":19},"end":{"line":17,"column":32}},"3":{"start":{"line":19,"column":26},"end":{"line":23,"column":3}},"4":{"start":{"line":20,"column":4},"end":{"line":22,"column":5}},"5":{"start":{"line":25,"column":28},"end":{"line":29,"column":3}},"6":{"start":{"line":26,"column":4},"end":{"line":28,"column":6}},"7":{"start":{"line":31,"column":29},"end":{"line":35,"column":3}},"8":{"start":{"line":32,"column":4},"end":{"line":34,"column":6}},"9":{"start":{"line":37,"column":2},"end":{"line":78,"column":4}}},"fnMap":{"0":{"name":"HomeScreen","decl":{"start":{"line":15,"column":24},"end":{"line":15,"column":34}},"loc":{"start":{"line":15,"column":37},"end":{"line":79,"column":1}},"line":15},"1":{"name":"(anonymous_1)","decl":{"start":{"line":16,"column":37},"end":{"line":16,"column":38}},"loc":{"start":{"line":16,"column":49},"end":{"line":16,"column":67}},"line":16},"2":{"name":"(anonymous_2)","decl":{"start":{"line":19,"column":26},"end":{"line":19,"column":27}},"loc":{"start":{"line":19,"column":32},"end":{"line":23,"column":3}},"line":19},"3":{"name":"(anonymous_3)","decl":{"start":{"line":25,"column":28},"end":{"line":25,"column":29}},"loc":{"start":{"line":25,"column":34},"end":{"line":29,"column":3}},"line":25},"4":{"name":"(anonymous_4)","decl":{"start":{"line":31,"column":29},"end":{"line":31,"column":30}},"loc":{"start":{"line":31,"column":35},"end":{"line":35,"column":3}},"line":31}},"branchMap":{},"s":{"0":0,"1":0,"2":0,"3":0,"4":0,"5":0,"6":0,"7":0,"8":0,"9":0},"f":{"0":0,"1":0,"2":0,"3":0,"4":0},"b":{}}
,"/home/whoami/Documents/Kuvera/kuvera-app/app/(private)/(tabs)/profile.tsx": {"path":"/home/whoami/Documents/Kuvera/kuvera-app/app/(private)/(tabs)/profile.tsx","statementMap":{"0":{"start":{"line":12,"column":2},"end":{"line":29,"column":4}},"1":{"start":{"line":32,"column":15},"end":{"line":79,"column":2}}},"fnMap":{"0":{"name":"ProfileScreen","decl":{"start":{"line":11,"column":24},"end":{"line":11,"column":37}},"loc":{"start":{"line":11,"column":40},"end":{"line":30,"column":1}},"line":11}},"branchMap":{},"s":{"0":0,"1":0},"f":{"0":0},"b":{}}
,"/home/whoami/Documents/Kuvera/kuvera-app/app/(private)/(tabs)/stock-idx.tsx": {"path":"/home/whoami/Documents/Kuvera/kuvera-app/app/(private)/(tabs)/stock-idx.tsx","statementMap":{"0":{"start":{"line":9,"column":40},"end":{"line":9,"column":55}},"1":{"start":{"line":11,"column":2},"end":{"line":26,"column":4}}},"fnMap":{"0":{"name":"StockIdxScreen","decl":{"start":{"line":8,"column":24},"end":{"line":8,"column":38}},"loc":{"start":{"line":8,"column":41},"end":{"line":27,"column":1}},"line":8}},"branchMap":{},"s":{"0":0,"1":0},"f":{"0":0},"b":{}}
,"/home/whoami/Documents/Kuvera/kuvera-app/app/(private)/(tabs)/transaction.tsx": {"path":"/home/whoami/Documents/Kuvera/kuvera-app/app/(private)/(tabs)/transaction.tsx","statementMap":{"0":{"start":{"line":14,"column":32},"end":{"line":18,"column":4}},"1":{"start":{"line":19,"column":23},"end":{"line":21,"column":3}},"2":{"start":{"line":20,"column":4},"end":{"line":20,"column":28}},"3":{"start":{"line":23,"column":48},"end":{"line":23,"column":98}},"4":{"start":{"line":24,"column":39},"end":{"line":28,"column":3}},"5":{"start":{"line":29,"column":34},"end":{"line":31,"column":3}},"6":{"start":{"line":30,"column":4},"end":{"line":30,"column":38}},"7":{"start":{"line":33,"column":2},"end":{"line":66,"column":4}},"8":{"start":{"line":69,"column":15},"end":{"line":99,"column":2}}},"fnMap":{"0":{"name":"TransactionScreen","decl":{"start":{"line":13,"column":24},"end":{"line":13,"column":41}},"loc":{"start":{"line":13,"column":44},"end":{"line":67,"column":1}},"line":13},"1":{"name":"(anonymous_1)","decl":{"start":{"line":19,"column":23},"end":{"line":19,"column":24}},"loc":{"start":{"line":19,"column":49},"end":{"line":21,"column":3}},"line":19},"2":{"name":"(anonymous_2)","decl":{"start":{"line":29,"column":34},"end":{"line":29,"column":35}},"loc":{"start":{"line":29,"column":86},"end":{"line":31,"column":3}},"line":29}},"branchMap":{},"s":{"0":0,"1":0,"2":0,"3":0,"4":0,"5":0,"6":0,"7":0,"8":0},"f":{"0":0,"1":0,"2":0},"b":{}}
,"/home/whoami/Documents/Kuvera/kuvera-app/app/(private)/add-transaction/form-add-income.tsx": {"path":"/home/whoami/Documents/Kuvera/kuvera-app/app/(private)/add-transaction/form-add-income.tsx","statementMap":{"0":{"start":{"line":6,"column":2},"end":{"line":13,"column":3}}},"fnMap":{"0":{"name":"PageFormAddIncome","decl":{"start":{"line":5,"column":24},"end":{"line":5,"column":41}},"loc":{"start":{"line":5,"column":44},"end":{"line":14,"column":1}},"line":5}},"branchMap":{},"s":{"0":0},"f":{"0":0},"b":{}}
,"/home/whoami/Documents/Kuvera/kuvera-app/app/(private)/add-transaction/form-add-spending.tsx": {"path":"/home/whoami/Documents/Kuvera/kuvera-app/app/(private)/add-transaction/form-add-spending.tsx","statementMap":{"0":{"start":{"line":6,"column":2},"end":{"line":13,"column":3}}},"fnMap":{"0":{"name":"PageFormAddSpending","decl":{"start":{"line":5,"column":24},"end":{"line":5,"column":43}},"loc":{"start":{"line":5,"column":46},"end":{"line":14,"column":1}},"line":5}},"branchMap":{},"s":{"0":0},"f":{"0":0},"b":{}}
,"/home/whoami/Documents/Kuvera/kuvera-app/app/(private)/category/add-category.tsx": {"path":"/home/whoami/Documents/Kuvera/kuvera-app/app/(private)/category/add-category.tsx","statementMap":{"0":{"start":{"line":15,"column":21},"end":{"line":15,"column":34}},"1":{"start":{"line":16,"column":66},"end":{"line":16,"column":125}},"2":{"start":{"line":16,"column":93},"end":{"line":16,"column":124}},"3":{"start":{"line":18,"column":30},"end":{"line":18,"column":48}},"4":{"start":{"line":19,"column":30},"end":{"line":19,"column":42}},"5":{"start":{"line":21,"column":22},"end":{"line":21,"column":43}},"6":{"start":{"line":24,"column":8},"end":{"line":27,"column":9}},"7":{"start":{"line":25,"column":12},"end":{"line":25,"column":49}},"8":{"start":{"line":26,"column":12},"end":{"line":26,"column":19}},"9":{"start":{"line":29,"column":8},"end":{"line":32,"column":9}},"10":{"start":{"line":30,"column":12},"end":{"line":30,"column":53}},"11":{"start":{"line":31,"column":12},"end":{"line":31,"column":19}},"12":{"start":{"line":34,"column":31},"end":{"line":34,"column":116}},"13":{"start":{"line":34,"column":60},"end":{"line":34,"column":115}},"14":{"start":{"line":35,"column":8},"end":{"line":38,"column":9}},"15":{"start":{"line":36,"column":12},"end":{"line":36,"column":54}},"16":{"start":{"line":37,"column":12},"end":{"line":37,"column":19}},"17":{"start":{"line":40,"column":8},"end":{"line":48,"column":18}},"18":{"start":{"line":43,"column":16},"end":{"line":45,"column":19}},"19":{"start":{"line":46,"column":16},"end":{"line":46,"column":62}},"20":{"start":{"line":51,"column":4},"end":{"line":79,"column":5}},"21":{"start":{"line":82,"column":14},"end":{"line":91,"column":2}}},"fnMap":{"0":{"name":"AddCategory","decl":{"start":{"line":14,"column":24},"end":{"line":14,"column":35}},"loc":{"start":{"line":14,"column":38},"end":{"line":80,"column":1}},"line":14},"1":{"name":"(anonymous_1)","decl":{"start":{"line":16,"column":81},"end":{"line":16,"column":82}},"loc":{"start":{"line":16,"column":93},"end":{"line":16,"column":124}},"line":16},"2":{"name":"handleAddCategoryButton","decl":{"start":{"line":23,"column":13},"end":{"line":23,"column":36}},"loc":{"start":{"line":23,"column":39},"end":{"line":49,"column":5}},"line":23},"3":{"name":"(anonymous_3)","decl":{"start":{"line":34,"column":51},"end":{"line":34,"column":52}},"loc":{"start":{"line":34,"column":60},"end":{"line":34,"column":115}},"line":34},"4":{"name":"(anonymous_4)","decl":{"start":{"line":42,"column":27},"end":{"line":42,"column":28}},"loc":{"start":{"line":42,"column":33},"end":{"line":47,"column":13}},"line":42}},"branchMap":{"0":{"loc":{"start":{"line":24,"column":8},"end":{"line":27,"column":9}},"type":"if","locations":[{"start":{"line":24,"column":8},"end":{"line":27,"column":9}},{"start":{},"end":{}}],"line":24},"1":{"loc":{"start":{"line":29,"column":8},"end":{"line":32,"column":9}},"type":"if","locations":[{"start":{"line":29,"column":8},"end":{"line":32,"column":9}},{"start":{},"end":{}}],"line":29},"2":{"loc":{"start":{"line":35,"column":8},"end":{"line":38,"column":9}},"type":"if","locations":[{"start":{"line":35,"column":8},"end":{"line":38,"column":9}},{"start":{},"end":{}}],"line":35}},"s":{"0":0,"1":0,"2":0,"3":0,"4":0,"5":0,"6":0,"7":0,"8":0,"9":0,"10":0,"11":0,"12":0,"13":0,"14":0,"15":0,"16":0,"17":0,"18":0,"19":0,"20":0,"21":0},"f":{"0":0,"1":0,"2":0,"3":0,"4":0},"b":{"0":[0,0],"1":[0,0],"2":[0,0]}}
,"/home/whoami/Documents/Kuvera/kuvera-app/app/(private)/category/all-category.tsx": {"path":"/home/whoami/Documents/Kuvera/kuvera-app/app/(private)/category/all-category.tsx","statementMap":{"0":{"start":{"line":20,"column":21},"end":{"line":20,"column":34}},"1":{"start":{"line":21,"column":77},"end":{"line":21,"column":136}},"2":{"start":{"line":21,"column":104},"end":{"line":21,"column":135}},"3":{"start":{"line":22,"column":40},"end":{"line":22,"column":51}},"4":{"start":{"line":25,"column":34},"end":{"line":29,"column":6}},"5":{"start":{"line":30,"column":25},"end":{"line":32,"column":5}},"6":{"start":{"line":31,"column":8},"end":{"line":31,"column":32}},"7":{"start":{"line":35,"column":4},"end":{"line":37,"column":27}},"8":{"start":{"line":36,"column":8},"end":{"line":36,"column":35}},"9":{"start":{"line":39,"column":4},"end":{"line":51,"column":22}},"10":{"start":{"line":40,"column":8},"end":{"line":50,"column":9}},"11":{"start":{"line":41,"column":12},"end":{"line":49,"column":13}},"12":{"start":{"line":42,"column":28},"end":{"line":42,"column":29}},"13":{"start":{"line":43,"column":16},"end":{"line":45,"column":19}},"14":{"start":{"line":44,"column":20},"end":{"line":44,"column":50}},"15":{"start":{"line":46,"column":16},"end":{"line":46,"column":37}},"16":{"start":{"line":48,"column":16},"end":{"line":48,"column":32}},"17":{"start":{"line":53,"column":37},"end":{"line":61,"column":5}},"18":{"start":{"line":54,"column":8},"end":{"line":60,"column":9}},"19":{"start":{"line":63,"column":30},"end":{"line":67,"column":5}},"20":{"start":{"line":64,"column":8},"end":{"line":66,"column":10}},"21":{"start":{"line":69,"column":4},"end":{"line":132,"column":5}},"22":{"start":{"line":92,"column":24},"end":{"line":92,"column":72}},"23":{"start":{"line":98,"column":24},"end":{"line":116,"column":29}},"24":{"start":{"line":135,"column":15},"end":{"line":160,"column":2}}},"fnMap":{"0":{"name":"AllCategory","decl":{"start":{"line":19,"column":24},"end":{"line":19,"column":35}},"loc":{"start":{"line":19,"column":38},"end":{"line":133,"column":1}},"line":19},"1":{"name":"(anonymous_1)","decl":{"start":{"line":21,"column":92},"end":{"line":21,"column":93}},"loc":{"start":{"line":21,"column":104},"end":{"line":21,"column":135}},"line":21},"2":{"name":"(anonymous_2)","decl":{"start":{"line":30,"column":25},"end":{"line":30,"column":26}},"loc":{"start":{"line":30,"column":51},"end":{"line":32,"column":5}},"line":30},"3":{"name":"(anonymous_3)","decl":{"start":{"line":35,"column":14},"end":{"line":35,"column":15}},"loc":{"start":{"line":35,"column":20},"end":{"line":37,"column":5}},"line":35},"4":{"name":"(anonymous_4)","decl":{"start":{"line":39,"column":14},"end":{"line":39,"column":15}},"loc":{"start":{"line":39,"column":20},"end":{"line":51,"column":5}},"line":39},"5":{"name":"(anonymous_5)","decl":{"start":{"line":43,"column":33},"end":{"line":43,"column":34}},"loc":{"start":{"line":43,"column":42},"end":{"line":45,"column":17}},"line":43},"6":{"name":"(anonymous_6)","decl":{"start":{"line":53,"column":37},"end":{"line":53,"column":38}},"loc":{"start":{"line":53,"column":43},"end":{"line":61,"column":5}},"line":53},"7":{"name":"(anonymous_7)","decl":{"start":{"line":63,"column":30},"end":{"line":63,"column":31}},"loc":{"start":{"line":63,"column":36},"end":{"line":67,"column":5}},"line":63},"8":{"name":"(anonymous_8)","decl":{"start":{"line":91,"column":34},"end":{"line":91,"column":35}},"loc":{"start":{"line":92,"column":24},"end":{"line":92,"column":72}},"line":92},"9":{"name":"(anonymous_9)","decl":{"start":{"line":97,"column":32},"end":{"line":97,"column":33}},"loc":{"start":{"line":98,"column":24},"end":{"line":116,"column":29}},"line":98}},"branchMap":{"0":{"loc":{"start":{"line":40,"column":8},"end":{"line":50,"column":9}},"type":"if","locations":[{"start":{"line":40,"column":8},"end":{"line":50,"column":9}},{"start":{},"end":{}}],"line":40},"1":{"loc":{"start":{"line":41,"column":12},"end":{"line":49,"column":13}},"type":"if","locations":[{"start":{"line":41,"column":12},"end":{"line":49,"column":13}},{"start":{"line":47,"column":19},"end":{"line":49,"column":13}}],"line":41},"2":{"loc":{"start":{"line":90,"column":26},"end":{"line":90,"column":78}},"type":"cond-expr","locations":[{"start":{"line":90,"column":38},"end":{"line":90,"column":63}},{"start":{"line":90,"column":66},"end":{"line":90,"column":78}}],"line":90},"3":{"loc":{"start":{"line":92,"column":24},"end":{"line":92,"column":72}},"type":"cond-expr","locations":[{"start":{"line":92,"column":36},"end":{"line":92,"column":52}},{"start":{"line":92,"column":55},"end":{"line":92,"column":72}}],"line":92},"4":{"loc":{"start":{"line":98,"column":24},"end":{"line":116,"column":29}},"type":"cond-expr","locations":[{"start":{"line":99,"column":28},"end":{"line":101,"column":35}},{"start":{"line":104,"column":32},"end":{"line":115,"column":39}}],"line":98}},"s":{"0":0,"1":0,"2":0,"3":0,"4":0,"5":0,"6":0,"7":0,"8":0,"9":0,"10":0,"11":0,"12":0,"13":0,"14":0,"15":0,"16":0,"17":0,"18":0,"19":0,"20":0,"21":0,"22":0,"23":0,"24":0},"f":{"0":0,"1":0,"2":0,"3":0,"4":0,"5":0,"6":0,"7":0,"8":0,"9":0},"b":{"0":[0,0],"1":[0,0],"2":[0,0],"3":[0,0],"4":[0,0]}}
,"/home/whoami/Documents/Kuvera/kuvera-app/app/(private)/category/edit-category.tsx": {"path":"/home/whoami/Documents/Kuvera/kuvera-app/app/(private)/category/edit-category.tsx","statementMap":{"0":{"start":{"line":15,"column":60},"end":{"line":15,"column":82}},"1":{"start":{"line":17,"column":21},"end":{"line":17,"column":34}},"2":{"start":{"line":18,"column":66},"end":{"line":18,"column":125}},"3":{"start":{"line":18,"column":93},"end":{"line":18,"column":124}},"4":{"start":{"line":20,"column":30},"end":{"line":20,"column":42}},"5":{"start":{"line":21,"column":30},"end":{"line":21,"column":42}},"6":{"start":{"line":23,"column":4},"end":{"line":25,"column":23}},"7":{"start":{"line":24,"column":8},"end":{"line":24,"column":41}},"8":{"start":{"line":27,"column":22},"end":{"line":27,"column":43}},"9":{"start":{"line":30,"column":8},"end":{"line":33,"column":9}},"10":{"start":{"line":31,"column":12},"end":{"line":31,"column":49}},"11":{"start":{"line":32,"column":12},"end":{"line":32,"column":19}},"12":{"start":{"line":35,"column":8},"end":{"line":38,"column":9}},"13":{"start":{"line":36,"column":12},"end":{"line":36,"column":53}},"14":{"start":{"line":37,"column":12},"end":{"line":37,"column":19}},"15":{"start":{"line":40,"column":31},"end":{"line":40,"column":116}},"16":{"start":{"line":40,"column":60},"end":{"line":40,"column":115}},"17":{"start":{"line":41,"column":8},"end":{"line":50,"column":9}},"18":{"start":{"line":42,"column":12},"end":{"line":44,"column":15}},"19":{"start":{"line":45,"column":12},"end":{"line":45,"column":62}},"20":{"start":{"line":46,"column":12},"end":{"line":46,"column":19}},"21":{"start":{"line":47,"column":15},"end":{"line":50,"column":9}},"22":{"start":{"line":48,"column":12},"end":{"line":48,"column":54}},"23":{"start":{"line":49,"column":12},"end":{"line":49,"column":19}},"24":{"start":{"line":52,"column":8},"end":{"line":65,"column":18}},"25":{"start":{"line":58,"column":16},"end":{"line":58,"column":33}},"26":{"start":{"line":59,"column":16},"end":{"line":59,"column":33}},"27":{"start":{"line":60,"column":16},"end":{"line":62,"column":19}},"28":{"start":{"line":63,"column":16},"end":{"line":63,"column":65}},"29":{"start":{"line":68,"column":4},"end":{"line":96,"column":5}},"30":{"start":{"line":99,"column":14},"end":{"line":108,"column":2}}},"fnMap":{"0":{"name":"EditCategory","decl":{"start":{"line":14,"column":24},"end":{"line":14,"column":36}},"loc":{"start":{"line":14,"column":39},"end":{"line":97,"column":1}},"line":14},"1":{"name":"(anonymous_1)","decl":{"start":{"line":18,"column":81},"end":{"line":18,"column":82}},"loc":{"start":{"line":18,"column":93},"end":{"line":18,"column":124}},"line":18},"2":{"name":"(anonymous_2)","decl":{"start":{"line":23,"column":14},"end":{"line":23,"column":15}},"loc":{"start":{"line":23,"column":20},"end":{"line":25,"column":5}},"line":23},"3":{"name":"handleUpdateCategoryButton","decl":{"start":{"line":29,"column":13},"end":{"line":29,"column":39}},"loc":{"start":{"line":29,"column":42},"end":{"line":66,"column":5}},"line":29},"4":{"name":"(anonymous_4)","decl":{"start":{"line":40,"column":51},"end":{"line":40,"column":52}},"loc":{"start":{"line":40,"column":60},"end":{"line":40,"column":115}},"line":40},"5":{"name":"(anonymous_5)","decl":{"start":{"line":57,"column":27},"end":{"line":57,"column":28}},"loc":{"start":{"line":57,"column":33},"end":{"line":64,"column":13}},"line":57}},"branchMap":{"0":{"loc":{"start":{"line":15,"column":40},"end":{"line":15,"column":55}},"type":"default-arg","locations":[{"start":{"line":15,"column":54},"end":{"line":15,"column":55}}],"line":15},"1":{"loc":{"start":{"line":30,"column":8},"end":{"line":33,"column":9}},"type":"if","locations":[{"start":{"line":30,"column":8},"end":{"line":33,"column":9}},{"start":{},"end":{}}],"line":30},"2":{"loc":{"start":{"line":35,"column":8},"end":{"line":38,"column":9}},"type":"if","locations":[{"start":{"line":35,"column":8},"end":{"line":38,"column":9}},{"start":{},"end":{}}],"line":35},"3":{"loc":{"start":{"line":41,"column":8},"end":{"line":50,"column":9}},"type":"if","locations":[{"start":{"line":41,"column":8},"end":{"line":50,"column":9}},{"start":{"line":47,"column":15},"end":{"line":50,"column":9}}],"line":41},"4":{"loc":{"start":{"line":41,"column":12},"end":{"line":41,"column":87}},"type":"binary-expr","locations":[{"start":{"line":41,"column":12},"end":{"line":41,"column":38}},{"start":{"line":41,"column":42},"end":{"line":41,"column":87}}],"line":41},"5":{"loc":{"start":{"line":47,"column":15},"end":{"line":50,"column":9}},"type":"if","locations":[{"start":{"line":47,"column":15},"end":{"line":50,"column":9}},{"start":{},"end":{}}],"line":47}},"s":{"0":0,"1":0,"2":0,"3":0,"4":0,"5":0,"6":0,"7":0,"8":0,"9":0,"10":0,"11":0,"12":0,"13":0,"14":0,"15":0,"16":0,"17":0,"18":0,"19":0,"20":0,"21":0,"22":0,"23":0,"24":0,"25":0,"26":0,"27":0,"28":0,"29":0,"30":0},"f":{"0":0,"1":0,"2":0,"3":0,"4":0,"5":0},"b":{"0":[0],"1":[0,0],"2":[0,0],"3":[0,0],"4":[0,0],"5":[0,0]}}
,"/home/whoami/Documents/Kuvera/kuvera-app/app/(private)/category/transaction-by-category.tsx": {"path":"/home/whoami/Documents/Kuvera/kuvera-app/app/(private)/category/transaction-by-category.tsx","statementMap":{"0":{"start":{"line":20,"column":66},"end":{"line":20,"column":88}},"1":{"start":{"line":21,"column":23},"end":{"line":21,"column":38}},"2":{"start":{"line":23,"column":21},"end":{"line":23,"column":34}},"3":{"start":{"line":24,"column":38},"end":{"line":24,"column":52}},"4":{"start":{"line":25,"column":44},"end":{"line":25,"column":82}},"5":{"start":{"line":26,"column":40},"end":{"line":29,"column":6}},"6":{"start":{"line":32,"column":26},"end":{"line":32,"column":68}},"7":{"start":{"line":33,"column":34},"end":{"line":33,"column":66}},"8":{"start":{"line":35,"column":4},"end":{"line":39,"column":36}},"9":{"start":{"line":36,"column":8},"end":{"line":38,"column":11}},"10":{"start":{"line":41,"column":25},"end":{"line":43,"column":5}},"11":{"start":{"line":42,"column":8},"end":{"line":42,"column":32}},"12":{"start":{"line":45,"column":4},"end":{"line":47,"column":27}},"13":{"start":{"line":46,"column":8},"end":{"line":46,"column":35}},"14":{"start":{"line":49,"column":4},"end":{"line":65,"column":22}},"15":{"start":{"line":50,"column":8},"end":{"line":64,"column":9}},"16":{"start":{"line":51,"column":12},"end":{"line":63,"column":13}},"17":{"start":{"line":52,"column":28},"end":{"line":52,"column":29}},"18":{"start":{"line":53,"column":46},"end":{"line":53,"column":71}},"19":{"start":{"line":54,"column":16},"end":{"line":57,"column":18}},"20":{"start":{"line":59,"column":16},"end":{"line":62,"column":18}},"21":{"start":{"line":67,"column":37},"end":{"line":81,"column":5}},"22":{"start":{"line":68,"column":8},"end":{"line":80,"column":9}},"23":{"start":{"line":77,"column":20},"end":{"line":77,"column":45}},"24":{"start":{"line":83,"column":4},"end":{"line":132,"column":5}},"25":{"start":{"line":108,"column":24},"end":{"line":108,"column":63}},"26":{"start":{"line":112,"column":24},"end":{"line":126,"column":29}},"27":{"start":{"line":135,"column":15},"end":{"line":160,"column":2}}},"fnMap":{"0":{"name":"TransactionByCategory","decl":{"start":{"line":19,"column":24},"end":{"line":19,"column":45}},"loc":{"start":{"line":19,"column":48},"end":{"line":133,"column":1}},"line":19},"1":{"name":"(anonymous_1)","decl":{"start":{"line":35,"column":14},"end":{"line":35,"column":15}},"loc":{"start":{"line":35,"column":20},"end":{"line":39,"column":5}},"line":35},"2":{"name":"(anonymous_2)","decl":{"start":{"line":41,"column":25},"end":{"line":41,"column":26}},"loc":{"start":{"line":41,"column":51},"end":{"line":43,"column":5}},"line":41},"3":{"name":"(anonymous_3)","decl":{"start":{"line":45,"column":14},"end":{"line":45,"column":15}},"loc":{"start":{"line":45,"column":20},"end":{"line":47,"column":5}},"line":45},"4":{"name":"(anonymous_4)","decl":{"start":{"line":49,"column":14},"end":{"line":49,"column":15}},"loc":{"start":{"line":49,"column":20},"end":{"line":65,"column":5}},"line":49},"5":{"name":"(anonymous_5)","decl":{"start":{"line":67,"column":37},"end":{"line":67,"column":38}},"loc":{"start":{"line":67,"column":43},"end":{"line":81,"column":5}},"line":67},"6":{"name":"(anonymous_6)","decl":{"start":{"line":76,"column":32},"end":{"line":76,"column":33}},"loc":{"start":{"line":76,"column":72},"end":{"line":78,"column":17}},"line":76},"7":{"name":"(anonymous_7)","decl":{"start":{"line":107,"column":34},"end":{"line":107,"column":35}},"loc":{"start":{"line":108,"column":24},"end":{"line":108,"column":63}},"line":108},"8":{"name":"(anonymous_8)","decl":{"start":{"line":111,"column":32},"end":{"line":111,"column":33}},"loc":{"start":{"line":112,"column":24},"end":{"line":126,"column":29}},"line":112}},"branchMap":{"0":{"loc":{"start":{"line":50,"column":8},"end":{"line":64,"column":9}},"type":"if","locations":[{"start":{"line":50,"column":8},"end":{"line":64,"column":9}},{"start":{},"end":{}}],"line":50},"1":{"loc":{"start":{"line":51,"column":12},"end":{"line":63,"column":13}},"type":"if","locations":[{"start":{"line":51,"column":12},"end":{"line":63,"column":13}},{"start":{"line":58,"column":19},"end":{"line":63,"column":13}}],"line":51},"2":{"loc":{"start":{"line":106,"column":26},"end":{"line":106,"column":79}},"type":"cond-expr","locations":[{"start":{"line":106,"column":38},"end":{"line":106,"column":64}},{"start":{"line":106,"column":67},"end":{"line":106,"column":79}}],"line":106},"3":{"loc":{"start":{"line":108,"column":24},"end":{"line":108,"column":63}},"type":"cond-expr","locations":[{"start":{"line":108,"column":36},"end":{"line":108,"column":52}},{"start":{"line":108,"column":55},"end":{"line":108,"column":63}}],"line":108},"4":{"loc":{"start":{"line":112,"column":24},"end":{"line":126,"column":29}},"type":"cond-expr","locations":[{"start":{"line":113,"column":28},"end":{"line":113,"column":55}},{"start":{"line":115,"column":32},"end":{"line":125,"column":34}}],"line":112}},"s":{"0":0,"1":0,"2":0,"3":0,"4":0,"5":0,"6":0,"7":0,"8":0,"9":0,"10":0,"11":0,"12":0,"13":0,"14":0,"15":0,"16":0,"17":0,"18":0,"19":0,"20":0,"21":0,"22":0,"23":0,"24":0,"25":0,"26":0,"27":0},"f":{"0":0,"1":0,"2":0,"3":0,"4":0,"5":0,"6":0,"7":0,"8":0},"b":{"0":[0,0],"1":[0,0],"2":[0,0],"3":[0,0],"4":[0,0]}}
,"/home/whoami/Documents/Kuvera/kuvera-app/app/(private)/detail-transaction/index.tsx": {"path":"/home/whoami/Documents/Kuvera/kuvera-app/app/(private)/detail-transaction/index.tsx","statementMap":{"0":{"start":{"line":12,"column":85},"end":{"line":12,"column":107}},"1":{"start":{"line":14,"column":22},"end":{"line":14,"column":44}},"2":{"start":{"line":15,"column":26},"end":{"line":28,"column":5}},"3":{"start":{"line":16,"column":8},"end":{"line":27,"column":9}},"4":{"start":{"line":18,"column":16},"end":{"line":18,"column":95}},"5":{"start":{"line":20,"column":16},"end":{"line":20,"column":82}},"6":{"start":{"line":22,"column":16},"end":{"line":22,"column":75}},"7":{"start":{"line":24,"column":16},"end":{"line":24,"column":86}},"8":{"start":{"line":26,"column":16},"end":{"line":26,"column":82}},"9":{"start":{"line":30,"column":20},"end":{"line":30,"column":81}},"10":{"start":{"line":32,"column":31},"end":{"line":39,"column":5}},"11":{"start":{"line":33,"column":8},"end":{"line":38,"column":10}},"12":{"start":{"line":41,"column":4},"end":{"line":91,"column":6}},"13":{"start":{"line":94,"column":15},"end":{"line":121,"column":2}}},"fnMap":{"0":{"name":"DetailTransaction","decl":{"start":{"line":11,"column":24},"end":{"line":11,"column":41}},"loc":{"start":{"line":11,"column":44},"end":{"line":92,"column":1}},"line":11},"1":{"name":"(anonymous_1)","decl":{"start":{"line":15,"column":26},"end":{"line":15,"column":27}},"loc":{"start":{"line":15,"column":32},"end":{"line":28,"column":5}},"line":15},"2":{"name":"(anonymous_2)","decl":{"start":{"line":32,"column":31},"end":{"line":32,"column":32}},"loc":{"start":{"line":32,"column":37},"end":{"line":39,"column":5}},"line":32}},"branchMap":{"0":{"loc":{"start":{"line":16,"column":8},"end":{"line":27,"column":9}},"type":"switch","locations":[{"start":{"line":17,"column":12},"end":{"line":18,"column":95}},{"start":{"line":19,"column":12},"end":{"line":20,"column":82}},{"start":{"line":21,"column":12},"end":{"line":22,"column":75}},{"start":{"line":23,"column":12},"end":{"line":24,"column":86}},{"start":{"line":25,"column":12},"end":{"line":26,"column":82}}],"line":16},"1":{"loc":{"start":{"line":30,"column":20},"end":{"line":30,"column":81}},"type":"cond-expr","locations":[{"start":{"line":30,"column":42},"end":{"line":30,"column":60}},{"start":{"line":30,"column":63},"end":{"line":30,"column":81}}],"line":30}},"s":{"0":0,"1":0,"2":0,"3":0,"4":0,"5":0,"6":0,"7":0,"8":0,"9":0,"10":0,"11":0,"12":0,"13":0},"f":{"0":0,"1":0,"2":0},"b":{"0":[0,0,0,0,0],"1":[0,0]}}
,"/home/whoami/Documents/Kuvera/kuvera-app/app/(private)/edit/edit-data-transaction.tsx": {"path":"/home/whoami/Documents/Kuvera/kuvera-app/app/(private)/edit/edit-data-transaction.tsx","statementMap":{"0":{"start":{"line":8,"column":85},"end":{"line":8,"column":107}},"1":{"start":{"line":9,"column":23},"end":{"line":9,"column":38}},"2":{"start":{"line":10,"column":4},"end":{"line":15,"column":15}},"3":{"start":{"line":11,"column":24},"end":{"line":11,"column":64}},"4":{"start":{"line":12,"column":8},"end":{"line":14,"column":11}},"5":{"start":{"line":17,"column":4},"end":{"line":31,"column":5}}},"fnMap":{"0":{"name":"EditDataTransaction","decl":{"start":{"line":7,"column":24},"end":{"line":7,"column":43}},"loc":{"start":{"line":7,"column":46},"end":{"line":32,"column":1}},"line":7},"1":{"name":"(anonymous_1)","decl":{"start":{"line":10,"column":14},"end":{"line":10,"column":15}},"loc":{"start":{"line":10,"column":20},"end":{"line":15,"column":5}},"line":10}},"branchMap":{"0":{"loc":{"start":{"line":11,"column":24},"end":{"line":11,"column":64}},"type":"cond-expr","locations":[{"start":{"line":11,"column":46},"end":{"line":11,"column":54}},{"start":{"line":11,"column":57},"end":{"line":11,"column":64}}],"line":11}},"s":{"0":0,"1":0,"2":0,"3":0,"4":0,"5":0},"f":{"0":0,"1":0},"b":{"0":[0,0]}}
,"/home/whoami/Documents/Kuvera/kuvera-app/app/(private)/price-gold/index.tsx": {"path":"/home/whoami/Documents/Kuvera/kuvera-app/app/(private)/price-gold/index.tsx","statementMap":{"0":{"start":{"line":13,"column":36},"end":{"line":13,"column":65}},"1":{"start":{"line":14,"column":50},"end":{"line":14,"column":64}},"2":{"start":{"line":16,"column":4},"end":{"line":18,"column":11}},"3":{"start":{"line":17,"column":8},"end":{"line":17,"column":22}},"4":{"start":{"line":20,"column":21},"end":{"line":20,"column":34}},"5":{"start":{"line":23,"column":8},"end":{"line":28,"column":9}},"6":{"start":{"line":31,"column":4},"end":{"line":81,"column":5}},"7":{"start":{"line":39,"column":47},"end":{"line":39,"column":65}},"8":{"start":{"line":41,"column":20},"end":{"line":51,"column":26}},"9":{"start":{"line":55,"column":20},"end":{"line":60,"column":22}},"10":{"start":{"line":66,"column":32},"end":{"line":66,"column":62}}},"fnMap":{"0":{"name":"PriceGoldPage","decl":{"start":{"line":12,"column":24},"end":{"line":12,"column":37}},"loc":{"start":{"line":12,"column":40},"end":{"line":82,"column":1}},"line":12},"1":{"name":"(anonymous_1)","decl":{"start":{"line":16,"column":14},"end":{"line":16,"column":15}},"loc":{"start":{"line":16,"column":20},"end":{"line":18,"column":5}},"line":16},"2":{"name":"getListGold","decl":{"start":{"line":22,"column":13},"end":{"line":22,"column":24}},"loc":{"start":{"line":22,"column":27},"end":{"line":29,"column":5}},"line":22},"3":{"name":"(anonymous_3)","decl":{"start":{"line":39,"column":30},"end":{"line":39,"column":31}},"loc":{"start":{"line":39,"column":47},"end":{"line":39,"column":65}},"line":39},"4":{"name":"(anonymous_4)","decl":{"start":{"line":40,"column":37},"end":{"line":40,"column":38}},"loc":{"start":{"line":41,"column":20},"end":{"line":51,"column":26}},"line":41},"5":{"name":"(anonymous_5)","decl":{"start":{"line":54,"column":28},"end":{"line":54,"column":29}},"loc":{"start":{"line":55,"column":20},"end":{"line":60,"column":22}},"line":55},"6":{"name":"(anonymous_6)","decl":{"start":{"line":65,"column":60},"end":{"line":65,"column":61}},"loc":{"start":{"line":66,"column":32},"end":{"line":66,"column":62}},"line":66}},"branchMap":{"0":{"loc":{"start":{"line":41,"column":20},"end":{"line":51,"column":26}},"type":"cond-expr","locations":[{"start":{"line":42,"column":24},"end":{"line":46,"column":26}},{"start":{"line":47,"column":24},"end":{"line":51,"column":26}}],"line":41},"1":{"loc":{"start":{"line":63,"column":20},"end":{"line":77,"column":31}},"type":"cond-expr","locations":[{"start":{"line":64,"column":24},"end":{"line":68,"column":27}},{"start":{"line":69,"column":24},"end":{"line":77,"column":31}}],"line":63}},"s":{"0":0,"1":0,"2":0,"3":0,"4":0,"5":0,"6":0,"7":0,"8":0,"9":0,"10":0},"f":{"0":0,"1":0,"2":0,"3":0,"4":0,"5":0,"6":0},"b":{"0":[0,0],"1":[0,0]}}
,"/home/whoami/Documents/Kuvera/kuvera-app/app/(private)/privacy-polic/index.tsx": {"path":"/home/whoami/Documents/Kuvera/kuvera-app/app/(private)/privacy-polic/index.tsx","statementMap":{"0":{"start":{"line":6,"column":2},"end":{"line":74,"column":4}},"1":{"start":{"line":78,"column":15},"end":{"line":104,"column":2}}},"fnMap":{"0":{"name":"PrivacyPolicyPage","decl":{"start":{"line":5,"column":24},"end":{"line":5,"column":41}},"loc":{"start":{"line":5,"column":44},"end":{"line":75,"column":1}},"line":5}},"branchMap":{},"s":{"0":0,"1":0},"f":{"0":0},"b":{}}
,"/home/whoami/Documents/Kuvera/kuvera-app/app/(private)/stock-idx/detail.tsx": {"path":"/home/whoami/Documents/Kuvera/kuvera-app/app/(private)/stock-idx/detail.tsx","statementMap":{"0":{"start":{"line":7,"column":24},"end":{"line":7,"column":46}},"1":{"start":{"line":9,"column":15},"end":{"line":85,"column":3}},"2":{"start":{"line":87,"column":2},"end":{"line":100,"column":3}},"3":{"start":{"line":103,"column":15},"end":{"line":108,"column":2}}},"fnMap":{"0":{"name":"DetailStockIdxPage","decl":{"start":{"line":6,"column":24},"end":{"line":6,"column":42}},"loc":{"start":{"line":6,"column":45},"end":{"line":101,"column":1}},"line":6}},"branchMap":{},"s":{"0":0,"1":0,"2":0,"3":0},"f":{"0":0},"b":{}}
,"/home/whoami/Documents/Kuvera/kuvera-app/app/(private)/success/index.tsx": {"path":"/home/whoami/Documents/Kuvera/kuvera-app/app/(private)/success/index.tsx","statementMap":{"0":{"start":{"line":12,"column":19},"end":{"line":12,"column":41}},"1":{"start":{"line":13,"column":26},"end":{"line":13,"column":73}},"2":{"start":{"line":15,"column":29},"end":{"line":20,"column":5}},"3":{"start":{"line":16,"column":21},"end":{"line":16,"column":71}},"4":{"start":{"line":17,"column":8},"end":{"line":19,"column":11}},"5":{"start":{"line":22,"column":39},"end":{"line":27,"column":5}},"6":{"start":{"line":23,"column":8},"end":{"line":23,"column":28}},"7":{"start":{"line":24,"column":8},"end":{"line":26,"column":10}},"8":{"start":{"line":30,"column":4},"end":{"line":76,"column":5}},"9":{"start":{"line":79,"column":15},"end":{"line":112,"column":2}}},"fnMap":{"0":{"name":"SuccessScreen","decl":{"start":{"line":11,"column":24},"end":{"line":11,"column":37}},"loc":{"start":{"line":11,"column":40},"end":{"line":77,"column":1}},"line":11},"1":{"name":"(anonymous_1)","decl":{"start":{"line":15,"column":29},"end":{"line":15,"column":30}},"loc":{"start":{"line":15,"column":35},"end":{"line":20,"column":5}},"line":15},"2":{"name":"(anonymous_2)","decl":{"start":{"line":22,"column":39},"end":{"line":22,"column":40}},"loc":{"start":{"line":22,"column":45},"end":{"line":27,"column":5}},"line":22}},"branchMap":{"0":{"loc":{"start":{"line":13,"column":26},"end":{"line":13,"column":73}},"type":"cond-expr","locations":[{"start":{"line":13,"column":55},"end":{"line":13,"column":63}},{"start":{"line":13,"column":66},"end":{"line":13,"column":73}}],"line":13},"1":{"loc":{"start":{"line":16,"column":21},"end":{"line":16,"column":71}},"type":"cond-expr","locations":[{"start":{"line":16,"column":50},"end":{"line":16,"column":58}},{"start":{"line":16,"column":61},"end":{"line":16,"column":71}}],"line":16}},"s":{"0":0,"1":0,"2":0,"3":0,"4":0,"5":0,"6":0,"7":0,"8":0,"9":0},"f":{"0":0,"1":0,"2":0},"b":{"0":[0,0],"1":[0,0]}}
,"/home/whoami/Documents/Kuvera/kuvera-app/app/(private)/terms-of-service/index.tsx": {"path":"/home/whoami/Documents/Kuvera/kuvera-app/app/(private)/terms-of-service/index.tsx","statementMap":{"0":{"start":{"line":6,"column":2},"end":{"line":93,"column":4}},"1":{"start":{"line":96,"column":15},"end":{"line":129,"column":2}}},"fnMap":{"0":{"name":"TermsOfServicePage","decl":{"start":{"line":5,"column":24},"end":{"line":5,"column":42}},"loc":{"start":{"line":5,"column":45},"end":{"line":94,"column":1}},"line":5}},"branchMap":{},"s":{"0":0,"1":0},"f":{"0":0},"b":{}}
,"/home/whoami/Documents/Kuvera/kuvera-app/app/(private)/update-profile/index.tsx": {"path":"/home/whoami/Documents/Kuvera/kuvera-app/app/(private)/update-profile/index.tsx","statementMap":{"0":{"start":{"line":13,"column":35},"end":{"line":13,"column":78}},"1":{"start":{"line":13,"column":62},"end":{"line":13,"column":77}},"2":{"start":{"line":14,"column":21},"end":{"line":14,"column":34}},"3":{"start":{"line":15,"column":28},"end":{"line":15,"column":40}},"4":{"start":{"line":17,"column":4},"end":{"line":19,"column":23}},"5":{"start":{"line":18,"column":8},"end":{"line":18,"column":30}},"6":{"start":{"line":21,"column":25},"end":{"line":33,"column":5}},"7":{"start":{"line":22,"column":8},"end":{"line":32,"column":9}},"8":{"start":{"line":28,"column":20},"end":{"line":28,"column":34}},"9":{"start":{"line":29,"column":20},"end":{"line":29,"column":68}},"10":{"start":{"line":35,"column":4},"end":{"line":53,"column":5}},"11":{"start":{"line":56,"column":14},"end":{"line":65,"column":2}}},"fnMap":{"0":{"name":"UpdateProfilePage","decl":{"start":{"line":12,"column":24},"end":{"line":12,"column":41}},"loc":{"start":{"line":12,"column":44},"end":{"line":54,"column":1}},"line":12},"1":{"name":"(anonymous_1)","decl":{"start":{"line":13,"column":50},"end":{"line":13,"column":51}},"loc":{"start":{"line":13,"column":62},"end":{"line":13,"column":77}},"line":13},"2":{"name":"(anonymous_2)","decl":{"start":{"line":17,"column":14},"end":{"line":17,"column":15}},"loc":{"start":{"line":17,"column":20},"end":{"line":19,"column":5}},"line":17},"3":{"name":"(anonymous_3)","decl":{"start":{"line":21,"column":25},"end":{"line":21,"column":26}},"loc":{"start":{"line":21,"column":31},"end":{"line":33,"column":5}},"line":21},"4":{"name":"(anonymous_4)","decl":{"start":{"line":27,"column":32},"end":{"line":27,"column":33}},"loc":{"start":{"line":27,"column":38},"end":{"line":30,"column":17}},"line":27}},"branchMap":{},"s":{"0":0,"1":0,"2":0,"3":0,"4":0,"5":0,"6":0,"7":0,"8":0,"9":0,"10":0,"11":0},"f":{"0":0,"1":0,"2":0,"3":0,"4":0},"b":{}}
,"/home/whoami/Documents/Kuvera/kuvera-app/components/custom-tab.tsx": {"path":"/home/whoami/Documents/Kuvera/kuvera-app/components/custom-tab.tsx","statementMap":{"0":{"start":{"line":13,"column":2},"end":{"line":94,"column":4}},"1":{"start":{"line":23,"column":32},"end":{"line":23,"column":54}},"2":{"start":{"line":25,"column":14},"end":{"line":29,"column":30}},"3":{"start":{"line":31,"column":30},"end":{"line":31,"column":51}},"4":{"start":{"line":33,"column":28},"end":{"line":43,"column":13}},"5":{"start":{"line":34,"column":28},"end":{"line":38,"column":16}},"6":{"start":{"line":40,"column":14},"end":{"line":42,"column":15}},"7":{"start":{"line":41,"column":16},"end":{"line":41,"column":62}},"8":{"start":{"line":45,"column":32},"end":{"line":50,"column":13}},"9":{"start":{"line":46,"column":14},"end":{"line":49,"column":17}},"10":{"start":{"line":52,"column":26},"end":{"line":52,"column":74}},"11":{"start":{"line":53,"column":34},"end":{"line":66,"column":13}},"12":{"start":{"line":54,"column":14},"end":{"line":65,"column":15}},"13":{"start":{"line":56,"column":18},"end":{"line":56,"column":74}},"14":{"start":{"line":58,"column":18},"end":{"line":58,"column":73}},"15":{"start":{"line":60,"column":18},"end":{"line":60,"column":106}},"16":{"start":{"line":62,"column":18},"end":{"line":62,"column":91}},"17":{"start":{"line":64,"column":18},"end":{"line":64,"column":89}},"18":{"start":{"line":68,"column":12},"end":{"line":89,"column":14}},"19":{"start":{"line":97,"column":14},"end":{"line":107,"column":2}}},"fnMap":{"0":{"name":"CutomTabs","decl":{"start":{"line":12,"column":24},"end":{"line":12,"column":33}},"loc":{"start":{"line":12,"column":89},"end":{"line":95,"column":1}},"line":12},"1":{"name":"(anonymous_1)","decl":{"start":{"line":22,"column":28},"end":{"line":22,"column":29}},"loc":{"start":{"line":22,"column":46},"end":{"line":90,"column":11}},"line":22},"2":{"name":"(anonymous_2)","decl":{"start":{"line":33,"column":28},"end":{"line":33,"column":29}},"loc":{"start":{"line":33,"column":34},"end":{"line":43,"column":13}},"line":33},"3":{"name":"(anonymous_3)","decl":{"start":{"line":45,"column":32},"end":{"line":45,"column":33}},"loc":{"start":{"line":45,"column":38},"end":{"line":50,"column":13}},"line":45},"4":{"name":"(anonymous_4)","decl":{"start":{"line":53,"column":34},"end":{"line":53,"column":35}},"loc":{"start":{"line":53,"column":40},"end":{"line":66,"column":13}},"line":53}},"branchMap":{"0":{"loc":{"start":{"line":25,"column":14},"end":{"line":29,"column":30}},"type":"cond-expr","locations":[{"start":{"line":26,"column":18},"end":{"line":26,"column":37}},{"start":{"line":27,"column":18},"end":{"line":29,"column":30}}],"line":25},"1":{"loc":{"start":{"line":27,"column":18},"end":{"line":29,"column":30}},"type":"cond-expr","locations":[{"start":{"line":28,"column":20},"end":{"line":28,"column":33}},{"start":{"line":29,"column":20},"end":{"line":29,"column":30}}],"line":27},"2":{"loc":{"start":{"line":40,"column":14},"end":{"line":42,"column":15}},"type":"if","locations":[{"start":{"line":40,"column":14},"end":{"line":42,"column":15}},{"start":{},"end":{}}],"line":40},"3":{"loc":{"start":{"line":40,"column":18},"end":{"line":40,"column":55}},"type":"binary-expr","locations":[{"start":{"line":40,"column":18},"end":{"line":40,"column":28}},{"start":{"line":40,"column":32},"end":{"line":40,"column":55}}],"line":40},"4":{"loc":{"start":{"line":52,"column":26},"end":{"line":52,"column":74}},"type":"cond-expr","locations":[{"start":{"line":52,"column":38},"end":{"line":52,"column":55}},{"start":{"line":52,"column":58},"end":{"line":52,"column":74}}],"line":52},"5":{"loc":{"start":{"line":54,"column":14},"end":{"line":65,"column":15}},"type":"switch","locations":[{"start":{"line":55,"column":16},"end":{"line":56,"column":74}},{"start":{"line":57,"column":16},"end":{"line":58,"column":73}},{"start":{"line":59,"column":16},"end":{"line":60,"column":106}},{"start":{"line":61,"column":16},"end":{"line":62,"column":91}},{"start":{"line":63,"column":16},"end":{"line":64,"column":89}}],"line":54},"6":{"loc":{"start":{"line":72,"column":36},"end":{"line":72,"column":71}},"type":"cond-expr","locations":[{"start":{"line":72,"column":48},"end":{"line":72,"column":66}},{"start":{"line":72,"column":69},"end":{"line":72,"column":71}}],"line":72},"7":{"loc":{"start":{"line":83,"column":17},"end":{"line":87,"column":17}},"type":"cond-expr","locations":[{"start":{"line":84,"column":18},"end":{"line":84,"column":111}},{"start":{"line":86,"column":18},"end":{"line":86,"column":68}}],"line":83}},"s":{"0":0,"1":0,"2":0,"3":0,"4":0,"5":0,"6":0,"7":0,"8":0,"9":0,"10":0,"11":0,"12":0,"13":0,"14":0,"15":0,"16":0,"17":0,"18":0,"19":0},"f":{"0":0,"1":0,"2":0,"3":0,"4":0},"b":{"0":[0,0],"1":[0,0],"2":[0,0],"3":[0,0],"4":[0,0],"5":[0,0,0,0,0],"6":[0,0],"7":[0,0]}}
,"/home/whoami/Documents/Kuvera/kuvera-app/components/custom-text.tsx": {"path":"/home/whoami/Documents/Kuvera/kuvera-app/components/custom-text.tsx","statementMap":{"0":{"start":{"line":6,"column":21},"end":{"line":17,"column":10}},"1":{"start":{"line":19,"column":30},"end":{"line":21,"column":1}},"2":{"start":{"line":20,"column":2},"end":{"line":20,"column":50}},"3":{"start":{"line":33,"column":25},"end":{"line":33,"column":86}},"4":{"start":{"line":35,"column":2},"end":{"line":46,"column":4}}},"fnMap":{"0":{"name":"(anonymous_0)","decl":{"start":{"line":19,"column":30},"end":{"line":19,"column":31}},"loc":{"start":{"line":19,"column":69},"end":{"line":21,"column":1}},"line":19},"1":{"name":"CustomText","decl":{"start":{"line":28,"column":24},"end":{"line":28,"column":34}},"loc":{"start":{"line":32,"column":39},"end":{"line":47,"column":1}},"line":32}},"branchMap":{"0":{"loc":{"start":{"line":20,"column":9},"end":{"line":20,"column":49}},"type":"binary-expr","locations":[{"start":{"line":20,"column":9},"end":{"line":20,"column":29}},{"start":{"line":20,"column":33},"end":{"line":20,"column":49}}],"line":20}},"s":{"0":1,"1":1,"2":11,"3":11,"4":11},"f":{"0":11,"1":11},"b":{"0":[11,3]},"_coverageSchema":"1a1c01bbd47fc00a2c39e90264f33305004495a9","hash":"724c3a3428709b8fa0b300ca49e88fd7c35b922c"}
,"/home/whoami/Documents/Kuvera/kuvera-app/components/external-link.tsx": {"path":"/home/whoami/Documents/Kuvera/kuvera-app/components/external-link.tsx","statementMap":{"0":{"start":{"line":8,"column":2},"end":{"line":24,"column":4}},"1":{"start":{"line":14,"column":8},"end":{"line":21,"column":9}},"2":{"start":{"line":16,"column":10},"end":{"line":16,"column":33}},"3":{"start":{"line":18,"column":10},"end":{"line":20,"column":13}}},"fnMap":{"0":{"name":"ExternalLink","decl":{"start":{"line":7,"column":16},"end":{"line":7,"column":28}},"loc":{"start":{"line":7,"column":55},"end":{"line":25,"column":1}},"line":7},"1":{"name":"(anonymous_1)","decl":{"start":{"line":13,"column":15},"end":{"line":13,"column":16}},"loc":{"start":{"line":13,"column":32},"end":{"line":22,"column":7}},"line":13}},"branchMap":{"0":{"loc":{"start":{"line":14,"column":8},"end":{"line":21,"column":9}},"type":"if","locations":[{"start":{"line":14,"column":8},"end":{"line":21,"column":9}},{"start":{},"end":{}}],"line":14}},"s":{"0":0,"1":0,"2":0,"3":0},"f":{"0":0,"1":0},"b":{"0":[0,0]}}
,"/home/whoami/Documents/Kuvera/kuvera-app/components/fullscreen-loader.tsx": {"path":"/home/whoami/Documents/Kuvera/kuvera-app/components/fullscreen-loader.tsx","statementMap":{"0":{"start":{"line":14,"column":35},"end":{"line":71,"column":1}},"1":{"start":{"line":15,"column":27},"end":{"line":15,"column":76}},"2":{"start":{"line":15,"column":54},"end":{"line":15,"column":75}},"3":{"start":{"line":18,"column":21},"end":{"line":18,"column":58}},"4":{"start":{"line":20,"column":17},"end":{"line":23,"column":6}},"5":{"start":{"line":25,"column":31},"end":{"line":33,"column":5}},"6":{"start":{"line":26,"column":8},"end":{"line":26,"column":29}},"7":{"start":{"line":27,"column":8},"end":{"line":32,"column":45}},"8":{"start":{"line":32,"column":23},"end":{"line":32,"column":43}},"9":{"start":{"line":35,"column":4},"end":{"line":51,"column":25}},"10":{"start":{"line":36,"column":8},"end":{"line":50,"column":9}},"11":{"start":{"line":37,"column":31},"end":{"line":39,"column":13}},"12":{"start":{"line":38,"column":16},"end":{"line":38,"column":28}},"13":{"start":{"line":41,"column":32},"end":{"line":44,"column":13}},"14":{"start":{"line":46,"column":12},"end":{"line":46,"column":32}},"15":{"start":{"line":47,"column":12},"end":{"line":47,"column":46}},"16":{"start":{"line":47,"column":25},"end":{"line":47,"column":45}},"17":{"start":{"line":49,"column":12},"end":{"line":49,"column":37}},"18":{"start":{"line":54,"column":4},"end":{"line":56,"column":5}},"19":{"start":{"line":55,"column":8},"end":{"line":55,"column":20}},"20":{"start":{"line":58,"column":4},"end":{"line":70,"column":6}},"21":{"start":{"line":73,"column":15},"end":{"line":89,"column":2}}},"fnMap":{"0":{"name":"(anonymous_0)","decl":{"start":{"line":14,"column":35},"end":{"line":14,"column":36}},"loc":{"start":{"line":14,"column":41},"end":{"line":71,"column":1}},"line":14},"1":{"name":"(anonymous_1)","decl":{"start":{"line":15,"column":42},"end":{"line":15,"column":43}},"loc":{"start":{"line":15,"column":54},"end":{"line":15,"column":75}},"line":15},"2":{"name":"(anonymous_2)","decl":{"start":{"line":25,"column":31},"end":{"line":25,"column":32}},"loc":{"start":{"line":25,"column":37},"end":{"line":33,"column":5}},"line":25},"3":{"name":"(anonymous_3)","decl":{"start":{"line":32,"column":17},"end":{"line":32,"column":18}},"loc":{"start":{"line":32,"column":23},"end":{"line":32,"column":43}},"line":32},"4":{"name":"(anonymous_4)","decl":{"start":{"line":35,"column":20},"end":{"line":35,"column":21}},"loc":{"start":{"line":35,"column":26},"end":{"line":51,"column":5}},"line":35},"5":{"name":"(anonymous_5)","decl":{"start":{"line":37,"column":31},"end":{"line":37,"column":32}},"loc":{"start":{"line":37,"column":37},"end":{"line":39,"column":13}},"line":37},"6":{"name":"(anonymous_6)","decl":{"start":{"line":47,"column":19},"end":{"line":47,"column":20}},"loc":{"start":{"line":47,"column":25},"end":{"line":47,"column":45}},"line":47}},"branchMap":{"0":{"loc":{"start":{"line":36,"column":8},"end":{"line":50,"column":9}},"type":"if","locations":[{"start":{"line":36,"column":8},"end":{"line":50,"column":9}},{"start":{"line":48,"column":15},"end":{"line":50,"column":9}}],"line":36},"1":{"loc":{"start":{"line":54,"column":4},"end":{"line":56,"column":5}},"type":"if","locations":[{"start":{"line":54,"column":4},"end":{"line":56,"column":5}},{"start":{},"end":{}}],"line":54}},"s":{"0":0,"1":0,"2":0,"3":0,"4":0,"5":0,"6":0,"7":0,"8":0,"9":0,"10":0,"11":0,"12":0,"13":0,"14":0,"15":0,"16":0,"17":0,"18":0,"19":0,"20":0,"21":0},"f":{"0":0,"1":0,"2":0,"3":0,"4":0,"5":0,"6":0},"b":{"0":[0,0],"1":[0,0]}}
,"/home/whoami/Documents/Kuvera/kuvera-app/components/haptic-tab.tsx": {"path":"/home/whoami/Documents/Kuvera/kuvera-app/components/haptic-tab.tsx","statementMap":{"0":{"start":{"line":6,"column":2},"end":{"line":17,"column":4}},"1":{"start":{"line":10,"column":8},"end":{"line":13,"column":9}},"2":{"start":{"line":12,"column":10},"end":{"line":12,"column":65}},"3":{"start":{"line":14,"column":8},"end":{"line":14,"column":30}}},"fnMap":{"0":{"name":"HapticTab","decl":{"start":{"line":5,"column":16},"end":{"line":5,"column":25}},"loc":{"start":{"line":5,"column":58},"end":{"line":18,"column":1}},"line":5},"1":{"name":"(anonymous_1)","decl":{"start":{"line":9,"column":17},"end":{"line":9,"column":18}},"loc":{"start":{"line":9,"column":25},"end":{"line":15,"column":7}},"line":9}},"branchMap":{"0":{"loc":{"start":{"line":10,"column":8},"end":{"line":13,"column":9}},"type":"if","locations":[{"start":{"line":10,"column":8},"end":{"line":13,"column":9}},{"start":{},"end":{}}],"line":10}},"s":{"0":0,"1":0,"2":0,"3":0},"f":{"0":0,"1":0},"b":{"0":[0,0]}}
,"/home/whoami/Documents/Kuvera/kuvera-app/components/hello-wave.tsx": {"path":"/home/whoami/Documents/Kuvera/kuvera-app/components/hello-wave.tsx","statementMap":{"0":{"start":{"line":6,"column":28},"end":{"line":6,"column":43}},"1":{"start":{"line":7,"column":2},"end":{"line":26,"column":4}},"2":{"start":{"line":9,"column":59},"end":{"line":9,"column":76}}},"fnMap":{"0":{"name":"HelloWave","decl":{"start":{"line":5,"column":16},"end":{"line":5,"column":25}},"loc":{"start":{"line":5,"column":28},"end":{"line":27,"column":1}},"line":5},"1":{"name":"(anonymous_1)","decl":{"start":{"line":9,"column":53},"end":{"line":9,"column":54}},"loc":{"start":{"line":9,"column":59},"end":{"line":9,"column":76}},"line":9}},"branchMap":{},"s":{"0":5,"1":5,"2":1},"f":{"0":5,"1":1},"b":{},"_coverageSchema":"1a1c01bbd47fc00a2c39e90264f33305004495a9","hash":"3207a19fa6c2a7d095b720eb4b021030c2e0a333"}
,"/home/whoami/Documents/Kuvera/kuvera-app/components/option-stack-screen.tsx": {"path":"/home/whoami/Documents/Kuvera/kuvera-app/components/option-stack-screen.tsx","statementMap":{"0":{"start":{"line":16,"column":23},"end":{"line":16,"column":38}},"1":{"start":{"line":17,"column":4},"end":{"line":25,"column":6}},"2":{"start":{"line":20,"column":27},"end":{"line":20,"column":46}},"3":{"start":{"line":29,"column":56},"end":{"line":36,"column":1}},"4":{"start":{"line":35,"column":22},"end":{"line":35,"column":40}}},"fnMap":{"0":{"name":"BackNavigation","decl":{"start":{"line":15,"column":9},"end":{"line":15,"column":23}},"loc":{"start":{"line":15,"column":74},"end":{"line":26,"column":1}},"line":15},"1":{"name":"(anonymous_1)","decl":{"start":{"line":20,"column":21},"end":{"line":20,"column":22}},"loc":{"start":{"line":20,"column":27},"end":{"line":20,"column":46}},"line":20},"2":{"name":"(anonymous_2)","decl":{"start":{"line":35,"column":16},"end":{"line":35,"column":17}},"loc":{"start":{"line":35,"column":22},"end":{"line":35,"column":40}},"line":35}},"branchMap":{"0":{"loc":{"start":{"line":15,"column":26},"end":{"line":15,"column":44}},"type":"default-arg","locations":[{"start":{"line":15,"column":39},"end":{"line":15,"column":44}}],"line":15}},"s":{"0":0,"1":0,"2":0,"3":0,"4":0},"f":{"0":0,"1":0,"2":0},"b":{"0":[0]}}
,"/home/whoami/Documents/Kuvera/kuvera-app/components/parallax-scroll-view.tsx": {"path":"/home/whoami/Documents/Kuvera/kuvera-app/components/parallax-scroll-view.tsx","statementMap":{"0":{"start":{"line":14,"column":22},"end":{"line":14,"column":25}},"1":{"start":{"line":26,"column":26},"end":{"line":26,"column":57}},"2":{"start":{"line":27,"column":22},"end":{"line":27,"column":49}},"3":{"start":{"line":28,"column":20},"end":{"line":28,"column":57}},"4":{"start":{"line":29,"column":23},"end":{"line":29,"column":49}},"5":{"start":{"line":30,"column":30},"end":{"line":45,"column":4}},"6":{"start":{"line":31,"column":4},"end":{"line":44,"column":6}},"7":{"start":{"line":47,"column":2},"end":{"line":62,"column":4}},"8":{"start":{"line":65,"column":15},"end":{"line":79,"column":2}}},"fnMap":{"0":{"name":"ParallaxScrollView","decl":{"start":{"line":21,"column":24},"end":{"line":21,"column":42}},"loc":{"start":{"line":25,"column":10},"end":{"line":63,"column":1}},"line":25},"1":{"name":"(anonymous_1)","decl":{"start":{"line":30,"column":47},"end":{"line":30,"column":48}},"loc":{"start":{"line":30,"column":53},"end":{"line":45,"column":3}},"line":30}},"branchMap":{"0":{"loc":{"start":{"line":27,"column":22},"end":{"line":27,"column":49}},"type":"binary-expr","locations":[{"start":{"line":27,"column":22},"end":{"line":27,"column":38}},{"start":{"line":27,"column":42},"end":{"line":27,"column":49}}],"line":27}},"s":{"0":0,"1":0,"2":0,"3":0,"4":0,"5":0,"6":0,"7":0,"8":0},"f":{"0":0,"1":0},"b":{"0":[0,0]}}
,"/home/whoami/Documents/Kuvera/kuvera-app/components/themed-text.tsx": {"path":"/home/whoami/Documents/Kuvera/kuvera-app/components/themed-text.tsx","statementMap":{"0":{"start":{"line":18,"column":16},"end":{"line":18,"column":77}},"1":{"start":{"line":20,"column":2},"end":{"line":33,"column":4}},"2":{"start":{"line":36,"column":15},"end":{"line":60,"column":2}}},"fnMap":{"0":{"name":"ThemedText","decl":{"start":{"line":11,"column":16},"end":{"line":11,"column":26}},"loc":{"start":{"line":17,"column":20},"end":{"line":34,"column":1}},"line":17}},"branchMap":{"0":{"loc":{"start":{"line":15,"column":2},"end":{"line":15,"column":18}},"type":"default-arg","locations":[{"start":{"line":15,"column":9},"end":{"line":15,"column":18}}],"line":15},"1":{"loc":{"start":{"line":24,"column":8},"end":{"line":24,"column":55}},"type":"cond-expr","locations":[{"start":{"line":24,"column":29},"end":{"line":24,"column":43}},{"start":{"line":24,"column":46},"end":{"line":24,"column":55}}],"line":24},"2":{"loc":{"start":{"line":25,"column":8},"end":{"line":25,"column":51}},"type":"cond-expr","locations":[{"start":{"line":25,"column":27},"end":{"line":25,"column":39}},{"start":{"line":25,"column":42},"end":{"line":25,"column":51}}],"line":25},"3":{"loc":{"start":{"line":26,"column":8},"end":{"line":26,"column":71}},"type":"cond-expr","locations":[{"start":{"line":26,"column":37},"end":{"line":26,"column":59}},{"start":{"line":26,"column":62},"end":{"line":26,"column":71}}],"line":26},"4":{"loc":{"start":{"line":27,"column":8},"end":{"line":27,"column":57}},"type":"cond-expr","locations":[{"start":{"line":27,"column":30},"end":{"line":27,"column":45}},{"start":{"line":27,"column":48},"end":{"line":27,"column":57}}],"line":27},"5":{"loc":{"start":{"line":28,"column":8},"end":{"line":28,"column":49}},"type":"cond-expr","locations":[{"start":{"line":28,"column":26},"end":{"line":28,"column":37}},{"start":{"line":28,"column":40},"end":{"line":28,"column":49}}],"line":28}},"s":{"0":0,"1":0,"2":0},"f":{"0":0},"b":{"0":[0],"1":[0,0],"2":[0,0],"3":[0,0],"4":[0,0],"5":[0,0]}}
,"/home/whoami/Documents/Kuvera/kuvera-app/components/themed-view.tsx": {"path":"/home/whoami/Documents/Kuvera/kuvera-app/components/themed-view.tsx","statementMap":{"0":{"start":{"line":11,"column":26},"end":{"line":11,"column":93}},"1":{"start":{"line":13,"column":2},"end":{"line":13,"column":71}}},"fnMap":{"0":{"name":"ThemedView","decl":{"start":{"line":10,"column":16},"end":{"line":10,"column":26}},"loc":{"start":{"line":10,"column":93},"end":{"line":14,"column":1}},"line":10}},"branchMap":{},"s":{"0":0,"1":0},"f":{"0":0},"b":{}}
,"/home/whoami/Documents/Kuvera/kuvera-app/components/input/date-time-input/index.tsx": {"path":"/home/whoami/Documents/Kuvera/kuvera-app/components/input/date-time-input/index.tsx","statementMap":{"0":{"start":{"line":12,"column":67},"end":{"line":157,"column":1}},"1":{"start":{"line":21,"column":8},"end":{"line":21,"column":13}},"2":{"start":{"line":23,"column":24},"end":{"line":23,"column":34}},"3":{"start":{"line":24,"column":48},"end":{"line":24,"column":63}},"4":{"start":{"line":25,"column":34},"end":{"line":25,"column":49}},"5":{"start":{"line":26,"column":28},"end":{"line":26,"column":49}},"6":{"start":{"line":27,"column":40},"end":{"line":27,"column":71}},"7":{"start":{"line":28,"column":28},"end":{"line":28,"column":61}},"8":{"start":{"line":31,"column":26},"end":{"line":31,"column":50}},"9":{"start":{"line":34,"column":26},"end":{"line":36,"column":5}},"10":{"start":{"line":35,"column":8},"end":{"line":35,"column":32}},"11":{"start":{"line":38,"column":25},"end":{"line":41,"column":5}},"12":{"start":{"line":39,"column":8},"end":{"line":39,"column":39}},"13":{"start":{"line":40,"column":8},"end":{"line":40,"column":18}},"14":{"start":{"line":43,"column":20},"end":{"line":46,"column":5}},"15":{"start":{"line":44,"column":8},"end":{"line":44,"column":33}},"16":{"start":{"line":45,"column":8},"end":{"line":45,"column":26}},"17":{"start":{"line":50,"column":4},"end":{"line":54,"column":11}},"18":{"start":{"line":51,"column":8},"end":{"line":53,"column":9}},"19":{"start":{"line":52,"column":12},"end":{"line":52,"column":28}},"20":{"start":{"line":56,"column":4},"end":{"line":58,"column":15}},"21":{"start":{"line":57,"column":8},"end":{"line":57,"column":43}},"22":{"start":{"line":57,"column":19},"end":{"line":57,"column":43}},"23":{"start":{"line":61,"column":21},"end":{"line":77,"column":5}},"24":{"start":{"line":62,"column":8},"end":{"line":65,"column":9}},"25":{"start":{"line":63,"column":12},"end":{"line":63,"column":32}},"26":{"start":{"line":64,"column":12},"end":{"line":64,"column":19}},"27":{"start":{"line":67,"column":28},"end":{"line":67,"column":48}},"28":{"start":{"line":68,"column":8},"end":{"line":68,"column":29}},"29":{"start":{"line":70,"column":8},"end":{"line":76,"column":9}},"30":{"start":{"line":71,"column":12},"end":{"line":71,"column":33}},"31":{"start":{"line":72,"column":12},"end":{"line":75,"column":13}},"32":{"start":{"line":73,"column":16},"end":{"line":73,"column":32}},"33":{"start":{"line":74,"column":16},"end":{"line":74,"column":36}},"34":{"start":{"line":79,"column":26},"end":{"line":81,"column":6}},"35":{"start":{"line":82,"column":26},"end":{"line":84,"column":6}},"36":{"start":{"line":86,"column":30},"end":{"line":89,"column":5}},"37":{"start":{"line":87,"column":8},"end":{"line":87,"column":29}},"38":{"start":{"line":88,"column":8},"end":{"line":88,"column":28}},"39":{"start":{"line":91,"column":25},"end":{"line":105,"column":5}},"40":{"start":{"line":92,"column":8},"end":{"line":104,"column":11}},"41":{"start":{"line":107,"column":31},"end":{"line":129,"column":5}},"42":{"start":{"line":108,"column":8},"end":{"line":128,"column":11}},"43":{"start":{"line":112,"column":35},"end":{"line":112,"column":106}},"44":{"start":{"line":120,"column":35},"end":{"line":120,"column":106}},"45":{"start":{"line":132,"column":4},"end":{"line":156,"column":5}},"46":{"start":{"line":151,"column":100},"end":{"line":151,"column":114}}},"fnMap":{"0":{"name":"(anonymous_0)","decl":{"start":{"line":12,"column":67},"end":{"line":12,"column":68}},"loc":{"start":{"line":12,"column":78},"end":{"line":157,"column":1}},"line":12},"1":{"name":"(anonymous_1)","decl":{"start":{"line":34,"column":26},"end":{"line":34,"column":27}},"loc":{"start":{"line":34,"column":32},"end":{"line":36,"column":5}},"line":34},"2":{"name":"(anonymous_2)","decl":{"start":{"line":38,"column":25},"end":{"line":38,"column":26}},"loc":{"start":{"line":38,"column":47},"end":{"line":41,"column":5}},"line":38},"3":{"name":"(anonymous_3)","decl":{"start":{"line":43,"column":20},"end":{"line":43,"column":21}},"loc":{"start":{"line":43,"column":26},"end":{"line":46,"column":5}},"line":43},"4":{"name":"(anonymous_4)","decl":{"start":{"line":50,"column":14},"end":{"line":50,"column":15}},"loc":{"start":{"line":50,"column":20},"end":{"line":54,"column":5}},"line":50},"5":{"name":"(anonymous_5)","decl":{"start":{"line":56,"column":14},"end":{"line":56,"column":15}},"loc":{"start":{"line":56,"column":20},"end":{"line":58,"column":5}},"line":56},"6":{"name":"(anonymous_6)","decl":{"start":{"line":61,"column":21},"end":{"line":61,"column":22}},"loc":{"start":{"line":61,"column":58},"end":{"line":77,"column":5}},"line":61},"7":{"name":"(anonymous_7)","decl":{"start":{"line":86,"column":30},"end":{"line":86,"column":31}},"loc":{"start":{"line":86,"column":64},"end":{"line":89,"column":5}},"line":86},"8":{"name":"(anonymous_8)","decl":{"start":{"line":91,"column":25},"end":{"line":91,"column":26}},"loc":{"start":{"line":91,"column":31},"end":{"line":105,"column":5}},"line":91},"9":{"name":"(anonymous_9)","decl":{"start":{"line":107,"column":31},"end":{"line":107,"column":32}},"loc":{"start":{"line":108,"column":8},"end":{"line":128,"column":11}},"line":108},"10":{"name":"(anonymous_10)","decl":{"start":{"line":112,"column":29},"end":{"line":112,"column":30}},"loc":{"start":{"line":112,"column":35},"end":{"line":112,"column":106}},"line":112},"11":{"name":"(anonymous_11)","decl":{"start":{"line":120,"column":29},"end":{"line":120,"column":30}},"loc":{"start":{"line":120,"column":35},"end":{"line":120,"column":106}},"line":120},"12":{"name":"(anonymous_12)","decl":{"start":{"line":151,"column":94},"end":{"line":151,"column":95}},"loc":{"start":{"line":151,"column":100},"end":{"line":151,"column":114}},"line":151}},"branchMap":{"0":{"loc":{"start":{"line":38,"column":26},"end":{"line":38,"column":42}},"type":"default-arg","locations":[{"start":{"line":38,"column":38},"end":{"line":38,"column":42}}],"line":38},"1":{"loc":{"start":{"line":51,"column":8},"end":{"line":53,"column":9}},"type":"if","locations":[{"start":{"line":51,"column":8},"end":{"line":53,"column":9}},{"start":{},"end":{}}],"line":51},"2":{"loc":{"start":{"line":57,"column":8},"end":{"line":57,"column":43}},"type":"if","locations":[{"start":{"line":57,"column":8},"end":{"line":57,"column":43}},{"start":{},"end":{}}],"line":57},"3":{"loc":{"start":{"line":62,"column":8},"end":{"line":65,"column":9}},"type":"if","locations":[{"start":{"line":62,"column":8},"end":{"line":65,"column":9}},{"start":{},"end":{}}],"line":62},"4":{"loc":{"start":{"line":62,"column":12},"end":{"line":62,"column":67}},"type":"binary-expr","locations":[{"start":{"line":62,"column":12},"end":{"line":62,"column":37}},{"start":{"line":62,"column":41},"end":{"line":62,"column":67}}],"line":62},"5":{"loc":{"start":{"line":67,"column":28},"end":{"line":67,"column":48}},"type":"binary-expr","locations":[{"start":{"line":67,"column":28},"end":{"line":67,"column":40}},{"start":{"line":67,"column":44},"end":{"line":67,"column":48}}],"line":67},"6":{"loc":{"start":{"line":70,"column":8},"end":{"line":76,"column":9}},"type":"if","locations":[{"start":{"line":70,"column":8},"end":{"line":76,"column":9}},{"start":{},"end":{}}],"line":70},"7":{"loc":{"start":{"line":72,"column":12},"end":{"line":75,"column":13}},"type":"if","locations":[{"start":{"line":72,"column":12},"end":{"line":75,"column":13}},{"start":{},"end":{}}],"line":72},"8":{"loc":{"start":{"line":93,"column":13},"end":{"line":103,"column":13}},"type":"binary-expr","locations":[{"start":{"line":93,"column":13},"end":{"line":93,"column":23}},{"start":{"line":94,"column":16},"end":{"line":102,"column":18}}],"line":93},"9":{"loc":{"start":{"line":98,"column":29},"end":{"line":98,"column":74}},"type":"cond-expr","locations":[{"start":{"line":98,"column":53},"end":{"line":98,"column":62}},{"start":{"line":98,"column":65},"end":{"line":98,"column":74}}],"line":98},"10":{"loc":{"start":{"line":112,"column":35},"end":{"line":112,"column":106}},"type":"cond-expr","locations":[{"start":{"line":112,"column":63},"end":{"line":112,"column":88}},{"start":{"line":112,"column":91},"end":{"line":112,"column":106}}],"line":112},"11":{"loc":{"start":{"line":113,"column":45},"end":{"line":113,"column":85}},"type":"binary-expr","locations":[{"start":{"line":113,"column":45},"end":{"line":113,"column":60}},{"start":{"line":113,"column":64},"end":{"line":113,"column":85}}],"line":113},"12":{"loc":{"start":{"line":115,"column":33},"end":{"line":115,"column":74}},"type":"binary-expr","locations":[{"start":{"line":115,"column":33},"end":{"line":115,"column":48}},{"start":{"line":115,"column":52},"end":{"line":115,"column":74}}],"line":115},"13":{"loc":{"start":{"line":120,"column":35},"end":{"line":120,"column":106}},"type":"cond-expr","locations":[{"start":{"line":120,"column":63},"end":{"line":120,"column":88}},{"start":{"line":120,"column":91},"end":{"line":120,"column":106}}],"line":120},"14":{"loc":{"start":{"line":121,"column":45},"end":{"line":121,"column":85}},"type":"binary-expr","locations":[{"start":{"line":121,"column":45},"end":{"line":121,"column":60}},{"start":{"line":121,"column":64},"end":{"line":121,"column":85}}],"line":121},"15":{"loc":{"start":{"line":123,"column":33},"end":{"line":123,"column":74}},"type":"binary-expr","locations":[{"start":{"line":123,"column":33},"end":{"line":123,"column":48}},{"start":{"line":123,"column":52},"end":{"line":123,"column":74}}],"line":123},"16":{"loc":{"start":{"line":134,"column":19},"end":{"line":134,"column":56}},"type":"binary-expr","locations":[{"start":{"line":134,"column":19},"end":{"line":134,"column":24}},{"start":{"line":134,"column":28},"end":{"line":134,"column":56}}],"line":134}},"s":{"0":0,"1":0,"2":0,"3":0,"4":0,"5":0,"6":0,"7":0,"8":0,"9":0,"10":0,"11":0,"12":0,"13":0,"14":0,"15":0,"16":0,"17":0,"18":0,"19":0,"20":0,"21":0,"22":0,"23":0,"24":0,"25":0,"26":0,"27":0,"28":0,"29":0,"30":0,"31":0,"32":0,"33":0,"34":0,"35":0,"36":0,"37":0,"38":0,"39":0,"40":0,"41":0,"42":0,"43":0,"44":0,"45":0,"46":0},"f":{"0":0,"1":0,"2":0,"3":0,"4":0,"5":0,"6":0,"7":0,"8":0,"9":0,"10":0,"11":0,"12":0},"b":{"0":[0],"1":[0,0],"2":[0,0],"3":[0,0],"4":[0,0],"5":[0,0],"6":[0,0],"7":[0,0],"8":[0,0],"9":[0,0],"10":[0,0],"11":[0,0],"12":[0,0],"13":[0,0],"14":[0,0],"15":[0,0],"16":[0,0]}}
,"/home/whoami/Documents/Kuvera/kuvera-app/components/input/date-time-input/style.ts": {"path":"/home/whoami/Documents/Kuvera/kuvera-app/components/input/date-time-input/style.ts","statementMap":{"0":{"start":{"line":4,"column":19},"end":{"line":4,"column":43}},"1":{"start":{"line":5,"column":27},"end":{"line":41,"column":2}}},"fnMap":{},"branchMap":{},"s":{"0":0,"1":0},"f":{},"b":{}}
,"/home/whoami/Documents/Kuvera/kuvera-app/components/input/date-time-input/type.ts": {"path":"/home/whoami/Documents/Kuvera/kuvera-app/components/input/date-time-input/type.ts","statementMap":{},"fnMap":{},"branchMap":{},"s":{},"f":{},"b":{}}
,"/home/whoami/Documents/Kuvera/kuvera-app/components/input/input-field/index.tsx": {"path":"/home/whoami/Documents/Kuvera/kuvera-app/components/input/input-field/index.tsx","statementMap":{"0":{"start":{"line":43,"column":40},"end":{"line":43,"column":51}},"1":{"start":{"line":45,"column":22},"end":{"line":45,"column":51}},"2":{"start":{"line":46,"column":18},"end":{"line":49,"column":6}},"3":{"start":{"line":50,"column":23},"end":{"line":53,"column":6}},"4":{"start":{"line":54,"column":23},"end":{"line":57,"column":6}},"5":{"start":{"line":59,"column":20},"end":{"line":63,"column":18}},"6":{"start":{"line":60,"column":8},"end":{"line":63,"column":18}},"7":{"start":{"line":65,"column":4},"end":{"line":71,"column":25}},"8":{"start":{"line":66,"column":8},"end":{"line":70,"column":9}},"9":{"start":{"line":67,"column":12},"end":{"line":67,"column":23}},"10":{"start":{"line":69,"column":12},"end":{"line":69,"column":23}},"11":{"start":{"line":73,"column":26},"end":{"line":76,"column":5}},"12":{"start":{"line":74,"column":26},"end":{"line":74,"column":50}},"13":{"start":{"line":75,"column":8},"end":{"line":75,"column":34}},"14":{"start":{"line":78,"column":26},"end":{"line":82,"column":15}},"15":{"start":{"line":79,"column":8},"end":{"line":79,"column":68}},"16":{"start":{"line":79,"column":35},"end":{"line":79,"column":68}},"17":{"start":{"line":81,"column":8},"end":{"line":81,"column":21}},"18":{"start":{"line":85,"column":4},"end":{"line":138,"column":5}},"19":{"start":{"line":126,"column":46},"end":{"line":126,"column":61}}},"fnMap":{"0":{"name":"InputFieldKuvera","decl":{"start":{"line":26,"column":24},"end":{"line":26,"column":40}},"loc":{"start":{"line":42,"column":20},"end":{"line":139,"column":1}},"line":42},"1":{"name":"(anonymous_1)","decl":{"start":{"line":59,"column":20},"end":{"line":59,"column":21}},"loc":{"start":{"line":60,"column":8},"end":{"line":63,"column":18}},"line":60},"2":{"name":"(anonymous_2)","decl":{"start":{"line":65,"column":14},"end":{"line":65,"column":15}},"loc":{"start":{"line":65,"column":20},"end":{"line":71,"column":5}},"line":65},"3":{"name":"(anonymous_3)","decl":{"start":{"line":73,"column":26},"end":{"line":73,"column":27}},"loc":{"start":{"line":73,"column":56},"end":{"line":76,"column":5}},"line":73},"4":{"name":"(anonymous_4)","decl":{"start":{"line":78,"column":34},"end":{"line":78,"column":35}},"loc":{"start":{"line":78,"column":40},"end":{"line":82,"column":5}},"line":78},"5":{"name":"(anonymous_5)","decl":{"start":{"line":126,"column":40},"end":{"line":126,"column":41}},"loc":{"start":{"line":126,"column":46},"end":{"line":126,"column"
[...]
,"/home/whoami/Documents/Kuvera/kuvera-app/states/gold-antam-price/action.ts": {"path":"/home/whoami/Documents/Kuvera/kuvera-app/states/gold-antam-price/action.ts","statementMap":{"0":{"start":{"line":8,"column":4},"end":{"line":18,"column":5}},"1":{"start":{"line":9,"column":8},"end":{"line":17,"column":9}},"2":{"start":{"line":10,"column":12},"end":{"line":10,"column":37}},"3":{"start":{"line":11,"column":27},"end":{"line":11,"column":52}},"4":{"start":{"line":12,"column":12},"end":{"line":12,"column":100}},"5":{"start":{"line":12,"column":53},"end":{"line":12,"column":98}},"6":{"start":{"line":14,"column":12},"end":{"line":14,"column":61}},"7":{"start":{"line":16,"column":12},"end":{"line":16,"column":38}},"8":{"start":{"line":24,"column":4},"end":{"line":35,"column":5}},"9":{"start":{"line":25,"column":8},"end":{"line":34,"column":9}},"10":{"start":{"line":26,"column":12},"end":{"line":26,"column":37}},"11":{"start":{"line":27,"column":27},"end":{"line":27,"column":47}},"12":{"start":{"line":29,"column":12},"end":{"line":29,"column":31}},"13":{"start":{"line":31,"column":12},"end":{"line":31,"column":61}},"14":{"start":{"line":33,"column":12},"end":{"line":33,"column":38}}},"fnMap":{"0":{"name":"AsyncGetAntamGoldPrice","decl":{"start":{"line":5,"column":16},"end":{"line":5,"column":38}},"loc":{"start":{"line":7,"column":27},"end":{"line":19,"column":1}},"line":7},"1":{"name":"(anonymous_1)","decl":{"start":{"line":8,"column":11},"end":{"line":8,"column":12}},"loc":{"start":{"line":8,"column":35},"end":{"line":18,"column":5}},"line":8},"2":{"name":"(anonymous_2)","decl":{"start":{"line":12,"column":43},"end":{"line":12,"column":44}},"loc":{"start":{"line":12,"column":53},"end":{"line":12,"column":98}},"line":12},"3":{"name":"AsyncGetGoldPrice","decl":{"start":{"line":21,"column":16},"end":{"line":21,"column":33}},"loc":{"start":{"line":23,"column":22},"end":{"line":36,"column":1}},"line":23},"4":{"name":"(anonymous_4)","decl":{"start":{"line":24,"column":11},"end":{"line":24,"column":12}},"loc":{"start":{"line":24,"column":35},"end":{"line":35,"column":5}},"line":24}},"branchMap":{},"s":{"0":0,"1":0,"2":0,"3":0,"4":0,"5":0,"6":0,"7":0,"8":0,"9":0,"10":0,"11":0,"12":0,"13":0,"14":0},"f":{"0":0,"1":0,"2":0,"3":0,"4":0},"b":{}}
,"/home/whoami/Documents/Kuvera/kuvera-app/states/gold-antam-price/type.ts": {"path":"/home/whoami/Documents/Kuvera/kuvera-app/states/gold-antam-price/type.ts","statementMap":{},"fnMap":{},"branchMap":{},"s":{},"f":{},"b":{}}
,"/home/whoami/Documents/Kuvera/kuvera-app/states/home-refresh/action.ts": {"path":"/home/whoami/Documents/Kuvera/kuvera-app/states/home-refresh/action.ts","statementMap":{"0":{"start":{"line":4,"column":4},"end":{"line":9,"column":5}},"1":{"start":{"line":13,"column":4},"end":{"line":18,"column":5}},"2":{"start":{"line":14,"column":8},"end":{"line":14,"column":38}},"3":{"start":{"line":15,"column":8},"end":{"line":15,"column":71}},"4":{"start":{"line":15,"column":45},"end":{"line":15,"column":69}},"5":{"start":{"line":16,"column":8},"end":{"line":16,"column":39}}},"fnMap":{"0":{"name":"setHomeRefresh","decl":{"start":{"line":3,"column":9},"end":{"line":3,"column":23}},"loc":{"start":{"line":3,"column":42},"end":{"line":10,"column":1}},"line":3},"1":{"name":"actionHomeRefresh","decl":{"start":{"line":12,"column":16},"end":{"line":12,"column":33}},"loc":{"start":{"line":12,"column":36},"end":{"line":19,"column":1}},"line":12},"2":{"name":"(anonymous_2)","decl":{"start":{"line":13,"column":11},"end":{"line":13,"column":12}},"loc":{"start":{"line":13,"column":36},"end":{"line":18,"column":5}},"line":13},"3":{"name":"(anonymous_3)","decl":{"start":{"line":15,"column":32},"end":{"line":15,"column":33}},"loc":{"start":{"line":15,"column":45},"end":{"line":15,"column":69}},"line":15}},"branchMap":{},"s":{"0":0,"1":0,"2":0,"3":0,"4":0,"5":0},"f":{"0":0,"1":0,"2":0,"3":0},"b":{}}
,"/home/whoami/Documents/Kuvera/kuvera-app/states/home-refresh/reducer.ts": {"path":"/home/whoami/Documents/Kuvera/kuvera-app/states/home-refresh/reducer.ts","statementMap":{"0":{"start":{"line":8,"column":2},"end":{"line":13,"column":3}},"1":{"start":{"line":10,"column":6},"end":{"line":10,"column":36}},"2":{"start":{"line":12,"column":6},"end":{"line":12,"column":21}}},"fnMap":{"0":{"name":"homeRefreshReducer","decl":{"start":{"line":4,"column":9},"end":{"line":4,"column":27}},"loc":{"start":{"line":7,"column":2},"end":{"line":14,"column":1}},"line":7}},"branchMap":{"0":{"loc":{"start":{"line":5,"column":2},"end":{"line":5,"column":17}},"type":"default-arg","locations":[{"start":{"line":5,"column":12},"end":{"line":5,"column":17}}],"line":5},"1":{"loc":{"start":{"line":6,"column":2},"end":{"line":6,"column":38}},"type":"default-arg","locations":[{"start":{"line":6,"column":11},"end":{"line":6,"column":38}}],"line":6},"2":{"loc":{"start":{"line":8,"column":2},"end":{"line":13,"column":3}},"type":"switch","locations":[{"start":{"line":9,"column":4},"end":{"line":10,"column":36}},{"start":{"line":11,"column":4},"end":{"line":12,"column":21}}],"line":8}},"s":{"0":3,"1":0,"2":3},"f":{"0":3},"b":{"0":[3],"1":[0],"2":[0,3]},"_coverageSchema":"1a1c01bbd47fc00a2c39e90264f33305004495a9","hash":"8b99501037a5b736dcb1dd2a0362f7fbecf623ee"}
,"/home/whoami/Documents/Kuvera/kuvera-app/states/home-refresh/type.ts": {"path":"/home/whoami/Documents/Kuvera/kuvera-app/states/home-refresh/type.ts","statementMap":{},"fnMap":{},"branchMap":{},"s":{},"f":{},"b":{}}
,"/home/whoami/Documents/Kuvera/kuvera-app/states/preload/action.ts": {"path":"/home/whoami/Documents/Kuvera/kuvera-app/states/preload/action.ts","statementMap":{"0":{"start":{"line":7,"column":4},"end":{"line":12,"column":5}},"1":{"start":{"line":16,"column":4},"end":{"line":30,"column":5}},"2":{"start":{"line":17,"column":8},"end":{"line":29,"column":9}},"3":{"start":{"line":18,"column":12},"end":{"line":18,"column":38}},"4":{"start":{"line":19,"column":12},"end":{"line":19,"column":45}},"5":{"start":{"line":22,"column":25},"end":{"line":22,"column":50}},"6":{"start":{"line":23,"column":12},"end":{"line":23,"column":52}},"7":{"start":{"line":25,"column":12},"end":{"line":25,"column":61}},"8":{"start":{"line":27,"column":12},"end":{"line":27,"column":45}},"9":{"start":{"line":28,"column":12},"end":{"line":28,"column":39}}},"fnMap":{"0":{"name":"setPreloadAction","decl":{"start":{"line":6,"column":16},"end":{"line":6,"column":32}},"loc":{"start":{"line":6,"column":51},"end":{"line":13,"column":1}},"line":6},"1":{"name":"asyncPreloadProcess","decl":{"start":{"line":15,"column":16},"end":{"line":15,"column":35}},"loc":{"start":{"line":15,"column":38},"end":{"line":31,"column":1}},"line":15},"2":{"name":"(anonymous_2)","decl":{"start":{"line":16,"column":11},"end":{"line":16,"column":12}},"loc":{"start":{"line":16,"column":36},"end":{"line":30,"column":5}},"line":16}},"branchMap":{},"s":{"0":0,"1":0,"2":0,"3":0,"4":0,"5":0,"6":0,"7":0,"8":0,"9":0},"f":{"0":0,"1":0,"2":0},"b":{}}
,"/home/whoami/Documents/Kuvera/kuvera-app/states/preload/reducer.ts": {"path":"/home/whoami/Documents/Kuvera/kuvera-app/states/preload/reducer.ts","statementMap":{"0":{"start":{"line":12,"column":2},"end":{"line":17,"column":3}},"1":{"start":{"line":14,"column":6},"end":{"line":14,"column":36}},"2":{"start":{"line":16,"column":6},"end":{"line":16,"column":21}}},"fnMap":{"0":{"name":"isPreloadReducer","decl":{"start":{"line":11,"column":9},"end":{"line":11,"column":25}},"loc":{"start":{"line":11,"column":65},"end":{"line":18,"column":1}},"line":11}},"branchMap":{"0":{"loc":{"start":{"line":11,"column":26},"end":{"line":11,"column":40}},"type":"default-arg","locations":[{"start":{"line":11,"column":36},"end":{"line":11,"column":40}}],"line":11},"1":{"loc":{"start":{"line":11,"column":42},"end":{"line":11,"column":63}},"type":"default-arg","locations":[{"start":{"line":11,"column":51},"end":{"line":11,"column":63}}],"line":11},"2":{"loc":{"start":{"line":12,"column":2},"end":{"line":17,"column":3}},"type":"switch","locations":[{"start":{"line":13,"column":4},"end":{"line":14,"column":36}},{"start":{"line":15,"column":4},"end":{"line":16,"column":21}}],"line":12}},"s":{"0":3,"1":0,"2":3},"f":{"0":3},"b":{"0":[3],"1":[0],"2":[0,3]},"_coverageSchema":"1a1c01bbd47fc00a2c39e90264f33305004495a9","hash":"a844efd7164bfac6481acc07c4ff836f3e52b566"}
,"/home/whoami/Documents/Kuvera/kuvera-app/states/stock-idx/action.ts": {"path":"/home/whoami/Documents/Kuvera/kuvera-app/states/stock-idx/action.ts","statementMap":{"0":{"start":{"line":7,"column":4},"end":{"line":18,"column":5}},"1":{"start":{"line":8,"column":8},"end":{"line":17,"column":9}},"2":{"start":{"line":9,"column":12},"end":{"line":9,"column":36}},"3":{"start":{"line":10,"column":33},"end":{"line":10,"column":52}},"4":{"start":{"line":11,"column":12},"end":{"line":11,"column":47}},"5":{"start":{"line":12,"column":12},"end":{"line":12,"column":41}},"6":{"start":{"line":14,"column":12},"end":{"line":14,"column":63}},"7":{"start":{"line":16,"column":12},"end":{"line":16,"column":37}}},"fnMap":{"0":{"name":"asyncGetStockIDXPrice","decl":{"start":{"line":4,"column":16},"end":{"line":4,"column":37}},"loc":{"start":{"line":6,"column":30},"end":{"line":19,"column":1}},"line":6},"1":{"name":"(anonymous_1)","decl":{"start":{"line":7,"column":11},"end":{"line":7,"column":12}},"loc":{"start":{"line":7,"column":36},"end":{"line":18,"column":5}},"line":7}},"branchMap":{},"s":{"0":0,"1":0,"2":0,"3":0,"4":0,"5":0,"6":0,"7":0},"f":{"0":0,"1":0},"b":{}}
,"/home/whoami/Documents/Kuvera/kuvera-app/states/stock-idx/type.ts": {"path":"/home/whoami/Documents/Kuvera/kuvera-app/states/stock-idx/type.ts","statementMap":{},"fnMap":{},"branchMap":{},"s":{},"f":{},"b":{}}
,"/home/whoami/Documents/Kuvera/kuvera-app/states/transaction/action.ts": {"path":"/home/whoami/Documents/Kuvera/kuvera-app/states/transaction/action.ts","statementMap":{"0":{"start":{"line":8,"column":4},"end":{"line":14,"column":5}},"1":{"start":{"line":18,"column":4},"end":{"line":23,"column":5}},"2":{"start":{"line":29,"column":4},"end":{"line":54,"column":5}},"3":{"start":{"line":30,"column":8},"end":{"line":30,"column":35}},"4":{"start":{"line":31,"column":8},"end":{"line":53,"column":9}},"5":{"start":{"line":32,"column":27},"end":{"line":38,"column":14}},"6":{"start":{"line":39,"column":12},"end":{"line":39,"column":29}},"7":{"start":{"line":40,"column":12},"end":{"line":48,"column":14}},"8":{"start":{"line":50,"column":12},"end":{"line":50,"column":59}},"9":{"start":{"line":52,"column":12},"end":{"line":52,"column":40}},"10":{"start":{"line":60,"column":4},"end":{"line":76,"column":5}},"11":{"start":{"line":61,"column":55},"end":{"line":61,"column":57}},"12":{"start":{"line":62,"column":8},"end":{"line":62,"column":64}},"13":{"start":{"line":63,"column":8},"end":{"line":75,"column":9}},"14":{"start":{"line":64,"column":29},"end":{"line":68,"column":14}},"15":{"start":{"line":70,"column":12},"end":{"line":70,"column":30}},"16":{"start":{"line":72,"column":12},"end":{"line":72,"column":69}},"17":{"start":{"line":74,"column":12},"end":{"line":74,"column":69}},"18":{"start":{"line":82,"column":4},"end":{"line":98,"column":5}},"19":{"start":{"line":83,"column":8},"end":{"line":83,"column":27}},"20":{"start":{"line":84,"column":8},"end":{"line":97,"column":9}},"21":{"start":{"line":85,"column":29},"end":{"line":90,"column":14}},"22":{"start":{"line":92,"column":12},"end":{"line":92,"column":37}},"23":{"start":{"line":94,"column":12},"end":{"line":94,"column":60}},"24":{"start":{"line":96,"column":12},"end":{"line":96,"column":32}},"25":{"start":{"line":104,"column":4},"end":{"line":116,"column":5}},"26":{"start":{"line":105,"column":8},"end":{"line":105,"column":27}},"27":{"start":{"line":106,"column":8},"end":{"line":115,"column":9}},"28":{"start":{"line":107,"column":12},"end":{"line":107,"column":73}},"29":{"start":{"line":108,"column":29},"end":{"line":108,"column":67}},"30":{"start":{"line":110,"column":12},"end":{"line":110,"column":37}},"31":{"start":{"line":112,"column":12},"end":{"line":112,"column":70}},"32":{"start":{"line":114,"column":12},"end":{"line":114,"column":32}},"33":{"start":{"line":122,"column":5},"end":{"line":133,"column":5}},"34":{"start":{"line":123,"column":8},"end":{"line":123,"column":35}},"35":{"start":{"line":124,"column":8},"end":{"line":132,"column":9}},"36":{"start":{"line":125,"column":12},"end":{"line":125,"column":51}},"37":{"start":{"line":127,"column":12},"end":{"line":127,"column":29}},"38":{"start":{"line":129,"column":12},"end":{"line":129,"column":62}},"39":{"start":{"line":131,"column":12},"end":{"line":131,"column":40}},"40":{"start":{"line":139,"column":5},"end":{"line":159,"column":5}},"41":{"start":{"line":140,"column":8},"end":{"line":140,"column":35}},"42":{"start":{"line":141,"column":8},"end":{"line":158,"column":9}},"43":{"start":{"line":142,"column":27},"end":{"line":142,"column":61}},"44":{"start":{"line":144,"column":12},"end":{"line":144,"column":29}},"45":{"start":{"line":145,"column":12},"end":{"line":153,"column":15}},"46":{"start":{"line":155,"column":12},"end":{"line":155,"column":62}},"47":{"start":{"line":157,"column":12},"end":{"line":157,"column":40}}},"fnMap":{"0":{"name":"setSumerizeTransactionByCategory","decl":{"start":{"line":7,"column":9},"end":{"line":7,"column":41}},"loc":{"start":{"line":7,"column":102},"end":{"line":15,"column":1}},"line":7},"1":{"name":"addSumerizeTransactionByCategoryCreator","decl":{"start":{"line":17,"column":16},"end":{"line":17,"column":55}},"loc":{"start":{"line":17,"column":98},"end":{"line":24,"column":1}},"line":17},"2":{"name":"asyncAddTransaction","decl":{"start":{"line":26,"column":16},"end":{"line":26,"column":35}},"loc":{"start":{"line":28,"column":29},"end":{"line":55,"column":1}},"line":28},"3":{"name":"(anonymous_3)","decl":{"start":{"line":29,"column":11},"end":{"line":29,"column":12}},"loc":{"start":{"line":29,"column":36},"end":{"line":54,"column":5}},"line":29},"4":{"name":"asyncGetTransactionByCategory","decl":{"start":{"line":57,"column":16},"end":{"line":57,"column":45}},"loc":{"start":{"line":59,"column":39},"end":{"line":77,"column":1}},"line":59},"5":{"name":"(anonymous_5)","decl":{"start":{"line":60,"column":11},"end":{"line":60,"column":12}},"loc":{"start":{"line":60,"column":36},"end":{"line":76,"column":5}},"line":60},"6":{"name":"asyncGetTransactions","decl":{"start":{"line":79,"column":16},"end":{"line":79,"column":36}},"loc":{"start":{"line":81,"column":30},"end":{"line":99,"column":1}},"line":81},"7":{"name":"(anonymous_7)","decl":{"start":{"line":82,"column":11},"end":{"line":82,"column":12}},"loc":{"start":{"line":82,"column":36},"end":{"line":98,"column":5}},"line":82},"8":{"name":"asyncGetTransactionsByCategory","decl":{"start":{"line":101,"column":16},"end":{"line":101,"column":46}},"loc":{"start":{"line":103,"column":40},"end":{"line":117,"column":1}},"line":103},"9":{"name":"(anonymous_9)","decl":{"start":{"line":104,"column":11},"end":{"line":104,"column":12}},"loc":{"start":{"line":104,"column":36},"end":{"line":116,"column":5}},"line":104},"10":{"name":"asyncDeleteTransaction","decl":{"start":{"line":119,"column":16},"end":{"line":119,"column":38}},"loc":{"start":{"line":121,"column":32},"end":{"line":134,"column":1}},"line":121},"11":{"name":"(anonymous_11)","decl":{"start":{"line":122,"column":12},"end":{"line":122,"column":13}},"loc":{"start":{"line":122,"column":37},"end":{"line":133,"column":5}},"line":122},"12":{"name":"asyncUpdateTransaction","decl":{"start":{"line":136,"column":16},"end":{"line":136,"column":38}},"loc":{"start":{"line":138,"column":31},"end":{"line":160,"column":1}},"line":138},"13":{"name":"(anonymous_13)","decl":{"start":{"line":139,"column":12},"end":{"line":139,"column":13}},"loc":{"start":{"line":139,"column":37},"end":{"line":159,"column":5}},"line":139}},"branchMap":{},"s":{"0":0,"1":0,"2":0,"3":0,"4":0,"5":0,"6":0,"7":0,"8":0,"9":0,"10":0,"11":0,"12":0,"13":0,"14":0,"15":0,"16":0,"17":0,"18":0,"19":0,"20":0,"21":0,"22":0,"23":0,"24":0,"25":0,"26":0,"27":0,"28":0,"29":0,"30":0,"31":0,"32":0,"33":0,"34":0,"35":0,"36":0,"37":0,"38":0,"39":0,"40":0,"41":0,"42":0,"43":0,"44":0,"45":0,"46":0,"47":0},"f":{"0":0,"1":0,"2":0,"3":0,"4":0,"5":0,"6":0,"7":0,"8":0,"9":0,"10":0,"11":0,"12":0,"13":0},"b":{}}
,"/home/whoami/Documents/Kuvera/kuvera-app/states/transaction/reducer.ts": {"path":"/home/whoami/Documents/Kuvera/kuvera-app/states/transaction/reducer.ts","statementMap":{"0":{"start":{"line":11,"column":2},"end":{"line":27,"column":3}},"1":{"start":{"line":13,"column":6},"end":{"line":16,"column":8}},"2":{"start":{"line":18,"column":6},"end":{"line":21,"column":8}},"3":{"start":{"line":23,"column":6},"end":{"line":26,"column":8}}},"fnMap":{"0":{"name":"sumTransactionByCategory","decl":{"start":{"line":4,"column":16},"end":{"line":4,"column":40}},"loc":{"start":{"line":10,"column":2},"end":{"line":28,"column":1}},"line":10}},"branchMap":{"0":{"loc":{"start":{"line":5,"column":2},"end":{"line":8,"column":42}},"type":"default-arg","locations":[{"start":{"line":5,"column":12},"end":{"line":8,"column":42}}],"line":5},"1":{"loc":{"start":{"line":9,"column":2},"end":{"line":9,"column":54}},"type":"default-arg","locations":[{"start":{"line":9,"column":11},"end":{"line":9,"column":54}}],"line":9},"2":{"loc":{"start":{"line":11,"column":2},"end":{"line":27,"column":3}},"type":"switch","locations":[{"start":{"line":12,"column":4},"end":{"line":16,"column":8}},{"start":{"line":17,"column":4},"end":{"line":21,"column":8}},{"start":{"line":22,"column":4},"end":{"line":26,"column":9}}],"line":11}},"s":{"0":3,"1":0,"2":0,"3":3},"f":{"0":3},"b":{"0":[3],"1":[0],"2":[0,0,3]},"_coverageSchema":"1a1c01bbd47fc00a2c39e90264f33305004495a9","hash":"937dfede22052e5a721c3809ca3049cf4079cdf9"}
,"/home/whoami/Documents/Kuvera/kuvera-app/states/transaction/type.ts": {"path":"/home/whoami/Documents/Kuvera/kuvera-app/states/transaction/type.ts","statementMap":{},"fnMap":{},"branchMap":{},"s":{},"f":{},"b":{}}
,"/home/whoami/Documents/Kuvera/kuvera-app/states/visible-loading/action.ts": {"path":"/home/whoami/Documents/Kuvera/kuvera-app/states/visible-loading/action.ts","statementMap":{"0":{"start":{"line":4,"column":4},"end":{"line":9,"column":5}}},"fnMap":{"0":{"name":"setLoading","decl":{"start":{"line":3,"column":16},"end":{"line":3,"column":26}},"loc":{"start":{"line":3,"column":47},"end":{"line":10,"column":1}},"line":3}},"branchMap":{},"s":{"0":0},"f":{"0":0},"b":{}}
,"/home/whoami/Documents/Kuvera/kuvera-app/states/visible-loading/reducer.ts": {"path":"/home/whoami/Documents/Kuvera/kuvera-app/states/visible-loading/reducer.ts","statementMap":{"0":{"start":{"line":12,"column":2},"end":{"line":17,"column":3}},"1":{"start":{"line":14,"column":6},"end":{"line":14,"column":38}},"2":{"start":{"line":16,"column":6},"end":{"line":16,"column":21}}},"fnMap":{"0":{"name":"isLoadingReducer","decl":{"start":{"line":11,"column":9},"end":{"line":11,"column":25}},"loc":{"start":{"line":11,"column":66},"end":{"line":18,"column":1}},"line":11}},"branchMap":{"0":{"loc":{"start":{"line":11,"column":26},"end":{"line":11,"column":41}},"type":"default-arg","locations":[{"start":{"line":11,"column":36},"end":{"line":11,"column":41}}],"line":11},"1":{"loc":{"start":{"line":11,"column":43},"end":{"line":11,"column":64}},"type":"default-arg","locations":[{"start":{"line":11,"column":52},"end":{"line":11,"column":64}}],"line":11},"2":{"loc":{"start":{"line":12,"column":2},"end":{"line":17,"column":3}},"type":"switch","locations":[{"start":{"line":13,"column":4},"end":{"line":14,"column":38}},{"start":{"line":15,"column":4},"end":{"line":16,"column":21}}],"line":12}},"s":{"0":3,"1":0,"2":3},"f":{"0":3},"b":{"0":[3],"1":[0],"2":[0,3]},"_coverageSchema":"1a1c01bbd47fc00a2c39e90264f33305004495a9","hash":"62d4d641187cbaaab87f99b084babbec113b3b37"}
}
