TN:
SF:app.config.js
FNF:0
FNH:0
LF:0
LH:0
BRF:0
BRH:0
end_of_record
TN:
SF:eslint.config.js
FNF:0
FNH:0
DA:2,0
DA:3,0
DA:5,0
LF:3
LH:0
BRF:0
BRH:0
end_of_record
TN:
SF:app/_layout.tsx
FN:12,RootLayout
FN:25,(anonymous_1)
FNF:2
FNH:0
FNDA:0,RootLayout
FNDA:0,(anonymous_1)
DA:13,0
DA:14,0
DA:25,0
DA:26,0
DA:27,0
DA:31,0
DA:32,0
DA:35,0
LF:8
LH:0
BRDA:26,0,0,0
BRDA:26,0,1,0
BRDA:26,1,0,0
BRDA:26,1,1,0
BRDA:31,2,0,0
BRDA:31,2,1,0
BRDA:31,3,0,0
BRDA:31,3,1,0
BRDA:36,4,0,0
BRDA:36,4,1,0
BRF:10
BRH:0
end_of_record
TN:
SF:app/modal.tsx
FN:7,ModalScreen
FNF:1
FNH:0
FNDA:0,ModalScreen
DA:8,0
DA:18,0
LF:2
LH:0
BRF:0
BRH:0
end_of_record
TN:
SF:app/provider.tsx
FN:6,ReduxProvider
FN:9,(anonymous_1)
FNF:2
FNH:0
FNDA:0,ReduxProvider
FNDA:0,(anonymous_1)
DA:9,0
DA:11,0
DA:14,0
LF:3
LH:0
BRF:0
BRH:0
end_of_record
TN:
SF:app/(non-private)/_layout.tsx
FN:7,AuthLayout
FN:8,(anonymous_1)
FN:9,(anonymous_2)
FN:11,(anonymous_3)
FNF:4
FNH:0
FNDA:0,AuthLayout
FNDA:0,(anonymous_1)
FNDA:0,(anonymous_2)
FNDA:0,(anonymous_3)
DA:8,0
DA:9,0
DA:11,0
DA:12,0
DA:13,0
DA:17,0
DA:34,0
LF:7
LH:0
BRDA:12,0,0,0
BRDA:12,0,1,0
BRDA:12,1,0,0
BRDA:12,1,1,0
BRDA:19,2,0,0
BRDA:19,2,1,0
BRDA:25,3,0,0
BRDA:25,3,1,0
BRF:8
BRH:0
end_of_record
TN:
SF:app/(non-private)/login/index.tsx
FN:10,LoginScreen
FN:13,(anonymous_1)
FN:35,(anonymous_2)
FNF:3
FNH:0
FNDA:0,LoginScreen
FNDA:0,(anonymous_1)
FNDA:0,(anonymous_2)
DA:11,0
DA:13,0
DA:14,0
DA:17,0
DA:35,0
DA:52,0
LF:6
LH:0
BRF:0
BRH:0
end_of_record
TN:
SF:app/(private)/_layout.tsx
FN:7,PrivateLayout
FN:8,(anonymous_1)
FN:9,(anonymous_2)
FN:11,(anonymous_3)
FNF:4
FNH:0
FNDA:0,PrivateLayout
FNDA:0,(anonymous_1)
FNDA:0,(anonymous_2)
FNDA:0,(anonymous_3)
DA:8,0
DA:9,0
DA:11,0
DA:12,0
DA:13,0
DA:17,0
DA:131,0
LF:7
LH:0
BRDA:12,0,0,0
BRDA:12,0,1,0
BRDA:12,1,0,0
BRDA:12,1,1,0
BRDA:19,2,0,0
BRDA:19,2,1,0
BRF:6
BRH:0
end_of_record
TN:
SF:app/(private)/(tabs)/_layout.tsx
FN:7,TabLayout
FN:12,(anonymous_1)
FNF:2
FNH:0
FNDA:0,TabLayout
FNDA:0,(anonymous_1)
DA:8,0
DA:10,0
DA:12,0
LF:3
LH:0
BRF:0
BRH:0
end_of_record
TN:
SF:app/(private)/(tabs)/index.tsx
FN:15,HomeScreen
FN:16,(anonymous_1)
FN:19,(anonymous_2)
FN:25,(anonymous_3)
FN:31,(anonymous_4)
FNF:5
FNH:0
FNDA:0,HomeScreen
FNDA:0,(anonymous_1)
FNDA:0,(anonymous_2)
FNDA:0,(anonymous_3)
FNDA:0,(anonymous_4)
DA:16,0
DA:17,0
DA:19,0
DA:20,0
DA:25,0
DA:26,0
DA:31,0
DA:32,0
DA:37,0
LF:9
LH:0
BRF:0
BRH:0
end_of_record
TN:
SF:app/(private)/(tabs)/profile.tsx
FN:11,ProfileScreen
FNF:1
FNH:0
FNDA:0,ProfileScreen
DA:12,0
DA:32,0
LF:2
LH:0
BRF:0
BRH:0
end_of_record
TN:
SF:app/(private)/(tabs)/stock-idx.tsx
FN:8,StockIdxScreen
FNF:1
FNH:0
FNDA:0,StockIdxScreen
DA:9,0
DA:11,0
LF:2
LH:0
BRF:0
BRH:0
end_of_record
TN:
SF:app/(private)/(tabs)/transaction.tsx
FN:13,TransactionScreen
FN:19,(anonymous_1)
FN:29,(anonymous_2)
FNF:3
FNH:0
FNDA:0,TransactionScreen
FNDA:0,(anonymous_1)
FNDA:0,(anonymous_2)
DA:14,0
DA:19,0
DA:20,0
DA:23,0
DA:24,0
DA:29,0
DA:30,0
DA:33,0
DA:69,0
LF:9
LH:0
BRF:0
BRH:0
end_of_record
TN:
SF:app/(private)/add-transaction/form-add-income.tsx
FN:5,PageFormAddIncome
FNF:1
FNH:0
FNDA:0,PageFormAddIncome
DA:6,0
LF:1
LH:0
BRF:0
BRH:0
end_of_record
TN:
SF:app/(private)/add-transaction/form-add-spending.tsx
FN:5,PageFormAddSpending
FNF:1
FNH:0
FNDA:0,PageFormAddSpending
DA:6,0
LF:1
LH:0
BRF:0
BRH:0
end_of_record
TN:
SF:app/(private)/category/add-category.tsx
FN:14,AddCategory
FN:16,(anonymous_1)
FN:23,handleAddCategoryButton
FN:34,(anonymous_3)
FN:42,(anonymous_4)
FNF:5
FNH:0
FNDA:0,AddCategory
FNDA:0,(anonymous_1)
FNDA:0,handleAddCategoryButton
FNDA:0,(anonymous_3)
FNDA:0,(anonymous_4)
DA:15,0
DA:16,0
DA:18,0
DA:19,0
DA:21,0
DA:24,0
DA:25,0
DA:26,0
DA:29,0
DA:30,0
DA:31,0
DA:34,0
DA:35,0
DA:36,0
DA:37,0
DA:40,0
DA:43,0
DA:46,0
DA:51,0
DA:82,0
LF:20
LH:0
BRDA:24,0,0,0
BRDA:24,0,1,0
BRDA:29,1,0,0
BRDA:29,1,1,0
BRDA:35,2,0,0
BRDA:35,2,1,0
BRF:6
BRH:0
end_of_record
TN:
SF:app/(private)/category/all-category.tsx
FN:19,AllCategory
FN:21,(anonymous_1)
FN:30,(anonymous_2)
FN:35,(anonymous_3)
FN:39,(anonymous_4)
FN:43,(anonymous_5)
FN:53,(anonymous_6)
FN:63,(anonymous_7)
FN:91,(anonymous_8)
FN:97,(anonymous_9)
FNF:10
FNH:0
FNDA:0,AllCategory
FNDA:0,(anonymous_1)
FNDA:0,(anonymous_2)
FNDA:0,(anonymous_3)
FNDA:0,(anonymous_4)
FNDA:0,(anonymous_5)
FNDA:0,(anonymous_6)
FNDA:0,(anonymous_7)
FNDA:0,(anonymous_8)
FNDA:0,(anonymous_9)
DA:20,0
DA:21,0
DA:22,0
DA:25,0
DA:30,0
DA:31,0
DA:35,0
DA:36,0
DA:39,0
DA:40,0
DA:41,0
DA:42,0
DA:43,0
DA:44,0
DA:46,0
DA:48,0
DA:53,0
DA:54,0
DA:63,0
DA:64,0
DA:69,0
DA:92,0
DA:98,0
DA:135,0
LF:24
LH:0
BRDA:40,0,0,0
BRDA:40,0,1,0
BRDA:41,1,0,0
BRDA:41,1,1,0
BRDA:90,2,0,0
BRDA:90,2,1,0
BRDA:92,3,0,0
BRDA:92,3,1,0
BRDA:98,4,0,0
BRDA:98,4,1,0
BRF:10
BRH:0
end_of_record
TN:
SF:app/(private)/category/edit-category.tsx
FN:14,EditCategory
FN:18,(anonymous_1)
FN:23,(anonymous_2)
FN:29,handleUpdateCategoryButton
FN:40,(anonymous_4)
FN:57,(anonymous_5)
FNF:6
FNH:0
FNDA:0,EditCategory
FNDA:0,(anonymous_1)
FNDA:0,(anonymous_2)
FNDA:0,handleUpdateCategoryButton
FNDA:0,(anonymous_4)
FNDA:0,(anonymous_5)
DA:15,0
DA:17,0
DA:18,0
DA:20,0
DA:21,0
DA:23,0
DA:24,0
DA:27,0
DA:30,0
DA:31,0
DA:32,0
DA:35,0
DA:36,0
DA:37,0
DA:40,0
DA:41,0
DA:42,0
DA:45,0
DA:46,0
DA:47,0
DA:48,0
DA:49,0
DA:52,0
DA:58,0
DA:59,0
DA:60,0
DA:63,0
DA:68,0
DA:99,0
LF:29
LH:0
BRDA:15,0,0,0
BRDA:30,1,0,0
BRDA:30,1,1,0
BRDA:35,2,0,0
BRDA:35,2,1,0
BRDA:41,3,0,0
BRDA:41,3,1,0
BRDA:41,4,0,0
BRDA:41,4,1,0
BRDA:47,5,0,0
BRDA:47,5,1,0
BRF:11
BRH:0
end_of_record
TN:
SF:app/(private)/category/transaction-by-category.tsx
FN:19,TransactionByCategory
FN:35,(anonymous_1)
FN:41,(anonymous_2)
FN:45,(anonymous_3)
FN:49,(anonymous_4)
FN:67,(anonymous_5)
FN:76,(anonymous_6)
FN:107,(anonymous_7)
FN:111,(anonymous_8)
FNF:9
FNH:0
FNDA:0,TransactionByCategory
FNDA:0,(anonymous_1)
FNDA:0,(anonymous_2)
FNDA:0,(anonymous_3)
FNDA:0,(anonymous_4)
FNDA:0,(anonymous_5)
FNDA:0,(anonymous_6)
FNDA:0,(anonymous_7)
FNDA:0,(anonymous_8)
DA:20,0
DA:21,0
DA:23,0
DA:24,0
DA:25,0
DA:26,0
DA:32,0
DA:33,0
DA:35,0
DA:36,0
DA:41,0
DA:42,0
DA:45,0
DA:46,0
DA:49,0
DA:50,0
DA:51,0
DA:52,0
DA:53,0
DA:54,0
DA:59,0
DA:67,0
DA:68,0
DA:77,0
DA:83,0
DA:108,0
DA:112,0
DA:135,0
LF:28
LH:0
BRDA:50,0,0,0
BRDA:50,0,1,0
BRDA:51,1,0,0
BRDA:51,1,1,0
BRDA:106,2,0,0
BRDA:106,2,1,0
BRDA:108,3,0,0
BRDA:108,3,1,0
BRDA:112,4,0,0
BRDA:112,4,1,0
BRF:10
BRH:0
end_of_record
TN:
SF:app/(private)/detail-transaction/index.tsx
FN:11,DetailTransaction
FN:15,(anonymous_1)
FN:32,(anonymous_2)
FNF:3
FNH:0
FNDA:0,DetailTransaction
FNDA:0,(anonymous_1)
FNDA:0,(anonymous_2)
DA:12,0
DA:14,0
DA:15,0
DA:16,0
DA:18,0
DA:20,0
DA:22,0
DA:24,0
DA:26,0
DA:30,0
DA:32,0
DA:33,0
DA:41,0
DA:94,0
LF:14
LH:0
BRDA:16,0,0,0
BRDA:16,0,1,0
BRDA:16,0,2,0
BRDA:16,0,3,0
BRDA:16,0,4,0
BRDA:30,1,0,0
BRDA:30,1,1,0
BRF:7
BRH:0
end_of_record
TN:
SF:app/(private)/edit/edit-data-transaction.tsx
FN:7,EditDataTransaction
FN:10,(anonymous_1)
FNF:2
FNH:0
FNDA:0,EditDataTransaction
FNDA:0,(anonymous_1)
DA:8,0
DA:9,0
DA:10,0
DA:11,0
DA:12,0
DA:17,0
LF:6
LH:0
BRDA:11,0,0,0
BRDA:11,0,1,0
BRF:2
BRH:0
end_of_record
TN:
SF:app/(private)/price-gold/index.tsx
FN:12,PriceGoldPage
FN:16,(anonymous_1)
FN:22,getListGold
FN:39,(anonymous_3)
FN:40,(anonymous_4)
FN:54,(anonymous_5)
FN:65,(anonymous_6)
FNF:7
FNH:0
FNDA:0,PriceGoldPage
FNDA:0,(anonymous_1)
FNDA:0,getListGold
FNDA:0,(anonymous_3)
FNDA:0,(anonymous_4)
FNDA:0,(anonymous_5)
FNDA:0,(anonymous_6)
DA:13,0
DA:14,0
DA:16,0
DA:17,0
DA:20,0
DA:23,0
DA:31,0
DA:39,0
DA:41,0
DA:55,0
DA:66,0
LF:11
LH:0
BRDA:41,0,0,0
BRDA:41,0,1,0
BRDA:63,1,0,0
BRDA:63,1,1,0
BRF:4
BRH:0
end_of_record
TN:
SF:app/(private)/privacy-polic/index.tsx
FN:5,PrivacyPolicyPage
FNF:1
FNH:0
FNDA:0,PrivacyPolicyPage
DA:6,0
DA:78,0
LF:2
LH:0
BRF:0
BRH:0
end_of_record
TN:
SF:app/(private)/stock-idx/detail.tsx
FN:6,DetailStockIdxPage
FNF:1
FNH:0
FNDA:0,DetailStockIdxPage
DA:7,0
DA:9,0
DA:87,0
DA:103,0
LF:4
LH:0
BRF:0
BRH:0
end_of_record
TN:
SF:app/(private)/success/index.tsx
FN:11,SuccessScreen
FN:15,(anonymous_1)
FN:22,(anonymous_2)
FNF:3
FNH:0
FNDA:0,SuccessScreen
FNDA:0,(anonymous_1)
FNDA:0,(anonymous_2)
DA:12,0
DA:13,0
DA:15,0
DA:16,0
DA:17,0
DA:22,0
DA:23,0
DA:24,0
DA:30,0
DA:79,0
LF:10
LH:0
BRDA:13,0,0,0
BRDA:13,0,1,0
BRDA:16,1,0,0
BRDA:16,1,1,0
BRF:4
BRH:0
end_of_record
TN:
SF:app/(private)/terms-of-service/index.tsx
FN:5,TermsOfServicePage
FNF:1
FNH:0
FNDA:0,TermsOfServicePage
DA:6,0
DA:96,0
LF:2
LH:0
BRF:0
BRH:0
end_of_record
TN:
SF:app/(private)/update-profile/index.tsx
FN:12,UpdateProfilePage
FN:13,(anonymous_1)
FN:17,(anonymous_2)
FN:21,(anonymous_3)
FN:27,(anonymous_4)
FNF:5
FNH:0
FNDA:0,UpdateProfilePage
FNDA:0,(anonymous_1)
FNDA:0,(anonymous_2)
FNDA:0,(anonymous_3)
FNDA:0,(anonymous_4)
DA:13,0
DA:14,0
DA:15,0
DA:17,0
DA:18,0
DA:21,0
DA:22,0
DA:28,0
DA:29,0
DA:35,0
DA:56,0
LF:11
LH:0
BRF:0
BRH:0
end_of_record
TN:
SF:components/custom-tab.tsx
FN:12,CutomTabs
FN:22,(anonymous_1)
FN:33,(anonymous_2)
FN:45,(anonymous_3)
FN:53,(anonymous_4)
FNF:5
FNH:0
FNDA:0,CutomTabs
FNDA:0,(anonymous_1)
FNDA:0,(anonymous_2)
FNDA:0,(anonymous_3)
FNDA:0,(anonymous_4)
DA:13,0
DA:23,0
DA:25,0
DA:31,0
DA:33,0
DA:34,0
DA:40,0
DA:41,0
DA:45,0
DA:46,0
DA:52,0
DA:53,0
DA:54,0
DA:56,0
DA:58,0
DA:60,0
DA:62,0
DA:64,0
DA:68,0
DA:97,0
LF:20
LH:0
BRDA:25,0,0,0
BRDA:25,0,1,0
BRDA:27,1,0,0
BRDA:27,1,1,0
BRDA:40,2,0,0
BRDA:40,2,1,0
BRDA:40,3,0,0
BRDA:40,3,1,0
BRDA:52,4,0,0
BRDA:52,4,1,0
BRDA:54,5,0,0
BRDA:54,5,1,0
BRDA:54,5,2,0
BRDA:54,5,3,0
BRDA:54,5,4,0
BRDA:72,6,0,0
BRDA:72,6,1,0
BRDA:83,7,0,0
BRDA:83,7,1,0
BRF:19
BRH:0
end_of_record
TN:
SF:components/custom-text.tsx
FN:19,(anonymous_0)
FN:28,CustomText
FNF:2
FNH:2
FNDA:11,(anonymous_0)
FNDA:11,CustomText
DA:6,1
DA:19,1
DA:20,11
DA:33,11
DA:35,11
LF:5
LH:5
BRDA:20,0,0,11
BRDA:20,0,1,3
BRF:2
BRH:2
end_of_record
TN:
SF:components/external-link.tsx
FN:7,ExternalLink
FN:13,(anonymous_1)
FNF:2
FNH:0
FNDA:0,ExternalLink
FNDA:0,(anonymous_1)
DA:8,0
DA:14,0
DA:16,0
DA:18,0
LF:4
LH:0
BRDA:14,0,0,0
BRDA:14,0,1,0
BRF:2
BRH:0
end_of_record
TN:
SF:components/fullscreen-loader.tsx
FN:14,(anonymous_0)
FN:15,(anonymous_1)
FN:25,(anonymous_2)
FN:32,(anonymous_3)
FN:35,(anonymous_4)
FN:37,(anonymous_5)
FN:47,(anonymous_6)
FNF:7
FNH:0
FNDA:0,(anonymous_0)
FNDA:0,(anonymous_1)
FNDA:0,(anonymous_2)
FNDA:0,(anonymous_3)
FNDA:0,(anonymous_4)
FNDA:0,(anonymous_5)
FNDA:0,(anonymous_6)
DA:14,0
DA:15,0
DA:18,0
DA:20,0
DA:25,0
DA:26,0
DA:27,0
DA:32,0
DA:35,0
DA:36,0
DA:37,0
DA:38,0
DA:41,0
DA:46,0
DA:47,0
DA:49,0
DA:54,0
DA:55,0
DA:58,0
DA:73,0
LF:20
LH:0
BRDA:36,0,0,0
BRDA:36,0,1,0
BRDA:54,1,0,0
BRDA:54,1,1,0
BRF:4
BRH:0
end_of_record
TN:
SF:components/haptic-tab.tsx
FN:5,HapticTab
FN:9,(anonymous_1)
FNF:2
FNH:0
FNDA:0,HapticTab
FNDA:0,(anonymous_1)
DA:6,0
DA:10,0
DA:12,0
DA:14,0
LF:4
LH:0
BRDA:10,0,0,0
BRDA:10,0,1,0
BRF:2
BRH:0
end_of_record
TN:
SF:components/hello-wave.tsx
FN:5,HelloWave
FN:9,(anonymous_1)
FNF:2
FNH:2
FNDA:5,HelloWave
FNDA:1,(anonymous_1)
DA:6,5
DA:7,5
DA:9,1
LF:3
LH:3
BRF:0
BRH:0
end_of_record
TN:
SF:components/option-stack-screen.tsx
FN:15,BackNavigation
FN:20,(anonymous_1)
FN:35,(anonymous_2)
FNF:3
FNH:0
FNDA:0,BackNavigation
FNDA:0,(anonymous_1)
FNDA:0,(anonymous_2)
DA:16,0
DA:17,0
DA:20,0
DA:29,0
DA:35,0
LF:5
LH:0
BRDA:15,0,0,0
BRF:1
BRH:0
end_of_record
TN:
SF:components/parallax-scroll-view.tsx
FN:21,ParallaxScrollView
FN:30,(anonymous_1)
FNF:2
FNH:0
FNDA:0,ParallaxScrollView
FNDA:0,(anonymous_1)
DA:14,0
DA:26,0
DA:27,0
DA:28,0
DA:29,0
DA:30,0
DA:31,0
DA:47,0
DA:65,0
LF:9
LH:0
BRDA:27,0,0,0
BRDA:27,0,1,0
BRF:2
BRH:0
end_of_record
TN:
SF:components/themed-text.tsx
FN:11,ThemedText
FNF:1
FNH:0
FNDA:0,ThemedText
DA:18,0
DA:20,0
DA:36,0
LF:3
LH:0
BRDA:15,0,0,0
BRDA:24,1,0,0
BRDA:24,1,1,0
BRDA:25,2,0,0
BRDA:25,2,1,0
BRDA:26,3,0,0
BRDA:26,3,1,0
BRDA:27,4,0,0
BRDA:27,4,1,0
BRDA:28,5,0,0
BRDA:28,5,1,0
BRF:11
BRH:0
end_of_record
TN:
SF:components/themed-view.tsx
FN:10,ThemedView
FNF:1
FNH:0
FNDA:0,ThemedView
DA:11,0
DA:13,0
LF:2
LH:0
BRF:0
BRH:0
end_of_record
TN:
SF:components/input/date-time-input/index.tsx
FN:12,(anonymous_0)
FN:34,(anonymous_1)
FN:38,(anonymous_2)
FN:43,(anonymous_3)
FN:50,(anonymous_4)
FN:56,(anonymous_5)
FN:61,(anonymous_6)
FN:86,(anonymous_7)
FN:91,(anonymous_8)
FN:107,(anonymous_9)
FN:112,(anonymous_10)
FN:120,(anonymous_11)
FN:151,(anonymous_12)
FNF:13
FNH:0
FNDA:0,(anonymous_0)
FNDA:0,(anonymous_1)
FNDA:0,(anonymous_2)
FNDA:0,(anonymous_3)
FNDA:0,(anonymous_4)
FNDA:0,(anonymous_5)
FNDA:0,(anonymous_6)
FNDA:0,(anonymous_7)
FNDA:0,(anonymous_8)
FNDA:0,(anonymous_9)
FNDA:0,(anonymous_10)
FNDA:0,(anonymous_11)
FNDA:0,(anonymous_12)
DA:12,0
DA:21,0
DA:23,0
DA:24,0
DA:25,0
DA:26,0
DA:27,0
DA:28,0
DA:31,0
DA:34,0
DA:35,0
DA:38,0
DA:39,0
DA:40,0
DA:43,0
DA:44,0
DA:45,0
DA:50,0
DA:51,0
DA:52,0
DA:56,0
DA:57,0
DA:61,0
DA:62,0
DA:63,0
DA:64,0
DA:67,0
DA:68,0
DA:70,0
DA:71,0
DA:72,0
DA:73,0
DA:74,0
DA:79,0
DA:82,0
DA:86,0
DA:87,0
DA:88,0
DA:91,0
DA:92,0
DA:107,0
DA:108,0
DA:112,0
DA:120,0
DA:132,0
DA:151,0
LF:46
LH:0
BRDA:38,0,0,0
BRDA:51,1,0,0
BRDA:51,1,1,0
BRDA:57,2,0,0
BRDA:57,2,1,0
BRDA:62,3,0,0
BRDA:62,3,1,0
BRDA:62,4,0,0
BRDA:62,4,1,0
BRDA:67,5,0,0
BRDA:67,5,1,0
BRDA:70,6,0,0
BRDA:70,6,1,0
BRDA:72,7,0,0
BRDA:72,7,1,0
BRDA:93,8,0,0
BRDA:93,8,1,0
BRDA:98,9,0,0
BRDA:98,9,1,0
BRDA:112,10,0,0
BRDA:112,10,1,0
BRDA:113,11,0,0
BRDA:113,11,1,0
BRDA:115,12,0,0
BRDA:115,12,1,0
BRDA:120,13,0,0
BRDA:120,13,1,0
BRDA:121,14,0,0
BRDA:121,14,1,0
BRDA:123,15,0,0
BRDA:123,15,1,0
BRDA:134,16,0,0
BRDA:134,16,1,0
BRF:33
BRH:0
end_of_record
TN:
SF:components/input/date-time-input/style.ts
FNF:0
FNH:0
DA:4,0
DA:5,0
LF:2
LH:0
BRF:0
BRH:0
end_of_record
TN:
SF:components/input/date-time-input/type.ts
FNF:0
FNH:0
LF:0
LH:0
BRF:0
BRH:0
end_of_record
TN:
SF:components/input/input-field/index.tsx
FN:26,InputFieldKuvera
FN:59,(anonymous_1)
FN:65,(anonymous_2)
FN:73,(anonymous_3)
FN:78,(anonymous_4)
FN:126,(anonymous_5)
FNF:6
FNH:0
FNDA:0,InputFieldKuvera
FNDA:0,(anonymous_1)
FNDA:0,(anonymous_2)
FNDA:0,(anonymous_3)
FNDA:0,(anonymous_4)
FNDA:0,(anonymous_5)
DA:43,0
DA:45,0
DA:46,0
DA:50,0
DA:54,0
DA:59,0
DA:60,0
DA:65,0
DA:66,0
DA:67,0
DA:69,0
DA:73,0
DA:74,0
DA:75,0
DA:78,0
DA:79,0
DA:81,0
DA:85,0
DA:126,0
LF:19
LH:0
BRDA:34,0,0,0
BRDA:36,1,0,0
BRDA:39,2,0,0
BRDA:40,3,0,0
BRDA:66,4,0,0
BRDA:66,4,1,0
BRDA:66,5,0,0
BRDA:66,5,1,0
BRDA:79,6,0,0
BRDA:79,6,1,0
BRDA:79,7,0,0
BRDA:79,7,1,0
BRDA:88,8,0,0
BRDA:88,8,1,0
BRDA:104,9,0,0
BRDA:104,9,1,0
BRDA:112,10,0,0
BRDA:112,10,1,0
BRDA:119,11,0,0
BRDA:119,11,1,0
BRDA:131,12,0,0
BRDA:131,12,1,0
BRF:22
BRH:0
end_of_record
TN:
SF:components/input/input-field/style.ts
FN:60,(anonymous_0)
FNF:1
FNH:0
FNDA:0,(anonymous_0)
DA:17,0
DA:60,0
DA:61,0
DA:64,0
DA:71,0
DA:73,0
DA:77,0
DA:83,0
DA:88,0
DA:96,0
DA:109,0
DA:119,0
DA:127,0
DA:132,0
DA:136,0
LF:15
LH:0
BRDA:61,0,0,0
BRDA:64,1,0,0
BRDA:64,1,1,0
BRDA:64,2,0,0
BRDA:64,2,1,0
BRDA:68,3,0,0
BRDA:68,3,1,0
BRDA:89,4,0,0
BRDA:89,4,1,0
BRDA:90,5,0,0
BRDA:90,5,1,0
BRDA:103,6,0,0
BRDA:103,6,1,0
BRDA:111,7,0,0
BRDA:111,7,1,0
BRDA:116,8,0,0
BRDA:116,8,1,0
BRDA:129,9,0,0
BRDA:129,9,1,0
BRF:19
BRH:0
end_of_record
TN:
SF:components/input/input-field/type.ts
FNF:0
FNH:0
LF:0
LH:0
BRF:0
BRH:0
end_of_record
TN:
SF:components/input/radio-input/index.tsx
FN:13,(anonymous_0)
FN:34,(anonymous_1)
FN:38,(anonymous_2)
FN:43,(anonymous_3)
FN:67,(anonymous_4)
FN:72,(anonymous_5)
FN:84,(anonymous_6)
FNF:7
FNH:0
FNDA:0,(anonymous_0)
FNDA:0,(anonymous_1)
FNDA:0,(anonymous_2)
FNDA:0,(anonymous_3)
FNDA:0,(anonymous_4)
FNDA:0,(anonymous_5)
FNDA:0,(anonymous_6)
DA:13,0
DA:23,0
DA:25,0
DA:26,0
DA:27,0
DA:32,0
DA:34,0
DA:35,0
DA:38,0
DA:39,0
DA:40,0
DA:43,0
DA:44,0
DA:45,0
DA:48,0
DA:68,0
DA:72,0
DA:84,0
LF:18
LH:0
BRDA:50,0,0,0
BRDA:50,0,1,0
BRDA:76,1,0,0
BRDA:76,1,1,0
BRDA:78,2,0,0
BRDA:78,2,1,0
BRF:6
BRH:0
end_of_record
TN:
SF:components/input/radio-input/style.ts
FNF:0
FNH:0
DA:4,1
DA:5,1
LF:2
LH:2
BRF:0
BRH:0
end_of_record
TN:
SF:components/input/radio-input/type.ts
FNF:0
FNH:0
LF:0
LH:0
BRF:0
BRH:0
end_of_record
TN:
SF:components/input/text-input/text-input.tsx
FN:7,(anonymous_0)
FN:23,(anonymous_1)
FN:26,(anonymous_2)
FN:30,(anonymous_3)
FN:34,(anonymous_4)
FNF:5
FNH:0
FNDA:0,(anonymous_0)
FNDA:0,(anonymous_1)
FNDA:0,(anonymous_2)
FNDA:0,(anonymous_3)
FNDA:0,(anonymous_4)
DA:7,0
DA:18,0
DA:19,0
DA:21,0
DA:23,0
DA:24,0
DA:26,0
DA:27,0
DA:30,0
DA:31,0
DA:34,0
DA:39,0
DA:40,0
DA:41,0
DA:44,0
DA:48,0
LF:16
LH:0
BRDA:12,0,0,0
BRDA:14,1,0,0
BRDA:15,2,0,0
BRDA:39,3,0,0
BRDA:39,3,1,0
BRDA:40,4,0,0
BRDA:40,4,1,0
BRF:7
BRH:0
end_of_record
TN:
SF:components/modal-bottom/index.tsx
FN:23,ModalKuvera
FN:24,(anonymous_1)
FN:28,(anonymous_2)
FN:52,(anonymous_3)
FN:73,(anonymous_4)
FNF:5
FNH:2
FNDA:4,ModalKuvera
FNDA:0,(anonymous_1)
FNDA:4,(anonymous_2)
FNDA:0,(anonymous_3)
FNDA:0,(anonymous_4)
DA:8,1
DA:11,1
DA:12,1
DA:26,4
DA:28,4
DA:29,4
DA:30,1
DA:36,3
DA:41,3
DA:46,4
DA:52,4
DA:53,0
DA:54,0
DA:58,4
DA:73,0
LF:15
LH:12
BRDA:24,0,0,0
BRDA:24,1,0,4
BRDA:29,2,0,1
BRDA:29,2,1,3
BRF:4
BRH:3
end_of_record
TN:
SF:components/modal-bottom/style.ts
FNF:0
FNH:0
DA:3,1
DA:4,1
LF:2
LH:2
BRF:0
BRH:0
end_of_record
TN:
SF:components/page/add-transaction/form-add-income.tsx
FN:21,FormAddIncome
FN:28,(anonymous_1)
FN:31,(anonymous_2)
FN:39,(anonymous_3)
FN:41,(anonymous_4)
FN:43,(anonymous_5)
FN:55,(anonymous_6)
FN:64,(anonymous_7)
FN:68,(anonymous_8)
FN:86,(anonymous_9)
FN:98,(anonymous_10)
FN:105,(anonymous_11)
FN:111,(anonymous_12)
FN:131,(anonymous_13)
FNF:14
FNH:0
FNDA:0,FormAddIncome
FNDA:0,(anonymous_1)
FNDA:0,(anonymous_2)
FNDA:0,(anonymous_3)
FNDA:0,(anonymous_4)
FNDA:0,(anonymous_5)
FNDA:0,(anonymous_6)
FNDA:0,(anonymous_7)
FNDA:0,(anonymous_8)
FNDA:0,(anonymous_9)
FNDA:0,(anonymous_10)
FNDA:0,(anonymous_11)
FNDA:0,(anonymous_12)
FNDA:0,(anonymous_13)
DA:22,0
DA:28,0
DA:29,0
DA:31,0
DA:32,0
DA:39,0
DA:40,0
DA:41,0
DA:42,0
DA:43,0
DA:54,0
DA:56,0
DA:64,0
DA:65,0
DA:69,0
DA:76,0
DA:87,0
DA:95,0
DA:99,0
DA:105,0
DA:111,0
DA:131,0
DA:141,0
LF:23
LH:0
BRDA:40,0,0,0
BRDA:40,0,1,0
BRDA:42,1,0,0
BRDA:42,1,1,0
BRDA:107,2,0,0
BRDA:107,2,1,0
BRDA:107,3,0,0
BRDA:107,3,1,0
BRDA:113,4,0,0
BRDA:113,4,1,0
BRDA:113,5,0,0
BRDA:113,5,1,0
BRDA:122,6,0,0
BRDA:122,6,1,0
BRDA:122,7,0,0
BRDA:122,7,1,0
BRDA:129,8,0,0
BRDA:129,8,1,0
BRDA:129,9,0,0
BRDA:129,9,1,0
BRF:20
BRH:0
end_of_record
TN:
SF:components/page/add-transaction/form-add-spending.tsx
FN:21,FormAddSpending
FN:22,(anonymous_1)
FN:25,(anonymous_2)
FN:44,(anonymous_3)
FN:55,(anonymous_4)
FN:59,(anonymous_5)
FN:78,(anonymous_6)
FN:90,(anonymous_7)
FN:97,(anonymous_8)
FN:103,(anonymous_9)
FN:123,(anonymous_10)
FNF:11
FNH:0
FNDA:0,FormAddSpending
FNDA:0,(anonymous_1)
FNDA:0,(anonymous_2)
FNDA:0,(anonymous_3)
FNDA:0,(anonymous_4)
FNDA:0,(anonymous_5)
FNDA:0,(anonymous_6)
FNDA:0,(anonymous_7)
FNDA:0,(anonymous_8)
FNDA:0,(anonymous_9)
FNDA:0,(anonymous_10)
DA:22,0
DA:23,0
DA:25,0
DA:26,0
DA:27,0
DA:36,0
DA:43,0
DA:45,0
DA:55,0
DA:56,0
DA:60,0
DA:68,0
DA:79,0
DA:87,0
DA:91,0
DA:97,0
DA:103,0
DA:123,0
DA:133,0
LF:19
LH:0
BRDA:26,0,0,0
BRDA:26,0,1,0
BRDA:99,1,0,0
BRDA:99,1,1,0
BRDA:99,2,0,0
BRDA:99,2,1,0
BRDA:105,3,0,0
BRDA:105,3,1,0
BRDA:105,4,0,0
BRDA:105,4,1,0
BRDA:114,5,0,0
BRDA:114,5,1,0
BRDA:114,6,0,0
BRDA:114,6,1,0
BRDA:121,7,0,0
BRDA:121,7,1,0
BRDA:121,8,0,0
BRDA:121,8,1,0
BRF:18
BRH:0
end_of_record
TN:
SF:components/page/detail-transaction/button-delete.tsx
FN:16,ButtonDeleteTransaction
FN:20,(anonymous_1)
FN:24,(anonymous_2)
FN:35,(anonymous_3)
FN:52,(anonymous_4)
FNF:5
FNH:0
FNDA:0,ButtonDeleteTransaction
FNDA:0,(anonymous_1)
FNDA:0,(anonymous_2)
FNDA:0,(anonymous_3)
FNDA:0,(anonymous_4)
DA:17,0
DA:18,0
DA:20,0
DA:21,0
DA:22,0
DA:25,0
DA:28,0
DA:33,0
DA:35,0
DA:52,0
DA:63,0
LF:11
LH:0
BRF:0
BRH:0
end_of_record
TN:
SF:components/page/edit-transaction/form-edit-spending.tsx
FN:33,FormEditTransaction
FN:41,(anonymous_1)
FN:44,(anonymous_2)
FN:63,(anonymous_3)
FN:73,(anonymous_4)
FN:77,(anonymous_5)
FN:97,(anonymous_6)
FN:110,(anonymous_7)
FN:117,(anonymous_8)
FN:123,(anonymous_9)
FN:143,(anonymous_10)
FNF:11
FNH:0
FNDA:0,FormEditTransaction
FNDA:0,(anonymous_1)
FNDA:0,(anonymous_2)
FNDA:0,(anonymous_3)
FNDA:0,(anonymous_4)
FNDA:0,(anonymous_5)
FNDA:0,(anonymous_6)
FNDA:0,(anonymous_7)
FNDA:0,(anonymous_8)
FNDA:0,(anonymous_9)
FNDA:0,(anonymous_10)
DA:34,0
DA:41,0
DA:42,0
DA:44,0
DA:45,0
DA:51,0
DA:62,0
DA:64,0
DA:65,0
DA:73,0
DA:74,0
DA:78,0
DA:85,0
DA:87,0
DA:98,0
DA:107,0
DA:111,0
DA:117,0
DA:123,0
DA:143,0
DA:153,0
LF:21
LH:0
BRDA:85,0,0,0
BRDA:85,0,1,0
BRDA:119,1,0,0
BRDA:119,1,1,0
BRDA:119,2,0,0
BRDA:119,2,1,0
BRDA:125,3,0,0
BRDA:125,3,1,0
BRDA:125,4,0,0
BRDA:125,4,1,0
BRDA:134,5,0,0
BRDA:134,5,1,0
BRDA:134,6,0,0
BRDA:134,6,1,0
BRDA:141,7,0,0
BRDA:141,7,1,0
BRDA:141,8,0,0
BRDA:141,8,1,0
BRF:18
BRH:0
end_of_record
TN:
SF:components/page/home/header.tsx
FN:13,HeaderHome
FN:14,(anonymous_1)
FN:17,(anonymous_2)
FNF:3
FNH:0
FNDA:0,HeaderHome
FNDA:0,(anonymous_1)
FNDA:0,(anonymous_2)
DA:14,0
DA:15,0
DA:17,0
DA:18,0
DA:23,0
DA:53,0
LF:6
LH:0
BRF:0
BRH:0
end_of_record
TN:
SF:components/page/home/menu.tsx
FN:11,HomeMenu
FN:14,(anonymous_1)
FN:20,AddIncomeHandling
FN:26,AddCategoryHandling
FN:34,(anonymous_4)
FNF:5
FNH:0
FNDA:0,HomeMenu
FNDA:0,(anonymous_1)
FNDA:0,AddIncomeHandling
FNDA:0,AddCategoryHandling
FNDA:0,(anonymous_4)
DA:12,0
DA:14,0
DA:15,0
DA:21,0
DA:27,0
DA:32,0
DA:34,0
DA:65,0
LF:8
LH:0
BRF:0
BRH:0
end_of_record
TN:
SF:components/page/home/spent-account-value.tsx
FN:14,InvestAccountValue
FN:15,(anonymous_1)
FN:19,(anonymous_2)
FN:27,(anonymous_3)
FN:31,(anonymous_4)
FNF:5
FNH:0
FNDA:0,InvestAccountValue
FNDA:0,(anonymous_1)
FNDA:0,(anonymous_2)
FNDA:0,(anonymous_3)
FNDA:0,(anonymous_4)
DA:15,0
DA:17,0
DA:19,0
DA:20,0
DA:27,0
DA:30,0
DA:31,0
DA:32,0
DA:35,0
DA:38,0
DA:40,0
LF:11
LH:0
BRDA:47,0,0,0
BRDA:47,0,1,0
BRF:2
BRH:0
end_of_record
TN:
SF:components/page/home/card-recent.tsx/cardRecent.tsx
FN:23,CardRecent
FN:26,(anonymous_1)
FN:42,(anonymous_2)
FNF:3
FNH:0
FNDA:0,CardRecent
FNDA:0,(anonymous_1)
FNDA:0,(anonymous_2)
DA:26,0
DA:27,0
DA:28,0
DA:30,0
DA:32,0
DA:34,0
DA:36,0
DA:38,0
DA:42,0
DA:43,0
DA:57,0
DA:59,0
DA:78,0
LF:13
LH:0
BRDA:28,0,0,0
BRDA:28,0,1,0
BRDA:28,0,2,0
BRDA:28,0,3,0
BRDA:28,0,4,0
BRDA:57,1,0,0
BRDA:57,1,1,0
BRF:7
BRH:0
end_of_record
TN:
SF:components/page/home/card-recent.tsx/listCardRecent.tsx
FN:13,ListCardRecent
FN:14,(anonymous_1)
FN:20,(anonymous_2)
FN:24,(anonymous_3)
FN:31,getRecentTransactions
FN:39,(anonymous_5)
FN:46,(anonymous_6)
FN:68,(anonymous_7)
FN:72,(anonymous_8)
FNF:9
FNH:0
FNDA:0,ListCardRecent
FNDA:0,(anonymous_1)
FNDA:0,(anonymous_2)
FNDA:0,(anonymous_3)
FNDA:0,getRecentTransactions
FNDA:0,(anonymous_5)
FNDA:0,(anonymous_6)
FNDA:0,(anonymous_7)
FNDA:0,(anonymous_8)
DA:14,0
DA:15,0
DA:17,0
DA:18,0
DA:20,0
DA:21,0
DA:24,0
DA:26,0
DA:27,0
DA:32,0
DA:40,0
DA:46,0
DA:47,0
DA:60,0
DA:69,0
DA:73,0
LF:16
LH:0
BRDA:26,0,0,0
BRDA:26,0,1,0
BRDA:67,1,0,0
BRDA:67,1,1,0
BRDA:69,2,0,0
BRDA:69,2,1,0
BRDA:73,3,0,0
BRDA:73,3,1,0
BRF:8
BRH:0
end_of_record
TN:
SF:components/page/home/card-recent.tsx/skeleton.tsx
FN:5,SkeletonCardRecent
FNF:1
FNH:0
FNDA:0,SkeletonCardRecent
DA:6,0
LF:1
LH:0
BRF:0
BRH:0
end_of_record
TN:
SF:components/page/home/categories-spend/cardCategorySpend.tsx
FN:23,CardCategoryOutput
FN:28,(anonymous_1)
FN:43,handleButton
FNF:3
FNH:0
FNDA:0,CardCategoryOutput
FNDA:0,(anonymous_1)
FNDA:0,handleButton
DA:26,0
DA:27,0
DA:28,0
DA:29,0
DA:31,0
DA:33,0
DA:35,0
DA:37,0
DA:39,0
DA:44,0
DA:57,0
LF:11
LH:0
BRDA:24,0,0,0
BRDA:26,1,0,0
BRDA:26,1,1,0
BRDA:27,2,0,0
BRDA:27,2,1,0
BRDA:29,3,0,0
BRDA:29,3,1,0
BRDA:29,3,2,0
BRDA:29,3,3,0
BRDA:29,3,4,0
BRF:10
BRH:0
end_of_record
TN:
SF:components/page/home/categories-spend/listCategoriesSpend.tsx
FN:13,ListCategoriesSpend
FN:14,(anonymous_1)
FN:16,(anonymous_2)
FN:24,(anonymous_3)
FN:28,(anonymous_4)
FN:35,(anonymous_5)
FN:37,(anonymous_6)
FN:42,(anonymous_7)
FN:58,(anonymous_8)
FN:62,(anonymous_9)
FNF:10
FNH:0
FNDA:0,ListCategoriesSpend
FNDA:0,(anonymous_1)
FNDA:0,(anonymous_2)
FNDA:0,(anonymous_3)
FNDA:0,(anonymous_4)
FNDA:0,(anonymous_5)
FNDA:0,(anonymous_6)
FNDA:0,(anonymous_7)
FNDA:0,(anonymous_8)
FNDA:0,(anonymous_9)
DA:14,0
DA:15,0
DA:16,0
DA:17,0
DA:18,0
DA:24,0
DA:25,0
DA:28,0
DA:30,0
DA:31,0
DA:35,0
DA:36,0
DA:37,0
DA:38,0
DA:42,0
DA:43,0
DA:52,0
DA:59,0
DA:63,0
LF:19
LH:0
BRDA:30,0,0,0
BRDA:30,0,1,0
BRDA:36,1,0,0
BRDA:36,1,1,0
BRDA:36,2,0,0
BRDA:36,2,1,0
BRDA:57,3,0,0
BRDA:57,3,1,0
BRDA:59,4,0,0
BRDA:59,4,1,0
BRDA:63,5,0,0
BRDA:63,5,1,0
BRF:12
BRH:0
end_of_record
TN:
SF:components/page/home/categories-spend/skeleton.tsx
FN:6,SkeletonCardCategoryOutput
FNF:1
FNH:0
FNDA:0,SkeletonCardCategoryOutput
DA:7,0
LF:1
LH:0
BRF:0
BRH:0
end_of_record
TN:
SF:components/page/home/price-antam/cardGoldAntamPrice.tsx
FN:12,CardGoldAntamPrice
FNF:1
FNH:0
FNDA:0,CardGoldAntamPrice
DA:13,0
DA:39,0
LF:2
LH:0
BRF:0
BRH:0
end_of_record
TN:
SF:components/page/home/price-antam/listCardGoldAntamPrice.tsx
FN:11,ListCardGoldAntamPrice
FN:12,(anonymous_1)
FN:17,(anonymous_2)
FN:21,(anonymous_3)
FN:28,getAntamGoldPrice
FN:38,(anonymous_5)
FN:42,(anonymous_6)
FNF:7
FNH:0
FNDA:0,ListCardGoldAntamPrice
FNDA:0,(anonymous_1)
FNDA:0,(anonymous_2)
FNDA:0,(anonymous_3)
FNDA:0,getAntamGoldPrice
FNDA:0,(anonymous_5)
FNDA:0,(anonymous_6)
DA:12,0
DA:13,0
DA:14,0
DA:15,0
DA:17,0
DA:18,0
DA:21,0
DA:23,0
DA:24,0
DA:29,0
DA:34,0
DA:39,0
DA:43,0
LF:13
LH:0
BRDA:23,0,0,0
BRDA:23,0,1,0
BRDA:37,1,0,0
BRDA:37,1,1,0
BRDA:39,2,0,0
BRDA:39,2,1,0
BRDA:43,3,0,0
BRDA:43,3,1,0
BRF:8
BRH:0
end_of_record
TN:
SF:components/page/home/price-antam/skeleton.tsx
FN:5,SkeletonPriceAntam
FNF:1
FNH:0
FNDA:0,SkeletonPriceAntam
DA:6,0
LF:1
LH:0
BRF:0
BRH:0
end_of_record
TN:
SF:components/page/profile/account-tabs.tsx
FN:8,AccountTabsCard
FN:9,(anonymous_1)
FNF:2
FNH:0
FNDA:0,AccountTabsCard
FNDA:0,(anonymous_1)
DA:9,0
DA:10,0
DA:15,0
DA:41,0
LF:4
LH:0
BRF:0
BRH:0
end_of_record
TN:
SF:components/page/profile/button-logout.tsx
FN:10,ButtonLogout
FN:14,(anonymous_1)
FN:19,(anonymous_2)
FN:35,(anonymous_3)
FNF:4
FNH:0
FNDA:0,ButtonLogout
FNDA:0,(anonymous_1)
FNDA:0,(anonymous_2)
FNDA:0,(anonymous_3)
DA:11,0
DA:12,0
DA:14,0
DA:15,0
DA:17,0
DA:19,0
DA:35,0
DA:46,0
LF:8
LH:0
BRF:0
BRH:0
end_of_record
TN:
SF:components/page/profile/other-tabs.tsx
FN:10,OtherTabs
FN:11,(anonymous_1)
FN:17,(anonymous_2)
FNF:3
FNH:0
FNDA:0,OtherTabs
FNDA:0,(anonymous_1)
FNDA:0,(anonymous_2)
DA:11,0
DA:12,0
DA:17,0
DA:18,0
DA:23,0
DA:52,0
LF:6
LH:0
BRF:0
BRH:0
end_of_record
TN:
SF:components/page/profile/photo-profile.tsx
FN:17,PhotoProfile
FN:18,(anonymous_1)
FN:27,(anonymous_2)
FN:28,(anonymous_3)
FN:35,(anonymous_4)
FN:53,(anonymous_5)
FN:69,(anonymous_6)
FN:99,(anonymous_7)
FN:104,(anonymous_8)
FNF:9
FNH:6
FNDA:4,PhotoProfile
FNDA:7,(anonymous_1)
FNDA:3,(anonymous_2)
FNDA:3,(anonymous_3)
FNDA:0,(anonymous_4)
FNDA:0,(anonymous_5)
FNDA:1,(anonymous_6)
FNDA:8,(anonymous_7)
FNDA:0,(anonymous_8)
DA:18,7
DA:19,4
DA:20,4
DA:22,4
DA:27,4
DA:28,3
DA:29,3
DA:32,3
DA:35,4
DA:36,0
DA:37,0
DA:38,0
DA:40,0
DA:43,0
DA:44,0
DA:54,0
DA:60,0
DA:63,4
DA:69,1
DA:100,8
DA:104,0
DA:116,1
LF:22
LH:13
BRDA:37,0,0,0
BRDA:37,0,1,0
BRDA:43,1,0,0
BRDA:43,1,1,0
BRF:4
BRH:0
end_of_record
TN:
SF:components/page/stock-idx/search-stock.tsx
FN:11,SearchStock
FN:14,(anonymous_1)
FN:15,(anonymous_2)
FN:23,(anonymous_3)
FNF:4
FNH:0
FNDA:0,SearchStock
FNDA:0,(anonymous_1)
FNDA:0,(anonymous_2)
FNDA:0,(anonymous_3)
DA:12,0
DA:14,0
DA:15,0
DA:16,0
DA:17,0
DA:19,0
DA:23,0
DA:26,0
DA:40,0
LF:9
LH:0
BRDA:11,0,0,0
BRDA:16,1,0,0
BRDA:16,1,1,0
BRF:3
BRH:0
end_of_record
TN:
SF:components/page/stock-idx/card-stock-idx/index.tsx
FN:29,ListCardStockIdx
FN:38,(anonymous_1)
FN:43,(anonymous_2)
FN:49,(anonymous_3)
FN:56,(anonymous_4)
FN:65,(anonymous_5)
FN:76,(anonymous_6)
FN:82,getDataStockIDX
FN:92,getDataStockIDXPeriod
FN:97,(anonymous_9)
FN:107,(anonymous_10)
FN:112,(anonymous_11)
FN:131,CardStockIdx
FN:136,(anonymous_13)
FN:147,(anonymous_14)
FNF:15
FNH:0
FNDA:0,ListCardStockIdx
FNDA:0,(anonymous_1)
FNDA:0,(anonymous_2)
FNDA:0,(anonymous_3)
FNDA:0,(anonymous_4)
FNDA:0,(anonymous_5)
FNDA:0,(anonymous_6)
FNDA:0,getDataStockIDX
FNDA:0,getDataStockIDXPeriod
FNDA:0,(anonymous_9)
FNDA:0,(anonymous_10)
FNDA:0,(anonymous_11)
FNDA:0,CardStockIdx
FNDA:0,(anonymous_13)
FNDA:0,(anonymous_14)
DA:30,0
DA:31,0
DA:32,0
DA:33,0
DA:34,0
DA:35,0
DA:37,0
DA:40,0
DA:43,0
DA:44,0
DA:45,0
DA:49,0
DA:50,0
DA:51,0
DA:56,0
DA:57,0
DA:58,0
DA:60,0
DA:61,0
DA:63,0
DA:64,0
DA:66,0
DA:69,0
DA:70,0
DA:76,0
DA:77,0
DA:78,0
DA:79,0
DA:83,0
DA:93,0
DA:102,0
DA:108,0
DA:113,0
DA:132,0
DA:133,0
DA:134,0
DA:136,0
DA:137,0
DA:145,0
DA:147,0
DA:205,0
LF:41
LH:0
BRDA:45,0,0,0
BRDA:45,0,1,0
BRDA:57,1,0,0
BRDA:57,1,1,0
BRDA:58,2,0,0
BRDA:58,2,1,0
BRDA:66,3,0,0
BRDA:66,3,1,0
BRDA:106,4,0,0
BRDA:106,4,1,0
BRDA:108,5,0,0
BRDA:108,5,1,0
BRDA:113,6,0,0
BRDA:113,6,1,0
BRDA:132,7,0,0
BRDA:132,7,1,0
BRDA:133,8,0,0
BRDA:133,8,1,0
BRDA:134,9,0,0
BRDA:134,9,1,0
BRF:20
BRH:0
end_of_record
TN:
SF:components/page/stock-idx/card-stock-idx/is-not-found.tsx
FN:6,IsNotFoundStockIDX
FNF:1
FNH:0
FNDA:0,IsNotFoundStockIDX
DA:7,0
LF:1
LH:0
BRF:0
BRH:0
end_of_record
TN:
SF:components/page/stock-idx/card-stock-idx/skeleton.tsx
FN:5,SkeletonStockIDX
FNF:1
FNH:0
FNDA:0,SkeletonStockIDX
DA:6,0
DA:45,0
LF:2
LH:0
BRF:0
BRH:0
end_of_record
TN:
SF:components/page/transaction-by-category/button-disable.tsx
FN:19,ButtonDisableOrEnableCategory
FN:23,(anonymous_1)
FN:27,(anonymous_2)
FN:35,(anonymous_3)
FN:53,(anonymous_4)
FN:77,(anonymous_5)
FNF:6
FNH:0
FNDA:0,ButtonDisableOrEnableCategory
FNDA:0,(anonymous_1)
FNDA:0,(anonymous_2)
FNDA:0,(anonymous_3)
FNDA:0,(anonymous_4)
FNDA:0,(anonymous_5)
DA:20,0
DA:21,0
DA:23,0
DA:24,0
DA:27,0
DA:28,0
DA:36,0
DA:37,0
DA:38,0
DA:46,0
DA:48,0
DA:53,0
DA:77,0
DA:88,0
LF:14
LH:0
BRDA:32,0,0,0
BRDA:32,0,1,0
BRDA:46,1,0,0
BRDA:46,1,1,0
BRDA:63,2,0,0
BRDA:63,2,1,0
BRF:6
BRH:0
end_of_record
TN:
SF:components/page/transaction-by-category/button-more.tsx
FN:18,ButtonMore
FN:21,(anonymous_1)
FN:35,(anonymous_2)
FNF:3
FNH:0
FNDA:0,ButtonMore
FNDA:0,(anonymous_1)
FNDA:0,(anonymous_2)
DA:19,0
DA:21,0
DA:22,0
DA:23,0
DA:33,0
DA:35,0
LF:6
LH:0
BRF:0
BRH:0
end_of_record
TN:
SF:components/page/transactions/card-transaction/card-transaction.tsx
FN:23,CardTransaction
FN:24,(anonymous_1)
FN:51,(anonymous_2)
FNF:3
FNH:0
FNDA:0,CardTransaction
FNDA:0,(anonymous_1)
FNDA:0,(anonymous_2)
DA:24,0
DA:25,0
DA:26,0
DA:35,0
DA:36,0
DA:38,0
DA:40,0
DA:42,0
DA:44,0
DA:46,0
DA:51,0
DA:52,0
DA:66,0
DA:68,0
DA:94,0
LF:15
LH:0
BRDA:25,0,0,0
BRDA:25,0,1,0
BRDA:36,1,0,0
BRDA:36,1,1,0
BRDA:36,1,2,0
BRDA:36,1,3,0
BRDA:36,1,4,0
BRDA:66,2,0,0
BRDA:66,2,1,0
BRDA:85,3,0,0
BRDA:85,3,1,0
BRF:11
BRH:0
end_of_record
TN:
SF:components/page/transactions/card-transaction/list-card-transaction.tsx
FN:21,ListCardTransactions
FN:31,(anonymous_1)
FN:35,(anonymous_2)
FN:50,getRecentTransactions
FN:59,(anonymous_4)
FN:78,(anonymous_5)
FN:82,(anonymous_6)
FNF:7
FNH:0
FNDA:0,ListCardTransactions
FNDA:0,(anonymous_1)
FNDA:0,(anonymous_2)
FNDA:0,getRecentTransactions
FNDA:0,(anonymous_4)
FNDA:0,(anonymous_5)
FNDA:0,(anonymous_6)
DA:22,0
DA:24,0
DA:28,0
DA:29,0
DA:31,0
DA:32,0
DA:35,0
DA:36,0
DA:37,0
DA:38,0
DA:43,0
DA:51,0
DA:60,0
DA:66,0
DA:79,0
DA:83,0
DA:105,0
LF:17
LH:0
BRDA:36,0,0,0
BRDA:36,0,1,0
BRDA:77,1,0,0
BRDA:77,1,1,0
BRDA:79,2,0,0
BRDA:79,2,1,0
BRDA:83,3,0,0
BRDA:83,3,1,0
BRF:8
BRH:0
end_of_record
TN:
SF:components/page/transactions/card-transaction/no-have-transaction.tsx
FN:11,NoHaveTransaction
FN:18,handleSubmit
FN:37,(anonymous_2)
FN:47,(anonymous_3)
FN:52,(anonymous_4)
FNF:5
FNH:0
FNDA:0,NoHaveTransaction
FNDA:0,handleSubmit
FNDA:0,(anonymous_2)
FNDA:0,(anonymous_3)
FNDA:0,(anonymous_4)
DA:12,0
DA:13,0
DA:19,0
DA:20,0
DA:22,0
DA:24,0
DA:27,0
DA:37,0
DA:48,0
DA:52,0
DA:64,0
LF:11
LH:0
BRDA:19,0,0,0
BRDA:19,0,1,0
BRF:2
BRH:0
end_of_record
TN:
SF:components/page/transactions/card-transaction/skeleton.tsx
FN:5,SkeletonCardTransaction
FNF:1
FNH:0
FNDA:0,SkeletonCardTransaction
DA:6,0
DA:25,0
LF:2
LH:0
BRF:0
BRH:0
end_of_record
TN:
SF:components/page/transactions/date-transaction/calendar-list.tsx
FN:29,(anonymous_0)
FN:35,(anonymous_1)
FN:85,(anonymous_2)
FN:117,renderCustomHeader
FNF:4
FNH:0
FNDA:0,(anonymous_0)
FNDA:0,(anonymous_1)
FNDA:0,(anonymous_2)
FNDA:0,renderCustomHeader
DA:8,0
DA:9,0
DA:11,0
DA:29,0
DA:30,0
DA:33,0
DA:34,0
DA:35,0
DA:36,0
DA:37,0
DA:39,0
DA:40,0
DA:41,0
DA:42,0
DA:47,0
DA:48,0
DA:50,0
DA:52,0
DA:53,0
DA:54,0
DA:59,0
DA:60,0
DA:63,0
DA:64,0
DA:66,0
DA:67,0
DA:68,0
DA:69,0
DA:71,0
DA:73,0
DA:78,0
DA:82,0
DA:85,0
DA:86,0
DA:89,0
DA:109,0
DA:118,0
DA:119,0
DA:120,0
DA:129,0
DA:139,0
LF:41
LH:0
BRDA:39,0,0,0
BRDA:39,0,1,0
BRDA:39,1,0,0
BRDA:39,1,1,0
BRDA:39,1,2,0
BRDA:50,2,0,0
BRDA:50,2,1,0
BRDA:66,3,0,0
BRDA:66,3,1,0
BRDA:68,4,0,0
BRDA:68,4,1,0
BRF:11
BRH:0
end_of_record
TN:
SF:components/page/transactions/date-transaction/modal-date-transaction.tsx
FN:33,(anonymous_0)
FN:41,(anonymous_1)
FN:59,(anonymous_2)
FN:63,(anonymous_3)
FN:68,(anonymous_4)
FN:74,(anonymous_5)
FN:78,(anonymous_6)
FN:96,(anonymous_7)
FN:115,(anonymous_8)
FN:122,(anonymous_9)
FN:141,(anonymous_10)
FN:160,(anonymous_11)
FN:179,(anonymous_12)
FNF:13
FNH:0
FNDA:0,(anonymous_0)
FNDA:0,(anonymous_1)
FNDA:0,(anonymous_2)
FNDA:0,(anonymous_3)
FNDA:0,(anonymous_4)
FNDA:0,(anonymous_5)
FNDA:0,(anonymous_6)
FNDA:0,(anonymous_7)
FNDA:0,(anonymous_8)
FNDA:0,(anonymous_9)
FNDA:0,(anonymous_10)
FNDA:0,(anonymous_11)
FNDA:0,(anonymous_12)
DA:33,0
DA:34,0
DA:35,0
DA:37,0
DA:38,0
DA:39,0
DA:41,0
DA:42,0
DA:44,0
DA:45,0
DA:47,0
DA:48,0
DA:50,0
DA:51,0
DA:53,0
DA:54,0
DA:59,0
DA:60,0
DA:63,0
DA:64,0
DA:65,0
DA:68,0
DA:69,0
DA:70,0
DA:74,0
DA:75,0
DA:78,0
DA:79,0
DA:80,0
DA:85,0
DA:86,0
DA:92,0
DA:96,0
DA:97,0
DA:115,0
DA:116,0
DA:123,0
DA:142,0
DA:161,0
DA:179,0
DA:200,0
DA:223,0
LF:42
LH:0
BRDA:42,0,0,0
BRDA:42,0,1,0
BRDA:42,0,2,0
BRDA:42,0,3,0
BRDA:79,1,0,0
BRDA:79,1,1,0
BRDA:79,2,0,0
BRDA:79,2,1,0
BRDA:85,3,0,0
BRDA:85,3,1,0
BRDA:118,4,0,0
BRDA:118,4,1,0
BRDA:134,5,0,0
BRDA:134,5,1,0
BRDA:153,6,0,0
BRDA:153,6,1,0
BRDA:172,7,0,0
BRDA:172,7,1,0
BRF:18
BRH:0
end_of_record
TN:
SF:components/page/transactions/date-transaction/type.ts
FNF:0
FNH:0
LF:0
LH:0
BRF:0
BRH:0
end_of_record
TN:
SF:components/page/transactions/type-transaction/modal-type-transaction.tsx
FN:19,(anonymous_0)
FN:31,(anonymous_1)
FN:35,(anonymous_2)
FN:41,(anonymous_3)
FN:69,(anonymous_4)
FN:74,(anonymous_5)
FNF:6
FNH:0
FNDA:0,(anonymous_0)
FNDA:0,(anonymous_1)
FNDA:0,(anonymous_2)
FNDA:0,(anonymous_3)
FNDA:0,(anonymous_4)
FNDA:0,(anonymous_5)
DA:19,0
DA:25,0
DA:27,0
DA:28,0
DA:31,0
DA:32,0
DA:35,0
DA:36,0
DA:37,0
DA:38,0
DA:41,0
DA:42,0
DA:45,0
DA:70,0
DA:74,0
LF:15
LH:0
BRDA:77,0,0,0
BRDA:77,0,1,0
BRF:2
BRH:0
end_of_record
TN:
SF:components/ui/collapsible.tsx
FN:10,Collapsible
FN:18,(anonymous_1)
FN:18,(anonymous_2)
FNF:3
FNH:0
FNDA:0,Collapsible
FNDA:0,(anonymous_1)
FNDA:0,(anonymous_2)
DA:11,0
DA:12,0
DA:14,0
DA:18,0
DA:35,0
LF:5
LH:0
BRDA:12,0,0,0
BRDA:12,0,1,0
BRDA:24,1,0,0
BRDA:24,1,1,0
BRDA:25,2,0,0
BRDA:25,2,1,0
BRDA:30,3,0,0
BRDA:30,3,1,0
BRF:8
BRH:0
end_of_record
TN:
SF:components/ui/icon-symbol.ios.tsx
FN:4,IconSymbol
FNF:1
FNH:0
FNDA:0,IconSymbol
DA:17,0
LF:1
LH:0
BRDA:6,0,0,0
BRDA:9,1,0,0
BRF:2
BRH:0
end_of_record
TN:
SF:components/ui/icon-symbol.tsx
FN:29,IconSymbol
FNF:1
FNH:0
FNDA:0,IconSymbol
DA:16,0
DA:41,0
LF:2
LH:0
BRDA:31,0,0,0
BRF:1
BRH:0
end_of_record
TN:
SF:constants/environment.ts
FNF:0
FNH:0
DA:1,0
LF:1
LH:0
BRF:0
BRH:0
end_of_record
TN:
SF:constants/theme.ts
FNF:0
FNH:0
DA:8,1
DA:9,1
DA:10,1
DA:11,1
DA:12,1
DA:13,1
DA:14,1
DA:15,1
DA:16,1
DA:17,1
DA:18,1
DA:19,1
DA:20,1
DA:21,1
DA:22,1
DA:24,1
DA:104,1
LF:17
LH:17
BRF:0
BRH:0
end_of_record
TN:
SF:constants/variable.ts
FNF:0
FNH:0
DA:1,0
LF:1
LH:0
BRF:0
BRH:0
end_of_record
TN:
SF:helper/capitalize.ts
FN:1,capitalize
FN:6,(anonymous_1)
FNF:2
FNH:0
FNDA:0,capitalize
FNDA:0,(anonymous_1)
DA:2,0
DA:4,0
DA:7,0
LF:3
LH:0
BRDA:2,0,0,0
BRDA:2,0,1,0
BRDA:7,1,0,0
BRDA:7,1,1,0
BRF:4
BRH:0
end_of_record
TN:
SF:helper/closeOrBidIHSG.ts
FN:1,closeOrBidIHSG
FNF:1
FNH:0
FNDA:0,closeOrBidIHSG
DA:2,0
DA:4,0
DA:5,0
DA:6,0
DA:8,0
DA:9,0
DA:10,0
DA:13,0
DA:14,0
DA:18,0
DA:19,0
DA:22,0
LF:12
LH:0
BRDA:13,0,0,0
BRDA:13,0,1,0
BRDA:13,1,0,0
BRDA:13,1,1,0
BRDA:18,2,0,0
BRDA:18,2,1,0
BRF:6
BRH:0
end_of_record
TN:
SF:helper/format-rupiah.ts
FN:1,(anonymous_0)
FN:21,(anonymous_1)
FNF:2
FNH:0
FNDA:0,(anonymous_0)
FNDA:0,(anonymous_1)
DA:1,0
DA:3,0
DA:4,0
DA:6,0
DA:9,0
DA:10,0
DA:13,0
DA:21,0
DA:22,0
DA:25,0
DA:28,0
DA:31,0
DA:34,0
LF:13
LH:0
BRDA:3,0,0,0
BRDA:3,0,1,0
BRDA:9,1,0,0
BRDA:9,1,1,0
BRDA:22,2,0,0
BRDA:22,2,1,0
BRDA:34,3,0,0
BRDA:34,3,1,0
BRF:8
BRH:0
end_of_record
TN:
SF:helper/formate-date-time.ts
FN:1,formatDateTime
FN:3,(anonymous_1)
FN:19,formatDate
FN:21,(anonymous_3)
FN:32,formatDateTimeVerbose
FN:48,(anonymous_5)
FN:64,formatDateVerbose
FN:80,(anonymous_7)
FNF:8
FNH:0
FNDA:0,formatDateTime
FNDA:0,(anonymous_1)
FNDA:0,formatDate
FNDA:0,(anonymous_3)
FNDA:0,formatDateTimeVerbose
FNDA:0,(anonymous_5)
FNDA:0,formatDateVerbose
FNDA:0,(anonymous_7)
DA:3,0
DA:6,0
DA:8,0
DA:9,0
DA:12,0
DA:13,0
DA:14,0
DA:16,0
DA:21,0
DA:24,0
DA:26,0
DA:27,0
DA:29,0
DA:34,0
DA:36,0
DA:37,0
DA:41,0
DA:42,0
DA:48,0
DA:51,0
DA:52,0
DA:53,0
DA:54,0
DA:57,0
DA:58,0
DA:61,0
DA:66,0
DA:68,0
DA:69,0
DA:73,0
DA:74,0
DA:80,0
DA:83,0
DA:84,0
DA:85,0
DA:86,0
DA:90,0
LF:37
LH:0
BRDA:36,0,0,0
BRDA:36,0,1,0
BRDA:36,1,0,0
BRDA:36,1,1,0
BRDA:68,2,0,0
BRDA:68,2,1,0
BRDA:68,3,0,0
BRDA:68,3,1,0
BRF:8
BRH:0
end_of_record
TN:
SF:helper/greeting.ts
FN:1,(anonymous_0)
FNF:1
FNH:0
FNDA:0,(anonymous_0)
DA:1,0
DA:2,0
DA:4,0
DA:5,0
DA:6,0
DA:7,0
DA:8,0
DA:9,0
DA:10,0
DA:12,0
DA:15,0
DA:16,0
DA:17,0
DA:18,0
DA:19,0
DA:20,0
DA:22,0
LF:17
LH:0
BRDA:1,0,0,0
BRDA:4,1,0,0
BRDA:4,1,1,0
BRDA:5,2,0,0
BRDA:5,2,1,0
BRDA:5,3,0,0
BRDA:5,3,1,0
BRDA:7,4,0,0
BRDA:7,4,1,0
BRDA:7,5,0,0
BRDA:7,5,1,0
BRDA:9,6,0,0
BRDA:9,6,1,0
BRDA:9,7,0,0
BRDA:9,7,1,0
BRDA:15,8,0,0
BRDA:15,8,1,0
BRDA:15,9,0,0
BRDA:15,9,1,0
BRDA:17,10,0,0
BRDA:17,10,1,0
BRDA:17,11,0,0
BRDA:17,11,1,0
BRDA:19,12,0,0
BRDA:19,12,1,0
BRDA:19,13,0,0
BRDA:19,13,1,0
BRF:27
BRH:0
end_of_record
TN:
SF:helper/manipulateImage.ts
FN:3,manipulateImageToWebP
FNF:1
FNH:0
FNDA:0,manipulateImageToWebP
DA:4,0
DA:15,0
LF:2
LH:0
BRF:0
BRH:0
end_of_record
TN:
SF:helper/mapRespStockIdx.ts
FN:26,(anonymous_0)
FN:33,(anonymous_1)
FN:55,(anonymous_2)
FNF:3
FNH:0
FNDA:0,(anonymous_0)
FNDA:0,(anonymous_1)
FNDA:0,(anonymous_2)
DA:26,0
DA:27,0
DA:28,0
DA:29,0
DA:30,0
DA:31,0
DA:33,0
DA:34,0
DA:36,0
DA:37,0
DA:39,0
DA:40,0
DA:42,0
DA:43,0
DA:45,0
DA:46,0
DA:48,0
DA:49,0
DA:51,0
DA:55,0
DA:56,0
DA:57,0
DA:63,0
DA:64,0
DA:65,0
DA:66,0
DA:68,0
DA:71,0
LF:28
LH:0
BRDA:34,0,0,0
BRDA:34,0,1,0
BRDA:34,0,2,0
BRDA:34,0,3,0
BRDA:34,0,4,0
BRDA:34,0,5,0
BRF:6
BRH:0
end_of_record
TN:
SF:helper/mock-data.ts
FNF:0
FNH:0
DA:1,0
DA:24,0
LF:2
LH:0
BRF:0
BRH:0
end_of_record
TN:
SF:helper/month.ts
FN:1,(anonymous_0)
FN:18,(anonymous_1)
FNF:2
FNH:0
FNDA:0,(anonymous_0)
FNDA:0,(anonymous_1)
DA:1,0
DA:2,0
DA:13,0
DA:15,0
DA:18,0
DA:19,0
DA:20,0
LF:7
LH:0
BRDA:1,0,0,0
BRDA:13,1,0,0
BRDA:13,1,1,0
BRF:3
BRH:0
end_of_record
TN:
SF:helper/secure-store.ts
FN:3,getItem
FN:7,setItem
FN:11,deleteItem
FNF:3
FNH:0
FNDA:0,getItem
FNDA:0,setItem
FNDA:0,deleteItem
DA:4,0
DA:8,0
DA:12,0
LF:3
LH:0
BRF:0
BRH:0
end_of_record
TN:
SF:helper/totalByType.ts
FN:3,(anonymous_0)
FN:7,(anonymous_1)
FNF:2
FNH:0
FNDA:0,(anonymous_0)
FNDA:0,(anonymous_1)
DA:3,0
DA:4,0
DA:5,0
DA:7,0
DA:8,0
DA:9,0
DA:12,0
LF:7
LH:0
BRDA:8,0,0,0
BRDA:8,0,1,0
BRDA:9,1,0,0
BRDA:9,1,1,0
BRF:4
BRH:0
end_of_record
TN:
SF:helper/get-pictures/pick-camera-image.tsx
FN:15,(anonymous_0)
FNF:1
FNH:0
FNDA:0,(anonymous_0)
DA:15,0
DA:16,0
DA:17,0
DA:19,0
DA:20,0
DA:21,0
DA:24,0
DA:29,0
DA:30,0
DA:31,0
DA:40,0
DA:42,0
DA:44,0
LF:13
LH:0
BRDA:19,0,0,0
BRDA:19,0,1,0
BRDA:19,1,0,0
BRDA:19,1,1,0
BRDA:29,2,0,0
BRDA:29,2,1,0
BRF:6
BRH:0
end_of_record
TN:
SF:helper/get-pictures/pick-image.tsx
FN:15,(anonymous_0)
FNF:1
FNH:0
FNDA:0,(anonymous_0)
DA:15,0
DA:16,0
DA:18,0
DA:19,0
DA:20,0
DA:23,0
DA:29,0
DA:30,0
DA:31,0
DA:40,0
DA:42,0
DA:48,0
LF:12
LH:0
BRDA:18,0,0,0
BRDA:18,0,1,0
BRDA:29,1,0,0
BRDA:29,1,1,0
BRF:4
BRH:0
end_of_record
TN:
SF:helper/validation/add-spending-validation.ts
FNF:0
FNH:0
DA:11,0
LF:1
LH:0
BRF:0
BRH:0
end_of_record
TN:
SF:helper/validation/login-validation.ts
FNF:0
FNH:0
DA:8,0
LF:1
LH:0
BRF:0
BRH:0
end_of_record
TN:
SF:hooks/use-color-scheme.ts
FNF:0
FNH:0
LF:0
LH:0
BRF:0
BRH:0
end_of_record
TN:
SF:hooks/use-color-scheme.web.ts
FN:7,useColorScheme
FN:10,(anonymous_1)
FNF:2
FNH:0
FNDA:0,useColorScheme
FNDA:0,(anonymous_1)
DA:8,0
DA:10,0
DA:11,0
DA:14,0
DA:16,0
DA:17,0
DA:20,0
LF:7
LH:0
BRDA:16,0,0,0
BRDA:16,0,1,0
BRF:2
BRH:0
end_of_record
TN:
SF:hooks/use-theme-color.ts
FN:9,useThemeColor
FNF:1
FNH:0
FNDA:0,useThemeColor
DA:13,0
DA:14,0
DA:16,0
DA:17,0
DA:19,0
LF:5
LH:0
BRDA:13,0,0,0
BRDA:13,0,1,0
BRDA:16,1,0,0
BRDA:16,1,1,0
BRF:4
BRH:0
end_of_record
TN:
SF:scripts/reset-project.js
FN:48,(anonymous_0)
FN:103,(anonymous_1)
FN:106,(anonymous_2)
FNF:3
FNH:0
FNDA:0,(anonymous_0)
FNDA:0,(anonymous_1)
FNDA:0,(anonymous_2)
DA:9,0
DA:10,0
DA:11,0
DA:13,0
DA:14,0
DA:15,0
DA:16,0
DA:17,0
DA:19,0
DA:36,0
DA:43,0
DA:48,0
DA:49,0
DA:50,0
DA:52,0
DA:53,0
DA:57,0
DA:58,0
DA:59,0
DA:60,0
DA:61,0
DA:62,0
DA:63,0
DA:65,0
DA:66,0
DA:69,0
DA:74,0
DA:75,0
DA:76,0
DA:79,0
DA:80,0
DA:81,0
DA:84,0
DA:85,0
DA:86,0
DA:88,0
DA:89,0
DA:97,0
DA:101,0
DA:104,0
DA:105,0
DA:106,0
DA:108,0
DA:109,0
LF:44
LH:0
BRDA:50,0,0,0
BRDA:50,0,1,0
BRDA:59,1,0,0
BRDA:59,1,1,0
BRDA:60,2,0,0
BRDA:60,2,1,0
BRDA:91,3,0,0
BRDA:91,3,1,0
BRDA:104,4,0,0
BRDA:104,4,1,0
BRDA:105,5,0,0
BRDA:105,5,1,0
BRDA:105,6,0,0
BRDA:105,6,1,0
BRF:14
BRH:0
end_of_record
TN:
SF:service/account/api.ts
FN:6,getAccountGraphQl
FN:34,updateProfileApi
FNF:2
FNH:0
FNDA:0,getAccountGraphQl
FNDA:0,updateProfileApi
DA:7,0
DA:8,0
DA:9,0
DA:22,0
DA:24,0
DA:26,0
DA:35,0
DA:36,0
DA:37,0
DA:38,0
DA:39,0
DA:45,0
DA:55,0
DA:57,0
DA:59,0
LF:15
LH:0
BRDA:38,0,0,0
BRDA:38,0,1,0
BRDA:39,1,0,0
BRDA:39,1,1,0
BRF:4
BRH:0
end_of_record
TN:
SF:service/account/type.ts
FNF:0
FNH:0
LF:0
LH:0
BRF:0
BRH:0
end_of_record
TN:
SF:service/auth/api.ts
FN:9,authAccountWithGoogle
FN:31,refreshToken
FN:43,logoutAuth
FNF:3
FNH:0
FNDA:0,authAccountWithGoogle
FNDA:0,refreshToken
FNDA:0,logoutAuth
DA:10,0
DA:11,0
DA:19,0
DA:21,0
DA:23,0
DA:32,0
DA:40,0
DA:44,0
LF:8
LH:0
BRF:0
BRH:0
end_of_record
TN:
SF:service/auth/handle-token.ts
FN:4,getAccessToken
FN:33,getRefreshToken
FN:54,putAccessRefreshToken
FNF:3
FNH:0
FNDA:0,getAccessToken
FNDA:0,getRefreshToken
FNDA:0,putAccessRefreshToken
DA:5,0
DA:6,0
DA:9,0
DA:10,0
DA:11,0
DA:13,0
DA:15,0
DA:16,0
DA:17,0
DA:19,0
DA:21,0
DA:23,0
DA:24,0
DA:30,0
DA:34,0
DA:35,0
DA:38,0
DA:39,0
DA:40,0
DA:42,0
DA:43,0
DA:44,0
DA:51,0
DA:55,0
DA:56,0
DA:60,0
DA:61,0
DA:63,0
DA:67,0
DA:68,0
LF:30
LH:0
BRDA:9,0,0,0
BRDA:9,0,1,0
BRDA:13,1,0,0
BRDA:13,1,1,0
BRDA:21,2,0,0
BRDA:21,2,1,0
BRDA:21,3,0,0
BRDA:21,3,1,0
BRDA:38,4,0,0
BRDA:38,4,1,0
BRDA:42,5,0,0
BRDA:42,5,1,0
BRDA:61,6,0,0
BRDA:61,6,1,0
BRDA:68,7,0,0
BRDA:68,7,1,0
BRF:16
BRH:0
end_of_record
TN:
SF:service/category-spend/api.ts
FN:6,getCategorySpend
FN:34,addCategorySpend
FN:61,updateStatusCategory
FN:89,updateNameCategory
FNF:4
FNH:0
FNDA:0,getCategorySpend
FNDA:0,addCategorySpend
FNDA:0,updateStatusCategory
FNDA:0,updateNameCategory
DA:7,0
DA:8,0
DA:9,0
DA:22,0
DA:24,0
DA:26,0
DA:35,0
DA:36,0
DA:37,0
DA:49,0
DA:51,0
DA:53,0
DA:62,0
DA:63,0
DA:64,0
DA:77,0
DA:79,0
DA:81,0
DA:90,0
DA:91,0
DA:92,0
DA:105,0
DA:107,0
DA:109,0
LF:24
LH:0
BRF:0
BRH:0
end_of_record
TN:
SF:service/category-spend/type.ts
FNF:0
FNH:0
LF:0
LH:0
BRF:0
BRH:0
end_of_record
TN:
SF:service/gold-price/api.ts
FN:5,ApiGoldAntamPrice
FN:24,ApiGoldPrice
FNF:2
FNH:0
FNDA:0,ApiGoldAntamPrice
FNDA:0,ApiGoldPrice
DA:6,0
DA:7,0
DA:12,0
DA:14,0
DA:16,0
DA:25,0
DA:26,0
DA:31,0
DA:33,0
DA:35,0
LF:10
LH:0
BRF:0
BRH:0
end_of_record
TN:
SF:service/stock-idx/api.ts
FN:6,ApiStockIdx
FNF:1
FNH:0
FNDA:0,ApiStockIdx
DA:7,0
DA:8,0
DA:21,0
DA:23,0
DA:25,0
LF:5
LH:0
BRF:0
BRH:0
end_of_record
TN:
SF:service/transaction/api.ts
FN:6,addTransaction
FN:34,getTransactionGroupByCategory
FN:66,getTransactions
FN:100,getTransactionsByCategory
FN:132,deleteTransaction
FN:156,updateTransactionById
FNF:6
FNH:0
FNDA:0,addTransaction
FNDA:0,getTransactionGroupByCategory
FNDA:0,getTransactions
FNDA:0,getTransactionsByCategory
FNDA:0,deleteTransaction
FNDA:0,updateTransactionById
DA:7,0
DA:8,0
DA:9,0
DA:22,0
DA:24,0
DA:26,0
DA:35,0
DA:36,0
DA:37,0
DA:54,0
DA:56,0
DA:58,0
DA:67,0
DA:68,0
DA:69,0
DA:70,0
DA:71,0
DA:72,0
DA:74,0
DA:88,0
DA:90,0
DA:92,0
DA:101,0
DA:102,0
DA:103,0
DA:120,0
DA:122,0
DA:124,0
DA:133,0
DA:134,0
DA:135,0
DA:144,0
DA:146,0
DA:148,0
DA:164,0
DA:165,0
DA:166,0
DA:183,0
DA:185,0
DA:187,0
LF:40
LH:0
BRDA:70,0,0,0
BRDA:70,0,1,0
BRDA:71,1,0,0
BRDA:71,1,1,0
BRDA:71,2,0,0
BRDA:71,2,1,0
BRF:6
BRH:0
end_of_record
TN:
SF:service/transaction/type.ts
FNF:0
FNH:0
LF:0
LH:0
BRF:0
BRH:0
end_of_record
TN:
SF:states/action.ts
FNF:0
FNH:0
DA:1,1
LF:1
LH:1
BRF:0
BRH:0
end_of_record
TN:
SF:states/index.ts
FNF:0
FNH:0
DA:10,1
DA:25,1
LF:2
LH:2
BRF:0
BRH:0
end_of_record
TN:
SF:states/auth-user/action.ts
FN:13,setAuthUserActionCreator
FN:22,unsetAuthUserActionCreator
FN:31,updateProfileUserActionCreator
FN:43,asyncSignInWithGoogle
FN:44,(anonymous_4)
FN:79,asyncUnsetAuth
FN:80,(anonymous_6)
FN:85,(anonymous_7)
FN:103,asyncUpdateProfileUser
FN:106,(anonymous_9)
FNF:10
FNH:0
FNDA:0,setAuthUserActionCreator
FNDA:0,unsetAuthUserActionCreator
FNDA:0,updateProfileUserActionCreator
FNDA:0,asyncSignInWithGoogle
FNDA:0,(anonymous_4)
FNDA:0,asyncUnsetAuth
FNDA:0,(anonymous_6)
FNDA:0,(anonymous_7)
FNDA:0,asyncUpdateProfileUser
FNDA:0,(anonymous_9)
DA:14,0
DA:23,0
DA:32,0
DA:44,0
DA:45,0
DA:46,0
DA:48,0
DA:49,0
DA:50,0
DA:51,0
DA:52,0
DA:55,0
DA:56,0
DA:62,0
DA:65,0
DA:67,0
DA:69,0
DA:72,0
DA:74,0
DA:80,0
DA:81,0
DA:82,0
DA:84,0
DA:85,0
DA:88,0
DA:89,0
DA:92,0
DA:94,0
DA:96,0
DA:98,0
DA:106,0
DA:107,0
DA:108,0
DA:109,0
DA:110,0
DA:111,0
DA:113,0
DA:115,0
DA:119,0
DA:121,0
DA:123,0
LF:41
LH:0
BRDA:51,0,0,0
BRDA:51,0,1,0
BRDA:110,1,0,0
BRDA:110,1,1,0
BRDA:111,2,0,0
BRDA:111,2,1,0
BRF:6
BRH:0
end_of_record
TN:
SF:states/auth-user/reducer.ts
FN:4,authUserReducer
FNF:1
FNH:1
FNDA:3,authUserReducer
DA:8,3
DA:10,0
DA:12,0
DA:13,0
DA:14,0
DA:15,0
DA:17,0
DA:19,3
LF:8
LH:2
BRDA:5,0,0,3
BRDA:6,1,0,0
BRDA:8,2,0,0
BRDA:8,2,1,0
BRDA:8,2,2,0
BRDA:8,2,3,3
BRDA:13,3,0,0
BRDA:13,3,1,0
BRDA:14,4,0,0
BRDA:14,4,1,0
BRF:10
BRH:2
end_of_record
TN:
SF:states/auth-user/type.ts
FNF:0
FNH:0
LF:0
LH:0
BRF:0
BRH:0
end_of_record
TN:
SF:states/categories-spend/action.ts
FN:7,setCategorySpendCreator
FN:16,addCategorySpendCreator
FN:25,deleteCategorySpendCreator
FN:34,updateNameCategorySpendCreator
FN:44,asyncGetCategorySpend
FN:45,(anonymous_5)
FN:58,asyncAddCategorySpend
FN:61,(anonymous_7)
FN:75,asyncUpdateStatusCategorySpend
FN:78,(anonymous_9)
FN:101,asyncUpdateNameCategorySpend
FN:104,(anonymous_11)
FNF:12
FNH:0
FNDA:0,setCategorySpendCreator
FNDA:0,addCategorySpendCreator
FNDA:0,deleteCategorySpendCreator
FNDA:0,updateNameCategorySpendCreator
FNDA:0,asyncGetCategorySpend
FNDA:0,(anonymous_5)
FNDA:0,asyncAddCategorySpend
FNDA:0,(anonymous_7)
FNDA:0,asyncUpdateStatusCategorySpend
FNDA:0,(anonymous_9)
FNDA:0,asyncUpdateNameCategorySpend
FNDA:0,(anonymous_11)
DA:8,0
DA:17,0
DA:26,0
DA:35,0
DA:45,0
DA:46,0
DA:47,0
DA:48,0
DA:49,0
DA:51,0
DA:53,0
DA:61,0
DA:62,0
DA:63,0
DA:64,0
DA:65,0
DA:66,0
DA:68,0
DA:70,0
DA:78,0
DA:79,0
DA:80,0
DA:81,0
DA:83,0
DA:84,0
DA:89,0
DA:92,0
DA:94,0
DA:96,0
DA:104,0
DA:105,0
DA:106,0
DA:107,0
DA:108,0
DA:109,0
DA:111,0
DA:113,0
LF:37
LH:0
BRDA:83,0,0,0
BRDA:83,0,1,0
BRF:2
BRH:0
end_of_record
TN:
SF:states/categories-spend/reducer.ts
FN:5,categoriesSpendReducer
FN:16,(anonymous_1)
FN:19,(anonymous_2)
FNF:3
FNH:1
FNDA:3,categoriesSpendReducer
FNDA:0,(anonymous_1)
FNDA:0,(anonymous_2)
DA:9,3
DA:11,0
DA:13,0
DA:14,0
DA:16,0
DA:17,0
DA:19,0
DA:20,0
DA:28,3
LF:9
LH:2
BRDA:6,0,0,3
BRDA:7,1,0,0
BRDA:9,2,0,0
BRDA:9,2,1,0
BRDA:9,2,2,0
BRDA:9,2,3,0
BRDA:9,2,4,3
BRDA:20,3,0,0
BRDA:20,3,1,0
BRF:9
BRH:2
end_of_record
TN:
SF:states/categories-spend/type.ts
FNF:0
FNH:0
LF:0
LH:0
BRF:0
BRH:0
end_of_record
TN:
SF:states/gold-antam-price/action.ts
FN:5,AsyncGetAntamGoldPrice
FN:8,(anonymous_1)
FN:12,(anonymous_2)
FN:21,AsyncGetGoldPrice
FN:24,(anonymous_4)
FNF:5
FNH:0
FNDA:0,AsyncGetAntamGoldPrice
FNDA:0,(anonymous_1)
FNDA:0,(anonymous_2)
FNDA:0,AsyncGetGoldPrice
FNDA:0,(anonymous_4)
DA:8,0
DA:9,0
DA:10,0
DA:11,0
DA:12,0
DA:14,0
DA:16,0
DA:24,0
DA:25,0
DA:26,0
DA:27,0
DA:29,0
DA:31,0
DA:33,0
LF:14
LH:0
BRF:0
BRH:0
end_of_record
TN:
SF:states/gold-antam-price/type.ts
FNF:0
FNH:0
LF:0
LH:0
BRF:0
BRH:0
end_of_record
TN:
SF:states/home-refresh/action.ts
FN:3,setHomeRefresh
FN:12,actionHomeRefresh
FN:13,(anonymous_2)
FN:15,(anonymous_3)
FNF:4
FNH:0
FNDA:0,setHomeRefresh
FNDA:0,actionHomeRefresh
FNDA:0,(anonymous_2)
FNDA:0,(anonymous_3)
DA:4,0
DA:13,0
DA:14,0
DA:15,0
DA:16,0
LF:5
LH:0
BRF:0
BRH:0
end_of_record
TN:
SF:states/home-refresh/reducer.ts
FN:4,homeRefreshReducer
FNF:1
FNH:1
FNDA:3,homeRefreshReducer
DA:8,3
DA:10,0
DA:12,3
LF:3
LH:2
BRDA:5,0,0,3
BRDA:6,1,0,0
BRDA:8,2,0,0
BRDA:8,2,1,3
BRF:4
BRH:2
end_of_record
TN:
SF:states/home-refresh/type.ts
FNF:0
FNH:0
LF:0
LH:0
BRF:0
BRH:0
end_of_record
TN:
SF:states/preload/action.ts
FN:6,setPreloadAction
FN:15,asyncPreloadProcess
FN:16,(anonymous_2)
FNF:3
FNH:0
FNDA:0,setPreloadAction
FNDA:0,asyncPreloadProcess
FNDA:0,(anonymous_2)
DA:7,0
DA:16,0
DA:17,0
DA:18,0
DA:19,0
DA:22,0
DA:23,0
DA:25,0
DA:27,0
DA:28,0
LF:10
LH:0
BRF:0
BRH:0
end_of_record
TN:
SF:states/preload/reducer.ts
FN:11,isPreloadReducer
FNF:1
FNH:1
FNDA:3,isPreloadReducer
DA:12,3
DA:14,0
DA:16,3
LF:3
LH:2
BRDA:11,0,0,3
BRDA:11,1,0,0
BRDA:12,2,0,0
BRDA:12,2,1,3
BRF:4
BRH:2
end_of_record
TN:
SF:states/stock-idx/action.ts
FN:4,asyncGetStockIDXPrice
FN:7,(anonymous_1)
FNF:2
FNH:0
FNDA:0,asyncGetStockIDXPrice
FNDA:0,(anonymous_1)
DA:7,0
DA:8,0
DA:9,0
DA:10,0
DA:11,0
DA:12,0
DA:14,0
DA:16,0
LF:8
LH:0
BRF:0
BRH:0
end_of_record
TN:
SF:states/stock-idx/type.ts
FNF:0
FNH:0
LF:0
LH:0
BRF:0
BRH:0
end_of_record
TN:
SF:states/transaction/action.ts
FN:7,setSumerizeTransactionByCategory
FN:17,addSumerizeTransactionByCategoryCreator
FN:26,asyncAddTransaction
FN:29,(anonymous_3)
FN:57,asyncGetTransactionByCategory
FN:60,(anonymous_5)
FN:79,asyncGetTransactions
FN:82,(anonymous_7)
FN:101,asyncGetTransactionsByCategory
FN:104,(anonymous_9)
FN:119,asyncDeleteTransaction
FN:122,(anonymous_11)
FN:136,asyncUpdateTransaction
FN:139,(anonymous_13)
FNF:14
FNH:0
FNDA:0,setSumerizeTransactionByCategory
FNDA:0,addSumerizeTransactionByCategoryCreator
FNDA:0,asyncAddTransaction
FNDA:0,(anonymous_3)
FNDA:0,asyncGetTransactionByCategory
FNDA:0,(anonymous_5)
FNDA:0,asyncGetTransactions
FNDA:0,(anonymous_7)
FNDA:0,asyncGetTransactionsByCategory
FNDA:0,(anonymous_9)
FNDA:0,asyncDeleteTransaction
FNDA:0,(anonymous_11)
FNDA:0,asyncUpdateTransaction
FNDA:0,(anonymous_13)
DA:8,0
DA:18,0
DA:29,0
DA:30,0
DA:31,0
DA:32,0
DA:39,0
DA:40,0
DA:50,0
DA:52,0
DA:60,0
DA:61,0
DA:62,0
DA:63,0
DA:64,0
DA:70,0
DA:72,0
DA:74,0
DA:82,0
DA:83,0
DA:84,0
DA:85,0
DA:92,0
DA:94,0
DA:96,0
DA:104,0
DA:105,0
DA:106,0
DA:107,0
DA:108,0
DA:110,0
DA:112,0
DA:114,0
DA:122,0
DA:123,0
DA:124,0
DA:125,0
DA:127,0
DA:129,0
DA:131,0
DA:139,0
DA:140,0
DA:141,0
DA:142,0
DA:144,0
DA:145,0
DA:155,0
DA:157,0
LF:48
LH:0
BRF:0
BRH:0
end_of_record
TN:
SF:states/transaction/reducer.ts
FN:4,sumTransactionByCategory
FNF:1
FNH:1
FNDA:3,sumTransactionByCategory
DA:11,3
DA:13,0
DA:18,0
DA:23,3
LF:4
LH:2
BRDA:5,0,0,3
BRDA:9,1,0,0
BRDA:11,2,0,0
BRDA:11,2,1,0
BRDA:11,2,2,3
BRF:5
BRH:2
end_of_record
TN:
SF:states/transaction/type.ts
FNF:0
FNH:0
LF:0
LH:0
BRF:0
BRH:0
end_of_record
TN:
SF:states/visible-loading/action.ts
FN:3,setLoading
FNF:1
FNH:0
FNDA:0,setLoading
DA:4,0
LF:1
LH:0
BRF:0
BRH:0
end_of_record
TN:
SF:states/visible-loading/reducer.ts
FN:11,isLoadingReducer
FNF:1
FNH:1
FNDA:3,isLoadingReducer
DA:12,3
DA:14,0
DA:16,3
LF:3
LH:2
BRDA:11,0,0,3
BRDA:11,1,0,0
BRDA:12,2,0,0
BRDA:12,2,1,3
BRF:4
BRH:2
end_of_record
